{"/home/lawrence140/SD/sprint4/SD-proj/client/src/main.jsx": {"path":"/home/lawrence140/SD/sprint4/SD-proj/client/src/main.jsx","all":true,"statementMap":{"0":{"start":{"line":1,"column":0},"end":{"line":1,"column":26}},"1":{"start":{"line":2,"column":0},"end":{"line":2,"column":40}},"2":{"start":{"line":3,"column":0},"end":{"line":3,"column":24}},"3":{"start":{"line":4,"column":0},"end":{"line":4,"column":21}},"4":{"start":{"line":5,"column":0},"end":{"line":5,"column":85}},"7":{"start":{"line":8,"column":0},"end":{"line":8,"column":45}},"8":{"start":{"line":9,"column":0},"end":{"line":9,"column":21}},"9":{"start":{"line":10,"column":0},"end":{"line":10,"column":30}},"10":{"start":{"line":11,"column":0},"end":{"line":11,"column":3}},"11":{"start":{"line":12,"column":0},"end":{"line":12,"column":3}},"13":{"start":{"line":14,"column":0},"end":{"line":14,"column":60}},"14":{"start":{"line":15,"column":0},"end":{"line":15,"column":20}},"15":{"start":{"line":16,"column":0},"end":{"line":16,"column":11}},"16":{"start":{"line":17,"column":0},"end":{"line":17,"column":21}},"17":{"start":{"line":18,"column":0},"end":{"line":18,"column":2}}},"s":{"0":0,"1":0,"2":0,"3":0,"4":0,"7":0,"8":0,"9":0,"10":0,"11":0,"13":0,"14":0,"15":0,"16":0,"17":0},"branchMap":{"0":{"type":"branch","line":1,"loc":{"start":{"line":1,"column":443},"end":{"line":18,"column":-359}},"locations":[{"start":{"line":1,"column":443},"end":{"line":18,"column":-359}}]}},"b":{"0":[0]},"fnMap":{"0":{"name":"(empty-report)","decl":{"start":{"line":1,"column":443},"end":{"line":18,"column":-359}},"loc":{"start":{"line":1,"column":443},"end":{"line":18,"column":-359}},"line":1}},"f":{"0":0}}
,"/home/lawrence140/SD/sprint4/SD-proj/client/src/main.tsx": {"path":"/home/lawrence140/SD/sprint4/SD-proj/client/src/main.tsx","all":true,"statementMap":{"0":{"start":{"line":1,"column":0},"end":{"line":1,"column":26}},"1":{"start":{"line":2,"column":0},"end":{"line":2,"column":40}},"2":{"start":{"line":3,"column":0},"end":{"line":3,"column":28}},"5":{"start":{"line":6,"column":0},"end":{"line":6,"column":91}},"7":{"start":{"line":8,"column":0},"end":{"line":8,"column":77}},"8":{"start":{"line":9,"column":0},"end":{"line":9,"column":46}},"9":{"start":{"line":10,"column":0},"end":{"line":10,"column":42}},"10":{"start":{"line":11,"column":0},"end":{"line":11,"column":40}},"11":{"start":{"line":12,"column":0},"end":{"line":12,"column":40}},"13":{"start":{"line":14,"column":0},"end":{"line":14,"column":61}},"15":{"start":{"line":16,"column":0},"end":{"line":16,"column":52}},"16":{"start":{"line":17,"column":0},"end":{"line":17,"column":63}},"17":{"start":{"line":18,"column":0},"end":{"line":18,"column":76}},"20":{"start":{"line":21,"column":0},"end":{"line":21,"column":16}},"21":{"start":{"line":22,"column":0},"end":{"line":22,"column":103}},"23":{"start":{"line":24,"column":0},"end":{"line":24,"column":21}},"24":{"start":{"line":25,"column":0},"end":{"line":25,"column":75}},"26":{"start":{"line":27,"column":0},"end":{"line":27,"column":62}},"27":{"start":{"line":28,"column":0},"end":{"line":28,"column":3}},"29":{"start":{"line":30,"column":0},"end":{"line":30,"column":10}},"30":{"start":{"line":31,"column":0},"end":{"line":31,"column":18}},"31":{"start":{"line":32,"column":0},"end":{"line":32,"column":75}},"33":{"start":{"line":34,"column":0},"end":{"line":34,"column":29}},"34":{"start":{"line":35,"column":0},"end":{"line":35,"column":25}},"36":{"start":{"line":37,"column":0},"end":{"line":37,"column":14}},"37":{"start":{"line":38,"column":0},"end":{"line":38,"column":40}},"38":{"start":{"line":39,"column":0},"end":{"line":39,"column":51}},"39":{"start":{"line":40,"column":0},"end":{"line":40,"column":91}},"41":{"start":{"line":42,"column":0},"end":{"line":42,"column":17}},"42":{"start":{"line":43,"column":0},"end":{"line":43,"column":26}},"43":{"start":{"line":44,"column":0},"end":{"line":44,"column":21}},"44":{"start":{"line":45,"column":0},"end":{"line":45,"column":61}},"45":{"start":{"line":46,"column":0},"end":{"line":46,"column":26}},"46":{"start":{"line":47,"column":0},"end":{"line":47,"column":31}},"47":{"start":{"line":48,"column":0},"end":{"line":48,"column":27}},"48":{"start":{"line":49,"column":0},"end":{"line":49,"column":27}},"51":{"start":{"line":52,"column":0},"end":{"line":52,"column":39}},"52":{"start":{"line":53,"column":0},"end":{"line":53,"column":28}},"53":{"start":{"line":54,"column":0},"end":{"line":54,"column":17}},"55":{"start":{"line":56,"column":0},"end":{"line":56,"column":12}},"56":{"start":{"line":57,"column":0},"end":{"line":57,"column":55}},"57":{"start":{"line":58,"column":0},"end":{"line":58,"column":16}},"58":{"start":{"line":59,"column":0},"end":{"line":59,"column":15}},"59":{"start":{"line":60,"column":0},"end":{"line":60,"column":20}},"61":{"start":{"line":62,"column":0},"end":{"line":62,"column":1}},"70":{"start":{"line":71,"column":0},"end":{"line":71,"column":19}},"71":{"start":{"line":72,"column":0},"end":{"line":72,"column":74}},"73":{"start":{"line":74,"column":0},"end":{"line":74,"column":26}},"74":{"start":{"line":75,"column":0},"end":{"line":75,"column":63}},"76":{"start":{"line":77,"column":0},"end":{"line":77,"column":8}},"77":{"start":{"line":78,"column":0},"end":{"line":78,"column":7}},"78":{"start":{"line":79,"column":0},"end":{"line":79,"column":55}},"79":{"start":{"line":80,"column":0},"end":{"line":80,"column":44}},"80":{"start":{"line":81,"column":0},"end":{"line":81,"column":21}},"82":{"start":{"line":83,"column":0},"end":{"line":83,"column":15}},"83":{"start":{"line":84,"column":0},"end":{"line":84,"column":22}},"84":{"start":{"line":85,"column":0},"end":{"line":85,"column":6}},"85":{"start":{"line":86,"column":0},"end":{"line":86,"column":53}},"86":{"start":{"line":87,"column":0},"end":{"line":87,"column":19}},"87":{"start":{"line":88,"column":0},"end":{"line":88,"column":75}},"89":{"start":{"line":90,"column":0},"end":{"line":90,"column":85}},"90":{"start":{"line":91,"column":0},"end":{"line":91,"column":3}},"91":{"start":{"line":92,"column":0},"end":{"line":92,"column":1}}},"s":{"0":0,"1":0,"2":0,"5":0,"7":0,"8":0,"9":0,"10":0,"11":0,"13":0,"15":0,"16":0,"17":0,"20":0,"21":0,"23":0,"24":0,"26":0,"27":0,"29":0,"30":0,"31":0,"33":0,"34":0,"36":0,"37":0,"38":0,"39":0,"41":0,"42":0,"43":0,"44":0,"45":0,"46":0,"47":0,"48":0,"51":0,"52":0,"53":0,"55":0,"56":0,"57":0,"58":0,"59":0,"61":0,"70":0,"71":0,"73":0,"74":0,"76":0,"77":0,"78":0,"79":0,"80":0,"82":0,"83":0,"84":0,"85":0,"86":0,"87":0,"89":0,"90":0,"91":0},"branchMap":{"0":{"type":"branch","line":1,"loc":{"start":{"line":1,"column":1133},"end":{"line":92,"column":-1653}},"locations":[{"start":{"line":1,"column":1133},"end":{"line":92,"column":-1653}}]}},"b":{"0":[0]},"fnMap":{"0":{"name":"(empty-report)","decl":{"start":{"line":1,"column":1133},"end":{"line":92,"column":-1653}},"loc":{"start":{"line":1,"column":1133},"end":{"line":92,"column":-1653}},"line":1}},"f":{"0":0}}
,"/home/lawrence140/SD/sprint4/SD-proj/client/src/setupTests.ts": {"path":"/home/lawrence140/SD/sprint4/SD-proj/client/src/setupTests.ts","all":true,"statementMap":{"0":{"start":{"line":1,"column":0},"end":{"line":1,"column":35}},"1":{"start":{"line":2,"column":0},"end":{"line":2,"column":17}},"2":{"start":{"line":3,"column":0},"end":{"line":3,"column":52}},"3":{"start":{"line":4,"column":0},"end":{"line":4,"column":36}},"4":{"start":{"line":5,"column":0},"end":{"line":5,"column":25}},"5":{"start":{"line":6,"column":0},"end":{"line":6,"column":32}},"6":{"start":{"line":7,"column":0},"end":{"line":7,"column":31}},"7":{"start":{"line":8,"column":0},"end":{"line":8,"column":3}},"8":{"start":{"line":9,"column":0},"end":{"line":9,"column":3}}},"s":{"0":0,"1":0,"2":0,"3":0,"4":0,"5":0,"6":0,"7":0,"8":0},"branchMap":{"0":{"type":"branch","line":1,"loc":{"start":{"line":1,"column":0},"end":{"line":9,"column":-46}},"locations":[{"start":{"line":1,"column":0},"end":{"line":9,"column":-46}}]}},"b":{"0":[0]},"fnMap":{"0":{"name":"(empty-report)","decl":{"start":{"line":1,"column":0},"end":{"line":9,"column":-46}},"loc":{"start":{"line":1,"column":0},"end":{"line":9,"column":-46}},"line":1}},"f":{"0":0}}
,"/home/lawrence140/SD/sprint4/SD-proj/client/src/components/filesystem/BasicFileSystem.tsx": {"path":"/home/lawrence140/SD/sprint4/SD-proj/client/src/components/filesystem/BasicFileSystem.tsx","all":true,"statementMap":{"0":{"start":{"line":1,"column":0},"end":{"line":1,"column":114}},"1":{"start":{"line":2,"column":0},"end":{"line":2,"column":56}},"6":{"start":{"line":7,"column":0},"end":{"line":7,"column":50}},"8":{"start":{"line":9,"column":0},"end":{"line":9,"column":55}},"9":{"start":{"line":10,"column":0},"end":{"line":10,"column":59}},"10":{"start":{"line":11,"column":0},"end":{"line":11,"column":55}},"11":{"start":{"line":12,"column":0},"end":{"line":12,"column":61}},"12":{"start":{"line":13,"column":0},"end":{"line":13,"column":43}},"13":{"start":{"line":14,"column":0},"end":{"line":14,"column":85}},"15":{"start":{"line":16,"column":0},"end":{"line":16,"column":55}},"17":{"start":{"line":18,"column":0},"end":{"line":18,"column":35}},"18":{"start":{"line":19,"column":0},"end":{"line":19,"column":61}},"19":{"start":{"line":20,"column":0},"end":{"line":20,"column":49}},"20":{"start":{"line":21,"column":0},"end":{"line":21,"column":71}},"21":{"start":{"line":22,"column":0},"end":{"line":22,"column":70}},"23":{"start":{"line":24,"column":0},"end":{"line":24,"column":73}},"25":{"start":{"line":26,"column":0},"end":{"line":26,"column":50}},"29":{"start":{"line":30,"column":0},"end":{"line":30,"column":63}},"32":{"start":{"line":33,"column":0},"end":{"line":33,"column":40}},"34":{"start":{"line":35,"column":0},"end":{"line":35,"column":58}},"36":{"start":{"line":37,"column":0},"end":{"line":37,"column":33}},"46":{"start":{"line":47,"column":0},"end":{"line":47,"column":75}},"48":{"start":{"line":49,"column":0},"end":{"line":49,"column":54}},"50":{"start":{"line":51,"column":0},"end":{"line":51,"column":53}},"51":{"start":{"line":52,"column":0},"end":{"line":52,"column":61}},"52":{"start":{"line":53,"column":0},"end":{"line":53,"column":117}},"53":{"start":{"line":54,"column":0},"end":{"line":54,"column":61}},"54":{"start":{"line":55,"column":0},"end":{"line":55,"column":61}},"55":{"start":{"line":56,"column":0},"end":{"line":56,"column":99}},"56":{"start":{"line":57,"column":0},"end":{"line":57,"column":105}},"57":{"start":{"line":58,"column":0},"end":{"line":58,"column":94}},"59":{"start":{"line":60,"column":0},"end":{"line":60,"column":81}},"60":{"start":{"line":61,"column":0},"end":{"line":61,"column":70}},"63":{"start":{"line":64,"column":0},"end":{"line":64,"column":78}},"64":{"start":{"line":65,"column":0},"end":{"line":65,"column":103}},"67":{"start":{"line":68,"column":0},"end":{"line":68,"column":67}},"68":{"start":{"line":69,"column":0},"end":{"line":69,"column":73}},"69":{"start":{"line":70,"column":0},"end":{"line":70,"column":71}},"71":{"start":{"line":72,"column":0},"end":{"line":72,"column":102}},"72":{"start":{"line":73,"column":0},"end":{"line":73,"column":92}},"75":{"start":{"line":76,"column":0},"end":{"line":76,"column":88}},"76":{"start":{"line":77,"column":0},"end":{"line":77,"column":81}},"77":{"start":{"line":78,"column":0},"end":{"line":78,"column":78}},"80":{"start":{"line":81,"column":0},"end":{"line":81,"column":58}},"81":{"start":{"line":82,"column":0},"end":{"line":82,"column":75}},"84":{"start":{"line":85,"column":0},"end":{"line":85,"column":78}},"87":{"start":{"line":88,"column":0},"end":{"line":88,"column":134}},"90":{"start":{"line":91,"column":0},"end":{"line":91,"column":73}},"91":{"start":{"line":92,"column":0},"end":{"line":92,"column":69}},"94":{"start":{"line":95,"column":0},"end":{"line":95,"column":108}},"97":{"start":{"line":98,"column":0},"end":{"line":98,"column":69}},"98":{"start":{"line":99,"column":0},"end":{"line":99,"column":65}},"99":{"start":{"line":100,"column":0},"end":{"line":100,"column":109}},"102":{"start":{"line":103,"column":0},"end":{"line":103,"column":83}},"105":{"start":{"line":106,"column":0},"end":{"line":106,"column":51}},"109":{"start":{"line":110,"column":0},"end":{"line":110,"column":68}},"110":{"start":{"line":111,"column":0},"end":{"line":111,"column":64}},"111":{"start":{"line":112,"column":0},"end":{"line":112,"column":62}},"115":{"start":{"line":116,"column":0},"end":{"line":116,"column":81}},"117":{"start":{"line":118,"column":0},"end":{"line":118,"column":95}},"118":{"start":{"line":119,"column":0},"end":{"line":119,"column":95}},"121":{"start":{"line":122,"column":0},"end":{"line":122,"column":64}},"124":{"start":{"line":125,"column":0},"end":{"line":125,"column":53}},"125":{"start":{"line":126,"column":0},"end":{"line":126,"column":53}},"127":{"start":{"line":128,"column":0},"end":{"line":128,"column":31}},"128":{"start":{"line":129,"column":0},"end":{"line":129,"column":4}},"130":{"start":{"line":131,"column":0},"end":{"line":131,"column":57}},"131":{"start":{"line":132,"column":0},"end":{"line":132,"column":23}},"132":{"start":{"line":133,"column":0},"end":{"line":133,"column":45}},"133":{"start":{"line":134,"column":0},"end":{"line":134,"column":53}},"134":{"start":{"line":135,"column":0},"end":{"line":135,"column":9}},"135":{"start":{"line":136,"column":0},"end":{"line":136,"column":67}},"140":{"start":{"line":141,"column":0},"end":{"line":141,"column":29}},"141":{"start":{"line":142,"column":0},"end":{"line":142,"column":24}},"142":{"start":{"line":143,"column":0},"end":{"line":143,"column":50}},"143":{"start":{"line":144,"column":0},"end":{"line":144,"column":71}},"144":{"start":{"line":145,"column":0},"end":{"line":145,"column":48}},"145":{"start":{"line":146,"column":0},"end":{"line":146,"column":65}},"147":{"start":{"line":148,"column":0},"end":{"line":148,"column":19}},"149":{"start":{"line":150,"column":0},"end":{"line":150,"column":15}},"150":{"start":{"line":151,"column":0},"end":{"line":151,"column":26}},"151":{"start":{"line":152,"column":0},"end":{"line":152,"column":5}},"152":{"start":{"line":153,"column":0},"end":{"line":153,"column":9}},"154":{"start":{"line":155,"column":0},"end":{"line":155,"column":19}},"155":{"start":{"line":156,"column":0},"end":{"line":156,"column":27}},"156":{"start":{"line":157,"column":0},"end":{"line":157,"column":31}},"159":{"start":{"line":160,"column":0},"end":{"line":160,"column":83}},"160":{"start":{"line":161,"column":0},"end":{"line":161,"column":41}},"161":{"start":{"line":162,"column":0},"end":{"line":162,"column":22}},"163":{"start":{"line":164,"column":0},"end":{"line":164,"column":72}},"164":{"start":{"line":165,"column":0},"end":{"line":165,"column":26}},"165":{"start":{"line":166,"column":0},"end":{"line":166,"column":33}},"168":{"start":{"line":169,"column":0},"end":{"line":169,"column":28}},"169":{"start":{"line":170,"column":0},"end":{"line":170,"column":4}},"174":{"start":{"line":175,"column":0},"end":{"line":175,"column":124}},"175":{"start":{"line":176,"column":0},"end":{"line":176,"column":25}},"176":{"start":{"line":177,"column":0},"end":{"line":177,"column":21}},"177":{"start":{"line":178,"column":0},"end":{"line":178,"column":31}},"178":{"start":{"line":179,"column":0},"end":{"line":179,"column":106}},"180":{"start":{"line":181,"column":0},"end":{"line":181,"column":11}},"181":{"start":{"line":182,"column":0},"end":{"line":182,"column":33}},"182":{"start":{"line":183,"column":0},"end":{"line":183,"column":76}},"184":{"start":{"line":185,"column":0},"end":{"line":185,"column":26}},"186":{"start":{"line":187,"column":0},"end":{"line":187,"column":58}},"187":{"start":{"line":188,"column":0},"end":{"line":188,"column":57}},"190":{"start":{"line":191,"column":0},"end":{"line":191,"column":66}},"191":{"start":{"line":192,"column":0},"end":{"line":192,"column":68}},"192":{"start":{"line":193,"column":0},"end":{"line":193,"column":16}},"193":{"start":{"line":194,"column":0},"end":{"line":194,"column":75}},"196":{"start":{"line":197,"column":0},"end":{"line":197,"column":75}},"197":{"start":{"line":198,"column":0},"end":{"line":198,"column":51}},"200":{"start":{"line":201,"column":0},"end":{"line":201,"column":78}},"201":{"start":{"line":202,"column":0},"end":{"line":202,"column":134}},"203":{"start":{"line":204,"column":0},"end":{"line":204,"column":32}},"204":{"start":{"line":205,"column":0},"end":{"line":205,"column":23}},"206":{"start":{"line":207,"column":0},"end":{"line":207,"column":58}},"209":{"start":{"line":210,"column":0},"end":{"line":210,"column":87}},"212":{"start":{"line":213,"column":0},"end":{"line":213,"column":102}},"213":{"start":{"line":214,"column":0},"end":{"line":214,"column":96}},"217":{"start":{"line":218,"column":0},"end":{"line":218,"column":69}},"219":{"start":{"line":220,"column":0},"end":{"line":220,"column":43}},"220":{"start":{"line":221,"column":0},"end":{"line":221,"column":111}},"221":{"start":{"line":222,"column":0},"end":{"line":222,"column":48}},"222":{"start":{"line":223,"column":0},"end":{"line":223,"column":90}},"224":{"start":{"line":225,"column":0},"end":{"line":225,"column":57}},"226":{"start":{"line":227,"column":0},"end":{"line":227,"column":55}},"227":{"start":{"line":228,"column":0},"end":{"line":228,"column":59}},"228":{"start":{"line":229,"column":0},"end":{"line":229,"column":87}},"230":{"start":{"line":231,"column":0},"end":{"line":231,"column":138}},"231":{"start":{"line":232,"column":0},"end":{"line":232,"column":65}},"232":{"start":{"line":233,"column":0},"end":{"line":233,"column":51}},"233":{"start":{"line":234,"column":0},"end":{"line":234,"column":23}},"236":{"start":{"line":237,"column":0},"end":{"line":237,"column":58}},"237":{"start":{"line":238,"column":0},"end":{"line":238,"column":69}},"238":{"start":{"line":239,"column":0},"end":{"line":239,"column":74}},"239":{"start":{"line":240,"column":0},"end":{"line":240,"column":143}},"240":{"start":{"line":241,"column":0},"end":{"line":241,"column":30}},"241":{"start":{"line":242,"column":0},"end":{"line":242,"column":107}},"242":{"start":{"line":243,"column":0},"end":{"line":243,"column":23}},"243":{"start":{"line":244,"column":0},"end":{"line":244,"column":19}},"244":{"start":{"line":245,"column":0},"end":{"line":245,"column":22}},"247":{"start":{"line":248,"column":0},"end":{"line":248,"column":104}},"248":{"start":{"line":249,"column":0},"end":{"line":249,"column":109}},"249":{"start":{"line":250,"column":0},"end":{"line":250,"column":15}},"250":{"start":{"line":251,"column":0},"end":{"line":251,"column":18}},"252":{"start":{"line":253,"column":0},"end":{"line":253,"column":26}},"253":{"start":{"line":254,"column":0},"end":{"line":254,"column":71}},"254":{"start":{"line":255,"column":0},"end":{"line":255,"column":15}},"255":{"start":{"line":256,"column":0},"end":{"line":256,"column":107}},"256":{"start":{"line":257,"column":0},"end":{"line":257,"column":98}},"257":{"start":{"line":258,"column":0},"end":{"line":258,"column":79}},"258":{"start":{"line":259,"column":0},"end":{"line":259,"column":111}},"259":{"start":{"line":260,"column":0},"end":{"line":260,"column":105}},"260":{"start":{"line":261,"column":0},"end":{"line":261,"column":15}},"261":{"start":{"line":262,"column":0},"end":{"line":262,"column":96}},"262":{"start":{"line":263,"column":0},"end":{"line":263,"column":91}},"264":{"start":{"line":265,"column":0},"end":{"line":265,"column":11}},"267":{"start":{"line":268,"column":0},"end":{"line":268,"column":37}},"270":{"start":{"line":271,"column":0},"end":{"line":271,"column":59}},"271":{"start":{"line":272,"column":0},"end":{"line":272,"column":52}},"272":{"start":{"line":273,"column":0},"end":{"line":273,"column":84}},"273":{"start":{"line":274,"column":0},"end":{"line":274,"column":45}},"274":{"start":{"line":275,"column":0},"end":{"line":275,"column":85}},"275":{"start":{"line":276,"column":0},"end":{"line":276,"column":12}},"277":{"start":{"line":278,"column":0},"end":{"line":278,"column":75}},"278":{"start":{"line":279,"column":0},"end":{"line":279,"column":67}},"279":{"start":{"line":280,"column":0},"end":{"line":280,"column":97}},"280":{"start":{"line":281,"column":0},"end":{"line":281,"column":43}},"281":{"start":{"line":282,"column":0},"end":{"line":282,"column":18}},"283":{"start":{"line":284,"column":0},"end":{"line":284,"column":46}},"284":{"start":{"line":285,"column":0},"end":{"line":285,"column":103}},"288":{"start":{"line":289,"column":0},"end":{"line":289,"column":97}},"289":{"start":{"line":290,"column":0},"end":{"line":290,"column":11}},"293":{"start":{"line":294,"column":0},"end":{"line":294,"column":40}},"294":{"start":{"line":295,"column":0},"end":{"line":295,"column":32}},"295":{"start":{"line":296,"column":0},"end":{"line":296,"column":39}},"297":{"start":{"line":298,"column":0},"end":{"line":298,"column":26}},"298":{"start":{"line":299,"column":0},"end":{"line":299,"column":99}},"299":{"start":{"line":300,"column":0},"end":{"line":300,"column":75}},"300":{"start":{"line":301,"column":0},"end":{"line":301,"column":79}},"301":{"start":{"line":302,"column":0},"end":{"line":302,"column":59}},"302":{"start":{"line":303,"column":0},"end":{"line":303,"column":17}},"303":{"start":{"line":304,"column":0},"end":{"line":304,"column":30}},"304":{"start":{"line":305,"column":0},"end":{"line":305,"column":7}},"305":{"start":{"line":306,"column":0},"end":{"line":306,"column":4}},"308":{"start":{"line":309,"column":0},"end":{"line":309,"column":90}},"309":{"start":{"line":310,"column":0},"end":{"line":310,"column":37}},"310":{"start":{"line":311,"column":0},"end":{"line":311,"column":47}},"316":{"start":{"line":317,"column":0},"end":{"line":317,"column":26}},"317":{"start":{"line":318,"column":0},"end":{"line":318,"column":40}},"318":{"start":{"line":319,"column":0},"end":{"line":319,"column":7}},"321":{"start":{"line":322,"column":0},"end":{"line":322,"column":34}},"322":{"start":{"line":323,"column":0},"end":{"line":323,"column":47}},"323":{"start":{"line":324,"column":0},"end":{"line":324,"column":7}},"326":{"start":{"line":327,"column":0},"end":{"line":327,"column":38}},"327":{"start":{"line":328,"column":0},"end":{"line":328,"column":51}},"328":{"start":{"line":329,"column":0},"end":{"line":329,"column":7}},"331":{"start":{"line":332,"column":0},"end":{"line":332,"column":38}},"332":{"start":{"line":333,"column":0},"end":{"line":333,"column":51}},"333":{"start":{"line":334,"column":0},"end":{"line":334,"column":7}},"336":{"start":{"line":337,"column":0},"end":{"line":337,"column":32}},"337":{"start":{"line":338,"column":0},"end":{"line":338,"column":46}},"338":{"start":{"line":339,"column":0},"end":{"line":339,"column":7}},"341":{"start":{"line":342,"column":0},"end":{"line":342,"column":23}},"342":{"start":{"line":343,"column":0},"end":{"line":343,"column":37}},"343":{"start":{"line":344,"column":0},"end":{"line":344,"column":7}},"346":{"start":{"line":347,"column":0},"end":{"line":347,"column":38}},"348":{"start":{"line":349,"column":0},"end":{"line":349,"column":95}},"349":{"start":{"line":350,"column":0},"end":{"line":350,"column":42}},"350":{"start":{"line":351,"column":0},"end":{"line":351,"column":61}},"351":{"start":{"line":352,"column":0},"end":{"line":352,"column":41}},"352":{"start":{"line":353,"column":0},"end":{"line":353,"column":39}},"353":{"start":{"line":354,"column":0},"end":{"line":354,"column":7}},"356":{"start":{"line":357,"column":0},"end":{"line":357,"column":35}},"357":{"start":{"line":358,"column":0},"end":{"line":358,"column":26}},"358":{"start":{"line":359,"column":0},"end":{"line":359,"column":7}},"361":{"start":{"line":362,"column":0},"end":{"line":362,"column":54}},"362":{"start":{"line":363,"column":0},"end":{"line":363,"column":4}},"365":{"start":{"line":366,"column":0},"end":{"line":366,"column":75}},"366":{"start":{"line":367,"column":0},"end":{"line":367,"column":64}},"368":{"start":{"line":369,"column":0},"end":{"line":369,"column":11}},"370":{"start":{"line":371,"column":0},"end":{"line":371,"column":53}},"371":{"start":{"line":372,"column":0},"end":{"line":372,"column":23}},"372":{"start":{"line":373,"column":0},"end":{"line":373,"column":91}},"374":{"start":{"line":375,"column":0},"end":{"line":375,"column":59}},"375":{"start":{"line":376,"column":0},"end":{"line":376,"column":7}},"376":{"start":{"line":377,"column":0},"end":{"line":377,"column":4}},"379":{"start":{"line":380,"column":0},"end":{"line":380,"column":82}},"380":{"start":{"line":381,"column":0},"end":{"line":381,"column":64}},"382":{"start":{"line":383,"column":0},"end":{"line":383,"column":11}},"385":{"start":{"line":386,"column":0},"end":{"line":386,"column":36}},"386":{"start":{"line":387,"column":0},"end":{"line":387,"column":28}},"387":{"start":{"line":388,"column":0},"end":{"line":388,"column":30}},"388":{"start":{"line":389,"column":0},"end":{"line":389,"column":31}},"389":{"start":{"line":390,"column":0},"end":{"line":390,"column":34}},"390":{"start":{"line":391,"column":0},"end":{"line":391,"column":34}},"391":{"start":{"line":392,"column":0},"end":{"line":392,"column":25}},"392":{"start":{"line":393,"column":0},"end":{"line":393,"column":29}},"393":{"start":{"line":394,"column":0},"end":{"line":394,"column":12}},"396":{"start":{"line":397,"column":0},"end":{"line":397,"column":65}},"397":{"start":{"line":398,"column":0},"end":{"line":398,"column":64}},"398":{"start":{"line":399,"column":0},"end":{"line":399,"column":12}},"400":{"start":{"line":401,"column":0},"end":{"line":401,"column":34}},"401":{"start":{"line":402,"column":0},"end":{"line":402,"column":137}},"402":{"start":{"line":403,"column":0},"end":{"line":403,"column":21}},"403":{"start":{"line":404,"column":0},"end":{"line":404,"column":11}},"406":{"start":{"line":407,"column":0},"end":{"line":407,"column":67}},"407":{"start":{"line":408,"column":0},"end":{"line":408,"column":35}},"408":{"start":{"line":409,"column":0},"end":{"line":409,"column":120}},"409":{"start":{"line":410,"column":0},"end":{"line":410,"column":58}},"412":{"start":{"line":413,"column":0},"end":{"line":413,"column":54}},"413":{"start":{"line":414,"column":0},"end":{"line":414,"column":76}},"414":{"start":{"line":415,"column":0},"end":{"line":415,"column":64}},"415":{"start":{"line":416,"column":0},"end":{"line":416,"column":15}},"416":{"start":{"line":417,"column":0},"end":{"line":417,"column":18}},"417":{"start":{"line":418,"column":0},"end":{"line":418,"column":119}},"418":{"start":{"line":419,"column":0},"end":{"line":419,"column":11}},"419":{"start":{"line":420,"column":0},"end":{"line":420,"column":23}},"420":{"start":{"line":421,"column":0},"end":{"line":421,"column":100}},"421":{"start":{"line":422,"column":0},"end":{"line":422,"column":7}},"422":{"start":{"line":423,"column":0},"end":{"line":423,"column":4}},"425":{"start":{"line":426,"column":0},"end":{"line":426,"column":96}},"426":{"start":{"line":427,"column":0},"end":{"line":427,"column":27}},"428":{"start":{"line":429,"column":0},"end":{"line":429,"column":61}},"429":{"start":{"line":430,"column":0},"end":{"line":430,"column":13}},"431":{"start":{"line":432,"column":0},"end":{"line":432,"column":32}},"432":{"start":{"line":433,"column":0},"end":{"line":433,"column":41}},"433":{"start":{"line":434,"column":0},"end":{"line":434,"column":13}},"436":{"start":{"line":437,"column":0},"end":{"line":437,"column":120}},"439":{"start":{"line":440,"column":0},"end":{"line":440,"column":78}},"442":{"start":{"line":443,"column":0},"end":{"line":443,"column":17}},"445":{"start":{"line":446,"column":0},"end":{"line":446,"column":111}},"446":{"start":{"line":447,"column":0},"end":{"line":447,"column":36}},"447":{"start":{"line":448,"column":0},"end":{"line":448,"column":88}},"449":{"start":{"line":450,"column":0},"end":{"line":450,"column":13}},"451":{"start":{"line":452,"column":0},"end":{"line":452,"column":37}},"452":{"start":{"line":453,"column":0},"end":{"line":453,"column":25}},"453":{"start":{"line":454,"column":0},"end":{"line":454,"column":30}},"456":{"start":{"line":457,"column":0},"end":{"line":457,"column":88}},"457":{"start":{"line":458,"column":0},"end":{"line":458,"column":32}},"458":{"start":{"line":459,"column":0},"end":{"line":459,"column":48}},"459":{"start":{"line":460,"column":0},"end":{"line":460,"column":59}},"460":{"start":{"line":461,"column":0},"end":{"line":461,"column":64}},"461":{"start":{"line":462,"column":0},"end":{"line":462,"column":73}},"462":{"start":{"line":463,"column":0},"end":{"line":463,"column":64}},"463":{"start":{"line":464,"column":0},"end":{"line":464,"column":55}},"465":{"start":{"line":466,"column":0},"end":{"line":466,"column":57}},"466":{"start":{"line":467,"column":0},"end":{"line":467,"column":91}},"467":{"start":{"line":468,"column":0},"end":{"line":468,"column":13}},"469":{"start":{"line":470,"column":0},"end":{"line":470,"column":104}},"470":{"start":{"line":471,"column":0},"end":{"line":471,"column":9}},"471":{"start":{"line":472,"column":0},"end":{"line":472,"column":5}},"474":{"start":{"line":475,"column":0},"end":{"line":475,"column":139}},"475":{"start":{"line":476,"column":0},"end":{"line":476,"column":2}},"481":{"start":{"line":482,"column":0},"end":{"line":482,"column":58}},"482":{"start":{"line":483,"column":0},"end":{"line":483,"column":68}},"483":{"start":{"line":484,"column":0},"end":{"line":484,"column":30}},"485":{"start":{"line":486,"column":0},"end":{"line":486,"column":37}},"486":{"start":{"line":487,"column":0},"end":{"line":487,"column":29}},"487":{"start":{"line":488,"column":0},"end":{"line":488,"column":4}},"490":{"start":{"line":491,"column":0},"end":{"line":491,"column":37}},"491":{"start":{"line":492,"column":0},"end":{"line":492,"column":30}},"493":{"start":{"line":494,"column":0},"end":{"line":494,"column":43}},"495":{"start":{"line":496,"column":0},"end":{"line":496,"column":63}},"496":{"start":{"line":497,"column":0},"end":{"line":497,"column":70}},"497":{"start":{"line":498,"column":0},"end":{"line":498,"column":69}},"500":{"start":{"line":501,"column":0},"end":{"line":501,"column":49}},"501":{"start":{"line":502,"column":0},"end":{"line":502,"column":58}},"502":{"start":{"line":503,"column":0},"end":{"line":503,"column":44}},"503":{"start":{"line":504,"column":0},"end":{"line":504,"column":45}},"504":{"start":{"line":505,"column":0},"end":{"line":505,"column":6}},"506":{"start":{"line":507,"column":0},"end":{"line":507,"column":19}},"507":{"start":{"line":508,"column":0},"end":{"line":508,"column":59}},"508":{"start":{"line":509,"column":0},"end":{"line":509,"column":23}},"509":{"start":{"line":510,"column":0},"end":{"line":510,"column":25}},"510":{"start":{"line":511,"column":0},"end":{"line":511,"column":38}},"512":{"start":{"line":513,"column":0},"end":{"line":513,"column":43}},"513":{"start":{"line":514,"column":0},"end":{"line":514,"column":11}},"514":{"start":{"line":515,"column":0},"end":{"line":515,"column":53}},"515":{"start":{"line":516,"column":0},"end":{"line":516,"column":23}},"516":{"start":{"line":517,"column":0},"end":{"line":517,"column":26}},"517":{"start":{"line":518,"column":0},"end":{"line":518,"column":60}},"518":{"start":{"line":519,"column":0},"end":{"line":519,"column":73}},"519":{"start":{"line":520,"column":0},"end":{"line":520,"column":86}},"520":{"start":{"line":521,"column":0},"end":{"line":521,"column":7}},"521":{"start":{"line":522,"column":0},"end":{"line":522,"column":5}},"523":{"start":{"line":524,"column":0},"end":{"line":524,"column":32}},"524":{"start":{"line":525,"column":0},"end":{"line":525,"column":25}},"527":{"start":{"line":528,"column":0},"end":{"line":528,"column":9}},"528":{"start":{"line":529,"column":0},"end":{"line":529,"column":31}},"530":{"start":{"line":531,"column":0},"end":{"line":531,"column":96}},"531":{"start":{"line":532,"column":0},"end":{"line":532,"column":45}},"532":{"start":{"line":533,"column":0},"end":{"line":533,"column":79}},"534":{"start":{"line":535,"column":0},"end":{"line":535,"column":94}},"535":{"start":{"line":536,"column":0},"end":{"line":536,"column":114}},"536":{"start":{"line":537,"column":0},"end":{"line":537,"column":35}},"537":{"start":{"line":538,"column":0},"end":{"line":538,"column":14}},"539":{"start":{"line":540,"column":0},"end":{"line":540,"column":77}},"540":{"start":{"line":541,"column":0},"end":{"line":541,"column":37}},"541":{"start":{"line":542,"column":0},"end":{"line":542,"column":7}},"542":{"start":{"line":543,"column":0},"end":{"line":543,"column":19}},"543":{"start":{"line":544,"column":0},"end":{"line":544,"column":76}},"545":{"start":{"line":546,"column":0},"end":{"line":546,"column":35}},"546":{"start":{"line":547,"column":0},"end":{"line":547,"column":5}},"548":{"start":{"line":549,"column":0},"end":{"line":549,"column":24}},"550":{"start":{"line":551,"column":0},"end":{"line":551,"column":35}},"551":{"start":{"line":552,"column":0},"end":{"line":552,"column":117}},"552":{"start":{"line":553,"column":0},"end":{"line":553,"column":34}},"553":{"start":{"line":554,"column":0},"end":{"line":554,"column":69}},"554":{"start":{"line":555,"column":0},"end":{"line":555,"column":5}},"555":{"start":{"line":556,"column":0},"end":{"line":556,"column":4}},"558":{"start":{"line":559,"column":0},"end":{"line":559,"column":73}},"560":{"start":{"line":561,"column":0},"end":{"line":561,"column":43}},"562":{"start":{"line":563,"column":0},"end":{"line":563,"column":48}},"565":{"start":{"line":566,"column":0},"end":{"line":566,"column":62}},"567":{"start":{"line":568,"column":0},"end":{"line":568,"column":19}},"568":{"start":{"line":569,"column":0},"end":{"line":569,"column":7}},"569":{"start":{"line":570,"column":0},"end":{"line":570,"column":4}},"572":{"start":{"line":573,"column":0},"end":{"line":573,"column":71}},"574":{"start":{"line":575,"column":0},"end":{"line":575,"column":38}},"577":{"start":{"line":578,"column":0},"end":{"line":578,"column":68}},"580":{"start":{"line":581,"column":0},"end":{"line":581,"column":45}},"583":{"start":{"line":584,"column":0},"end":{"line":584,"column":53}},"584":{"start":{"line":585,"column":0},"end":{"line":585,"column":55}},"587":{"start":{"line":588,"column":0},"end":{"line":588,"column":47}},"588":{"start":{"line":589,"column":0},"end":{"line":589,"column":67}},"589":{"start":{"line":590,"column":0},"end":{"line":590,"column":24}},"590":{"start":{"line":591,"column":0},"end":{"line":591,"column":7}},"591":{"start":{"line":592,"column":0},"end":{"line":592,"column":5}},"594":{"start":{"line":595,"column":0},"end":{"line":595,"column":14}},"595":{"start":{"line":596,"column":0},"end":{"line":596,"column":4}},"597":{"start":{"line":598,"column":0},"end":{"line":598,"column":40}},"598":{"start":{"line":599,"column":0},"end":{"line":599,"column":25}},"599":{"start":{"line":600,"column":0},"end":{"line":600,"column":4}},"601":{"start":{"line":602,"column":0},"end":{"line":602,"column":28}},"602":{"start":{"line":603,"column":0},"end":{"line":603,"column":29}},"603":{"start":{"line":604,"column":0},"end":{"line":604,"column":41}},"604":{"start":{"line":605,"column":0},"end":{"line":605,"column":16}},"605":{"start":{"line":606,"column":0},"end":{"line":606,"column":32}},"606":{"start":{"line":607,"column":0},"end":{"line":607,"column":4}},"609":{"start":{"line":610,"column":0},"end":{"line":610,"column":96}},"611":{"start":{"line":612,"column":0},"end":{"line":612,"column":77}},"612":{"start":{"line":613,"column":0},"end":{"line":613,"column":80}},"613":{"start":{"line":614,"column":0},"end":{"line":614,"column":25}},"614":{"start":{"line":615,"column":0},"end":{"line":615,"column":13}},"615":{"start":{"line":616,"column":0},"end":{"line":616,"column":5}},"617":{"start":{"line":618,"column":0},"end":{"line":618,"column":26}},"619":{"start":{"line":620,"column":0},"end":{"line":620,"column":40}},"620":{"start":{"line":621,"column":0},"end":{"line":621,"column":50}},"621":{"start":{"line":622,"column":0},"end":{"line":622,"column":25}},"622":{"start":{"line":623,"column":0},"end":{"line":623,"column":36}},"623":{"start":{"line":624,"column":0},"end":{"line":624,"column":83}},"624":{"start":{"line":625,"column":0},"end":{"line":625,"column":16}},"625":{"start":{"line":626,"column":0},"end":{"line":626,"column":39}},"626":{"start":{"line":627,"column":0},"end":{"line":627,"column":87}},"627":{"start":{"line":628,"column":0},"end":{"line":628,"column":9}},"628":{"start":{"line":629,"column":0},"end":{"line":629,"column":27}},"629":{"start":{"line":630,"column":0},"end":{"line":630,"column":9}},"630":{"start":{"line":631,"column":0},"end":{"line":631,"column":12}},"632":{"start":{"line":633,"column":0},"end":{"line":633,"column":23}},"634":{"start":{"line":635,"column":0},"end":{"line":635,"column":46}},"635":{"start":{"line":636,"column":0},"end":{"line":636,"column":77}},"636":{"start":{"line":637,"column":0},"end":{"line":637,"column":14}},"638":{"start":{"line":639,"column":0},"end":{"line":639,"column":42}},"639":{"start":{"line":640,"column":0},"end":{"line":640,"column":52}},"640":{"start":{"line":641,"column":0},"end":{"line":641,"column":39}},"641":{"start":{"line":642,"column":0},"end":{"line":642,"column":76}},"642":{"start":{"line":643,"column":0},"end":{"line":643,"column":29}},"643":{"start":{"line":644,"column":0},"end":{"line":644,"column":11}},"644":{"start":{"line":645,"column":0},"end":{"line":645,"column":7}},"645":{"start":{"line":646,"column":0},"end":{"line":646,"column":5}},"646":{"start":{"line":647,"column":0},"end":{"line":647,"column":4}},"650":{"start":{"line":651,"column":0},"end":{"line":651,"column":76}},"651":{"start":{"line":652,"column":0},"end":{"line":652,"column":38}},"652":{"start":{"line":653,"column":0},"end":{"line":653,"column":48}},"653":{"start":{"line":654,"column":0},"end":{"line":654,"column":23}},"654":{"start":{"line":655,"column":0},"end":{"line":655,"column":34}},"655":{"start":{"line":656,"column":0},"end":{"line":656,"column":77}},"656":{"start":{"line":657,"column":0},"end":{"line":657,"column":14}},"657":{"start":{"line":658,"column":0},"end":{"line":658,"column":37}},"658":{"start":{"line":659,"column":0},"end":{"line":659,"column":81}},"659":{"start":{"line":660,"column":0},"end":{"line":660,"column":7}},"660":{"start":{"line":661,"column":0},"end":{"line":661,"column":25}},"661":{"start":{"line":662,"column":0},"end":{"line":662,"column":7}},"662":{"start":{"line":663,"column":0},"end":{"line":663,"column":4}},"666":{"start":{"line":667,"column":0},"end":{"line":667,"column":51}},"667":{"start":{"line":668,"column":0},"end":{"line":668,"column":20}},"669":{"start":{"line":670,"column":0},"end":{"line":670,"column":110}},"670":{"start":{"line":671,"column":0},"end":{"line":671,"column":33}},"671":{"start":{"line":672,"column":0},"end":{"line":672,"column":61}},"672":{"start":{"line":673,"column":0},"end":{"line":673,"column":12}},"673":{"start":{"line":674,"column":0},"end":{"line":674,"column":34}},"674":{"start":{"line":675,"column":0},"end":{"line":675,"column":55}},"675":{"start":{"line":676,"column":0},"end":{"line":676,"column":5}},"676":{"start":{"line":677,"column":0},"end":{"line":677,"column":4}},"680":{"start":{"line":681,"column":0},"end":{"line":681,"column":19}},"681":{"start":{"line":682,"column":0},"end":{"line":682,"column":32}},"682":{"start":{"line":683,"column":0},"end":{"line":683,"column":20}},"685":{"start":{"line":686,"column":0},"end":{"line":686,"column":53}},"686":{"start":{"line":687,"column":0},"end":{"line":687,"column":27}},"687":{"start":{"line":688,"column":0},"end":{"line":688,"column":28}},"688":{"start":{"line":689,"column":0},"end":{"line":689,"column":12}},"689":{"start":{"line":690,"column":0},"end":{"line":690,"column":53}},"690":{"start":{"line":691,"column":0},"end":{"line":691,"column":73}},"691":{"start":{"line":692,"column":0},"end":{"line":692,"column":5}},"692":{"start":{"line":693,"column":0},"end":{"line":693,"column":4}},"695":{"start":{"line":696,"column":0},"end":{"line":696,"column":34}},"696":{"start":{"line":697,"column":0},"end":{"line":697,"column":70}},"697":{"start":{"line":698,"column":0},"end":{"line":698,"column":4}},"700":{"start":{"line":701,"column":0},"end":{"line":701,"column":44}},"701":{"start":{"line":702,"column":0},"end":{"line":702,"column":41}},"704":{"start":{"line":705,"column":0},"end":{"line":705,"column":80}},"705":{"start":{"line":706,"column":0},"end":{"line":706,"column":39}},"706":{"start":{"line":707,"column":0},"end":{"line":707,"column":29}},"707":{"start":{"line":708,"column":0},"end":{"line":708,"column":4}},"708":{"start":{"line":709,"column":0},"end":{"line":709,"column":49}},"709":{"start":{"line":710,"column":0},"end":{"line":710,"column":81}},"711":{"start":{"line":712,"column":0},"end":{"line":712,"column":81}},"712":{"start":{"line":713,"column":0},"end":{"line":713,"column":23}},"713":{"start":{"line":714,"column":0},"end":{"line":714,"column":44}},"714":{"start":{"line":715,"column":0},"end":{"line":715,"column":9}},"716":{"start":{"line":717,"column":0},"end":{"line":717,"column":69}},"718":{"start":{"line":719,"column":0},"end":{"line":719,"column":24}},"719":{"start":{"line":720,"column":0},"end":{"line":720,"column":49}},"720":{"start":{"line":721,"column":0},"end":{"line":721,"column":71}},"721":{"start":{"line":722,"column":0},"end":{"line":722,"column":68}},"722":{"start":{"line":723,"column":0},"end":{"line":723,"column":15}},"723":{"start":{"line":724,"column":0},"end":{"line":724,"column":26}},"724":{"start":{"line":725,"column":0},"end":{"line":725,"column":5}},"725":{"start":{"line":726,"column":0},"end":{"line":726,"column":4}},"729":{"start":{"line":730,"column":0},"end":{"line":730,"column":33}},"730":{"start":{"line":731,"column":0},"end":{"line":731,"column":41}},"731":{"start":{"line":732,"column":0},"end":{"line":732,"column":78}},"732":{"start":{"line":733,"column":0},"end":{"line":733,"column":78}},"733":{"start":{"line":734,"column":0},"end":{"line":734,"column":48}},"734":{"start":{"line":735,"column":0},"end":{"line":735,"column":53}},"736":{"start":{"line":737,"column":0},"end":{"line":737,"column":4}},"737":{"start":{"line":738,"column":0},"end":{"line":738,"column":41}},"738":{"start":{"line":739,"column":0},"end":{"line":739,"column":63}},"740":{"start":{"line":741,"column":0},"end":{"line":741,"column":46}},"741":{"start":{"line":742,"column":0},"end":{"line":742,"column":108}},"744":{"start":{"line":745,"column":0},"end":{"line":745,"column":48}},"745":{"start":{"line":746,"column":0},"end":{"line":746,"column":65}},"746":{"start":{"line":747,"column":0},"end":{"line":747,"column":72}},"747":{"start":{"line":748,"column":0},"end":{"line":748,"column":19}},"748":{"start":{"line":749,"column":0},"end":{"line":749,"column":9}},"750":{"start":{"line":751,"column":0},"end":{"line":751,"column":65}},"751":{"start":{"line":752,"column":0},"end":{"line":752,"column":62}},"754":{"start":{"line":755,"column":0},"end":{"line":755,"column":20}},"755":{"start":{"line":756,"column":0},"end":{"line":756,"column":9}},"756":{"start":{"line":757,"column":0},"end":{"line":757,"column":5}},"758":{"start":{"line":759,"column":0},"end":{"line":759,"column":23}},"759":{"start":{"line":760,"column":0},"end":{"line":760,"column":19}},"760":{"start":{"line":761,"column":0},"end":{"line":761,"column":9}},"761":{"start":{"line":762,"column":0},"end":{"line":762,"column":81}},"762":{"start":{"line":763,"column":0},"end":{"line":763,"column":82}},"764":{"start":{"line":765,"column":0},"end":{"line":765,"column":30}},"765":{"start":{"line":766,"column":0},"end":{"line":766,"column":29}},"766":{"start":{"line":767,"column":0},"end":{"line":767,"column":75}},"767":{"start":{"line":768,"column":0},"end":{"line":768,"column":51}},"768":{"start":{"line":769,"column":0},"end":{"line":769,"column":24}},"769":{"start":{"line":770,"column":0},"end":{"line":770,"column":51}},"770":{"start":{"line":771,"column":0},"end":{"line":771,"column":71}},"771":{"start":{"line":772,"column":0},"end":{"line":772,"column":60}},"775":{"start":{"line":776,"column":0},"end":{"line":776,"column":15}},"776":{"start":{"line":777,"column":0},"end":{"line":777,"column":26}},"777":{"start":{"line":778,"column":0},"end":{"line":778,"column":5}},"778":{"start":{"line":779,"column":0},"end":{"line":779,"column":4}},"780":{"start":{"line":781,"column":0},"end":{"line":781,"column":34}},"781":{"start":{"line":782,"column":0},"end":{"line":782,"column":53}},"782":{"start":{"line":783,"column":0},"end":{"line":783,"column":27}},"783":{"start":{"line":784,"column":0},"end":{"line":784,"column":28}},"785":{"start":{"line":786,"column":0},"end":{"line":786,"column":32}},"786":{"start":{"line":787,"column":0},"end":{"line":787,"column":4}},"790":{"start":{"line":791,"column":0},"end":{"line":791,"column":36}},"791":{"start":{"line":792,"column":0},"end":{"line":792,"column":41}},"792":{"start":{"line":793,"column":0},"end":{"line":793,"column":68}},"793":{"start":{"line":794,"column":0},"end":{"line":794,"column":50}},"795":{"start":{"line":796,"column":0},"end":{"line":796,"column":27}},"796":{"start":{"line":797,"column":0},"end":{"line":797,"column":28}},"798":{"start":{"line":799,"column":0},"end":{"line":799,"column":51}},"799":{"start":{"line":800,"column":0},"end":{"line":800,"column":4}},"801":{"start":{"line":802,"column":0},"end":{"line":802,"column":41}},"802":{"start":{"line":803,"column":0},"end":{"line":803,"column":39}},"803":{"start":{"line":804,"column":0},"end":{"line":804,"column":47}},"804":{"start":{"line":805,"column":0},"end":{"line":805,"column":13}},"805":{"start":{"line":806,"column":0},"end":{"line":806,"column":5}},"807":{"start":{"line":808,"column":0},"end":{"line":808,"column":46}},"808":{"start":{"line":809,"column":0},"end":{"line":809,"column":43}},"809":{"start":{"line":810,"column":0},"end":{"line":810,"column":29}},"810":{"start":{"line":811,"column":0},"end":{"line":811,"column":103}},"813":{"start":{"line":814,"column":0},"end":{"line":814,"column":46}},"814":{"start":{"line":815,"column":0},"end":{"line":815,"column":65}},"815":{"start":{"line":816,"column":0},"end":{"line":816,"column":80}},"816":{"start":{"line":817,"column":0},"end":{"line":817,"column":19}},"817":{"start":{"line":818,"column":0},"end":{"line":818,"column":9}},"818":{"start":{"line":819,"column":0},"end":{"line":819,"column":5}},"820":{"start":{"line":821,"column":0},"end":{"line":821,"column":23}},"821":{"start":{"line":822,"column":0},"end":{"line":822,"column":19}},"822":{"start":{"line":823,"column":0},"end":{"line":823,"column":9}},"823":{"start":{"line":824,"column":0},"end":{"line":824,"column":79}},"824":{"start":{"line":825,"column":0},"end":{"line":825,"column":81}},"826":{"start":{"line":827,"column":0},"end":{"line":827,"column":29}},"828":{"start":{"line":829,"column":0},"end":{"line":829,"column":51}},"829":{"start":{"line":830,"column":0},"end":{"line":830,"column":24}},"830":{"start":{"line":831,"column":0},"end":{"line":831,"column":57}},"831":{"start":{"line":832,"column":0},"end":{"line":832,"column":71}},"832":{"start":{"line":833,"column":0},"end":{"line":833,"column":61}},"833":{"start":{"line":834,"column":0},"end":{"line":834,"column":15}},"834":{"start":{"line":835,"column":0},"end":{"line":835,"column":26}},"835":{"start":{"line":836,"column":0},"end":{"line":836,"column":5}},"836":{"start":{"line":837,"column":0},"end":{"line":837,"column":4}},"840":{"start":{"line":841,"column":0},"end":{"line":841,"column":73}},"841":{"start":{"line":842,"column":0},"end":{"line":842,"column":51}},"842":{"start":{"line":843,"column":0},"end":{"line":843,"column":33}},"844":{"start":{"line":845,"column":0},"end":{"line":845,"column":46}},"847":{"start":{"line":848,"column":0},"end":{"line":848,"column":4}},"849":{"start":{"line":850,"column":0},"end":{"line":850,"column":31}},"851":{"start":{"line":852,"column":0},"end":{"line":852,"column":40}},"852":{"start":{"line":853,"column":0},"end":{"line":853,"column":29}},"853":{"start":{"line":854,"column":0},"end":{"line":854,"column":51}},"854":{"start":{"line":855,"column":0},"end":{"line":855,"column":4}},"856":{"start":{"line":857,"column":0},"end":{"line":857,"column":74}},"857":{"start":{"line":858,"column":0},"end":{"line":858,"column":58}},"858":{"start":{"line":859,"column":0},"end":{"line":859,"column":43}},"859":{"start":{"line":860,"column":0},"end":{"line":860,"column":38}},"860":{"start":{"line":861,"column":0},"end":{"line":861,"column":70}},"861":{"start":{"line":862,"column":0},"end":{"line":862,"column":5}},"862":{"start":{"line":863,"column":0},"end":{"line":863,"column":4}},"864":{"start":{"line":865,"column":0},"end":{"line":865,"column":75}},"865":{"start":{"line":866,"column":0},"end":{"line":866,"column":27}},"867":{"start":{"line":868,"column":0},"end":{"line":868,"column":62}},"868":{"start":{"line":869,"column":0},"end":{"line":869,"column":68}},"869":{"start":{"line":870,"column":0},"end":{"line":870,"column":36}},"870":{"start":{"line":871,"column":0},"end":{"line":871,"column":5}},"871":{"start":{"line":872,"column":0},"end":{"line":872,"column":4}},"873":{"start":{"line":874,"column":0},"end":{"line":874,"column":75}},"874":{"start":{"line":875,"column":0},"end":{"line":875,"column":27}},"876":{"start":{"line":877,"column":0},"end":{"line":877,"column":54}},"877":{"start":{"line":878,"column":0},"end":{"line":878,"column":55}},"878":{"start":{"line":879,"column":0},"end":{"line":879,"column":42}},"879":{"start":{"line":880,"column":0},"end":{"line":880,"column":91}},"880":{"start":{"line":881,"column":0},"end":{"line":881,"column":9}},"881":{"start":{"line":882,"column":0},"end":{"line":882,"column":5}},"882":{"start":{"line":883,"column":0},"end":{"line":883,"column":4}},"884":{"start":{"line":885,"column":0},"end":{"line":885,"column":82}},"885":{"start":{"line":886,"column":0},"end":{"line":886,"column":27}},"886":{"start":{"line":887,"column":0},"end":{"line":887,"column":51}},"888":{"start":{"line":889,"column":0},"end":{"line":889,"column":27}},"889":{"start":{"line":890,"column":0},"end":{"line":890,"column":57}},"890":{"start":{"line":891,"column":0},"end":{"line":891,"column":13}},"891":{"start":{"line":892,"column":0},"end":{"line":892,"column":5}},"893":{"start":{"line":894,"column":0},"end":{"line":894,"column":47}},"894":{"start":{"line":895,"column":0},"end":{"line":895,"column":59}},"895":{"start":{"line":896,"column":0},"end":{"line":896,"column":51}},"896":{"start":{"line":897,"column":0},"end":{"line":897,"column":13}},"897":{"start":{"line":898,"column":0},"end":{"line":898,"column":5}},"900":{"start":{"line":901,"column":0},"end":{"line":901,"column":61}},"901":{"start":{"line":902,"column":0},"end":{"line":902,"column":76}},"902":{"start":{"line":903,"column":0},"end":{"line":903,"column":76}},"903":{"start":{"line":904,"column":0},"end":{"line":904,"column":53}},"904":{"start":{"line":905,"column":0},"end":{"line":905,"column":15}},"905":{"start":{"line":906,"column":0},"end":{"line":906,"column":5}},"907":{"start":{"line":908,"column":0},"end":{"line":908,"column":96}},"909":{"start":{"line":910,"column":0},"end":{"line":910,"column":9}},"910":{"start":{"line":911,"column":0},"end":{"line":911,"column":47}},"911":{"start":{"line":912,"column":0},"end":{"line":912,"column":21}},"912":{"start":{"line":913,"column":0},"end":{"line":913,"column":74}},"913":{"start":{"line":914,"column":0},"end":{"line":914,"column":83}},"914":{"start":{"line":915,"column":0},"end":{"line":915,"column":73}},"915":{"start":{"line":916,"column":0},"end":{"line":916,"column":24}},"916":{"start":{"line":917,"column":0},"end":{"line":917,"column":41}},"917":{"start":{"line":918,"column":0},"end":{"line":918,"column":71}},"918":{"start":{"line":919,"column":0},"end":{"line":919,"column":60}},"919":{"start":{"line":920,"column":0},"end":{"line":920,"column":15}},"920":{"start":{"line":921,"column":0},"end":{"line":921,"column":26}},"921":{"start":{"line":922,"column":0},"end":{"line":922,"column":81}},"922":{"start":{"line":923,"column":0},"end":{"line":923,"column":5}},"924":{"start":{"line":925,"column":0},"end":{"line":925,"column":4}},"928":{"start":{"line":929,"column":0},"end":{"line":929,"column":35}},"929":{"start":{"line":930,"column":0},"end":{"line":930,"column":92}},"930":{"start":{"line":931,"column":0},"end":{"line":931,"column":46}},"931":{"start":{"line":932,"column":0},"end":{"line":932,"column":55}},"932":{"start":{"line":933,"column":0},"end":{"line":933,"column":26}},"933":{"start":{"line":934,"column":0},"end":{"line":934,"column":91}},"934":{"start":{"line":935,"column":0},"end":{"line":935,"column":72}},"936":{"start":{"line":937,"column":0},"end":{"line":937,"column":27}},"937":{"start":{"line":938,"column":0},"end":{"line":938,"column":28}},"938":{"start":{"line":939,"column":0},"end":{"line":939,"column":27}},"939":{"start":{"line":940,"column":0},"end":{"line":940,"column":4}},"941":{"start":{"line":942,"column":0},"end":{"line":942,"column":80}},"942":{"start":{"line":943,"column":0},"end":{"line":943,"column":64}},"943":{"start":{"line":944,"column":0},"end":{"line":944,"column":67}},"944":{"start":{"line":945,"column":0},"end":{"line":945,"column":13}},"945":{"start":{"line":946,"column":0},"end":{"line":946,"column":5}},"947":{"start":{"line":948,"column":0},"end":{"line":948,"column":32}},"948":{"start":{"line":949,"column":0},"end":{"line":949,"column":56}},"950":{"start":{"line":951,"column":0},"end":{"line":951,"column":15}},"951":{"start":{"line":952,"column":0},"end":{"line":952,"column":5}},"953":{"start":{"line":954,"column":0},"end":{"line":954,"column":49}},"956":{"start":{"line":957,"column":0},"end":{"line":957,"column":76}},"959":{"start":{"line":960,"column":0},"end":{"line":960,"column":81}},"961":{"start":{"line":962,"column":0},"end":{"line":962,"column":23}},"962":{"start":{"line":963,"column":0},"end":{"line":963,"column":19}},"963":{"start":{"line":964,"column":0},"end":{"line":964,"column":9}},"964":{"start":{"line":965,"column":0},"end":{"line":965,"column":64}},"965":{"start":{"line":966,"column":0},"end":{"line":966,"column":65}},"966":{"start":{"line":967,"column":0},"end":{"line":967,"column":48}},"967":{"start":{"line":968,"column":0},"end":{"line":968,"column":25}},"968":{"start":{"line":969,"column":0},"end":{"line":969,"column":51}},"969":{"start":{"line":970,"column":0},"end":{"line":970,"column":24}},"970":{"start":{"line":971,"column":0},"end":{"line":971,"column":45}},"971":{"start":{"line":972,"column":0},"end":{"line":972,"column":71}},"972":{"start":{"line":973,"column":0},"end":{"line":973,"column":62}},"973":{"start":{"line":974,"column":0},"end":{"line":974,"column":28}},"974":{"start":{"line":975,"column":0},"end":{"line":975,"column":25}},"975":{"start":{"line":976,"column":0},"end":{"line":976,"column":15}},"976":{"start":{"line":977,"column":0},"end":{"line":977,"column":26}},"977":{"start":{"line":978,"column":0},"end":{"line":978,"column":5}},"978":{"start":{"line":979,"column":0},"end":{"line":979,"column":4}},"980":{"start":{"line":981,"column":0},"end":{"line":981,"column":36}},"981":{"start":{"line":982,"column":0},"end":{"line":982,"column":47}},"982":{"start":{"line":983,"column":0},"end":{"line":983,"column":26}},"983":{"start":{"line":984,"column":0},"end":{"line":984,"column":23}},"984":{"start":{"line":985,"column":0},"end":{"line":985,"column":4}},"988":{"start":{"line":989,"column":0},"end":{"line":989,"column":60}},"989":{"start":{"line":990,"column":0},"end":{"line":990,"column":44}},"990":{"start":{"line":991,"column":0},"end":{"line":991,"column":40}},"991":{"start":{"line":992,"column":0},"end":{"line":992,"column":5}},"993":{"start":{"line":994,"column":0},"end":{"line":994,"column":35}},"994":{"start":{"line":995,"column":0},"end":{"line":995,"column":57}},"995":{"start":{"line":996,"column":0},"end":{"line":996,"column":13}},"996":{"start":{"line":997,"column":0},"end":{"line":997,"column":5}},"998":{"start":{"line":999,"column":0},"end":{"line":999,"column":84}},"999":{"start":{"line":1000,"column":0},"end":{"line":1000,"column":76}},"1001":{"start":{"line":1002,"column":0},"end":{"line":1002,"column":23}},"1002":{"start":{"line":1003,"column":0},"end":{"line":1003,"column":19}},"1003":{"start":{"line":1004,"column":0},"end":{"line":1004,"column":9}},"1004":{"start":{"line":1005,"column":0},"end":{"line":1005,"column":61}},"1005":{"start":{"line":1006,"column":0},"end":{"line":1006,"column":72}},"1006":{"start":{"line":1007,"column":0},"end":{"line":1007,"column":51}},"1007":{"start":{"line":1008,"column":0},"end":{"line":1008,"column":24}},"1008":{"start":{"line":1009,"column":0},"end":{"line":1009,"column":52}},"1009":{"start":{"line":1010,"column":0},"end":{"line":1010,"column":71}},"1010":{"start":{"line":1011,"column":0},"end":{"line":1011,"column":69}},"1011":{"start":{"line":1012,"column":0},"end":{"line":1012,"column":15}},"1012":{"start":{"line":1013,"column":0},"end":{"line":1013,"column":26}},"1013":{"start":{"line":1014,"column":0},"end":{"line":1014,"column":5}},"1014":{"start":{"line":1015,"column":0},"end":{"line":1015,"column":4}},"1018":{"start":{"line":1019,"column":0},"end":{"line":1019,"column":74}},"1019":{"start":{"line":1020,"column":0},"end":{"line":1020,"column":27}},"1021":{"start":{"line":1022,"column":0},"end":{"line":1022,"column":45}},"1023":{"start":{"line":1024,"column":0},"end":{"line":1024,"column":57}},"1024":{"start":{"line":1025,"column":0},"end":{"line":1025,"column":10}},"1025":{"start":{"line":1026,"column":0},"end":{"line":1026,"column":12}},"1026":{"start":{"line":1027,"column":0},"end":{"line":1027,"column":54}},"1027":{"start":{"line":1028,"column":0},"end":{"line":1028,"column":28}},"1028":{"start":{"line":1029,"column":0},"end":{"line":1029,"column":28}},"1029":{"start":{"line":1030,"column":0},"end":{"line":1030,"column":38}},"1031":{"start":{"line":1032,"column":0},"end":{"line":1032,"column":19}},"1032":{"start":{"line":1033,"column":0},"end":{"line":1033,"column":7}},"1033":{"start":{"line":1034,"column":0},"end":{"line":1034,"column":7}},"1034":{"start":{"line":1035,"column":0},"end":{"line":1035,"column":4}},"1036":{"start":{"line":1037,"column":0},"end":{"line":1037,"column":55}},"1037":{"start":{"line":1038,"column":0},"end":{"line":1038,"column":67}},"1038":{"start":{"line":1039,"column":0},"end":{"line":1039,"column":20}},"1039":{"start":{"line":1040,"column":0},"end":{"line":1040,"column":79}},"1040":{"start":{"line":1041,"column":0},"end":{"line":1041,"column":13}},"1041":{"start":{"line":1042,"column":0},"end":{"line":1042,"column":5}},"1042":{"start":{"line":1043,"column":0},"end":{"line":1043,"column":44}},"1043":{"start":{"line":1044,"column":0},"end":{"line":1044,"column":122}},"1045":{"start":{"line":1046,"column":0},"end":{"line":1046,"column":22}},"1047":{"start":{"line":1048,"column":0},"end":{"line":1048,"column":101}},"1048":{"start":{"line":1049,"column":0},"end":{"line":1049,"column":25}},"1049":{"start":{"line":1050,"column":0},"end":{"line":1050,"column":11}},"1050":{"start":{"line":1051,"column":0},"end":{"line":1051,"column":83}},"1051":{"start":{"line":1052,"column":0},"end":{"line":1052,"column":104}},"1052":{"start":{"line":1053,"column":0},"end":{"line":1053,"column":26}},"1053":{"start":{"line":1054,"column":0},"end":{"line":1054,"column":103}},"1054":{"start":{"line":1055,"column":0},"end":{"line":1055,"column":75}},"1055":{"start":{"line":1056,"column":0},"end":{"line":1056,"column":57}},"1056":{"start":{"line":1057,"column":0},"end":{"line":1057,"column":17}},"1057":{"start":{"line":1058,"column":0},"end":{"line":1058,"column":30}},"1058":{"start":{"line":1059,"column":0},"end":{"line":1059,"column":7}},"1060":{"start":{"line":1061,"column":0},"end":{"line":1061,"column":12}},"1062":{"start":{"line":1063,"column":0},"end":{"line":1063,"column":102}},"1064":{"start":{"line":1065,"column":0},"end":{"line":1065,"column":11}},"1065":{"start":{"line":1066,"column":0},"end":{"line":1066,"column":71}},"1066":{"start":{"line":1067,"column":0},"end":{"line":1067,"column":98}},"1067":{"start":{"line":1068,"column":0},"end":{"line":1068,"column":75}},"1068":{"start":{"line":1069,"column":0},"end":{"line":1069,"column":26}},"1069":{"start":{"line":1070,"column":0},"end":{"line":1070,"column":104}},"1070":{"start":{"line":1071,"column":0},"end":{"line":1071,"column":75}},"1071":{"start":{"line":1072,"column":0},"end":{"line":1072,"column":72}},"1072":{"start":{"line":1073,"column":0},"end":{"line":1073,"column":17}},"1074":{"start":{"line":1075,"column":0},"end":{"line":1075,"column":7}},"1076":{"start":{"line":1077,"column":0},"end":{"line":1077,"column":5}},"1077":{"start":{"line":1078,"column":0},"end":{"line":1078,"column":4}},"1079":{"start":{"line":1080,"column":0},"end":{"line":1080,"column":57}},"1080":{"start":{"line":1081,"column":0},"end":{"line":1081,"column":44}},"1081":{"start":{"line":1082,"column":0},"end":{"line":1082,"column":26}},"1082":{"start":{"line":1083,"column":0},"end":{"line":1083,"column":67}},"1085":{"start":{"line":1086,"column":0},"end":{"line":1086,"column":33}},"1086":{"start":{"line":1087,"column":0},"end":{"line":1087,"column":29}},"1087":{"start":{"line":1088,"column":0},"end":{"line":1088,"column":28}},"1088":{"start":{"line":1089,"column":0},"end":{"line":1089,"column":9}},"1089":{"start":{"line":1090,"column":0},"end":{"line":1090,"column":84}},"1090":{"start":{"line":1091,"column":0},"end":{"line":1091,"column":43}},"1091":{"start":{"line":1092,"column":0},"end":{"line":1092,"column":50}},"1092":{"start":{"line":1093,"column":0},"end":{"line":1093,"column":49}},"1094":{"start":{"line":1095,"column":0},"end":{"line":1095,"column":71}},"1095":{"start":{"line":1096,"column":0},"end":{"line":1096,"column":65}},"1096":{"start":{"line":1097,"column":0},"end":{"line":1097,"column":15}},"1097":{"start":{"line":1098,"column":0},"end":{"line":1098,"column":36}},"1098":{"start":{"line":1099,"column":0},"end":{"line":1099,"column":5}},"1100":{"start":{"line":1101,"column":0},"end":{"line":1101,"column":4}},"1103":{"start":{"line":1104,"column":0},"end":{"line":1104,"column":59}},"1104":{"start":{"line":1105,"column":0},"end":{"line":1105,"column":67}},"1105":{"start":{"line":1106,"column":0},"end":{"line":1106,"column":35}},"1106":{"start":{"line":1107,"column":0},"end":{"line":1107,"column":98}},"1107":{"start":{"line":1108,"column":0},"end":{"line":1108,"column":13}},"1108":{"start":{"line":1109,"column":0},"end":{"line":1109,"column":5}},"1110":{"start":{"line":1111,"column":0},"end":{"line":1111,"column":49}},"1111":{"start":{"line":1112,"column":0},"end":{"line":1112,"column":45}},"1112":{"start":{"line":1113,"column":0},"end":{"line":1113,"column":90}},"1113":{"start":{"line":1114,"column":0},"end":{"line":1114,"column":62}},"1115":{"start":{"line":1116,"column":0},"end":{"line":1116,"column":24}},"1116":{"start":{"line":1117,"column":0},"end":{"line":1117,"column":113}},"1117":{"start":{"line":1118,"column":0},"end":{"line":1118,"column":13}},"1118":{"start":{"line":1119,"column":0},"end":{"line":1119,"column":5}},"1121":{"start":{"line":1122,"column":0},"end":{"line":1122,"column":28}},"1122":{"start":{"line":1123,"column":0},"end":{"line":1123,"column":21}},"1123":{"start":{"line":1124,"column":0},"end":{"line":1124,"column":21}},"1124":{"start":{"line":1125,"column":0},"end":{"line":1125,"column":29}},"1125":{"start":{"line":1126,"column":0},"end":{"line":1126,"column":7}},"1126":{"start":{"line":1127,"column":0},"end":{"line":1127,"column":33}},"1127":{"start":{"line":1128,"column":0},"end":{"line":1128,"column":4}},"1130":{"start":{"line":1131,"column":0},"end":{"line":1131,"column":44}},"1131":{"start":{"line":1132,"column":0},"end":{"line":1132,"column":28}},"1132":{"start":{"line":1133,"column":0},"end":{"line":1133,"column":29}},"1133":{"start":{"line":1134,"column":0},"end":{"line":1134,"column":4}},"1136":{"start":{"line":1137,"column":0},"end":{"line":1137,"column":52}},"1139":{"start":{"line":1140,"column":0},"end":{"line":1140,"column":40}},"1141":{"start":{"line":1142,"column":0},"end":{"line":1142,"column":54}},"1142":{"start":{"line":1143,"column":0},"end":{"line":1143,"column":74}},"1143":{"start":{"line":1144,"column":0},"end":{"line":1144,"column":6}},"1144":{"start":{"line":1145,"column":0},"end":{"line":1145,"column":20}},"1145":{"start":{"line":1146,"column":0},"end":{"line":1146,"column":122}},"1146":{"start":{"line":1147,"column":0},"end":{"line":1147,"column":4}},"1150":{"start":{"line":1151,"column":0},"end":{"line":1151,"column":37}},"1152":{"start":{"line":1153,"column":0},"end":{"line":1153,"column":32}},"1153":{"start":{"line":1154,"column":0},"end":{"line":1154,"column":62}},"1154":{"start":{"line":1155,"column":0},"end":{"line":1155,"column":18}},"1155":{"start":{"line":1156,"column":0},"end":{"line":1156,"column":5}},"1157":{"start":{"line":1158,"column":0},"end":{"line":1158,"column":46}},"1159":{"start":{"line":1160,"column":0},"end":{"line":1160,"column":85}},"1160":{"start":{"line":1161,"column":0},"end":{"line":1161,"column":85}},"1162":{"start":{"line":1163,"column":0},"end":{"line":1163,"column":33}},"1164":{"start":{"line":1165,"column":0},"end":{"line":1165,"column":77}},"1165":{"start":{"line":1166,"column":0},"end":{"line":1166,"column":77}},"1167":{"start":{"line":1168,"column":0},"end":{"line":1168,"column":45}},"1168":{"start":{"line":1169,"column":0},"end":{"line":1169,"column":36}},"1169":{"start":{"line":1170,"column":0},"end":{"line":1170,"column":9}},"1174":{"start":{"line":1175,"column":0},"end":{"line":1175,"column":33}},"1175":{"start":{"line":1176,"column":0},"end":{"line":1176,"column":59}},"1176":{"start":{"line":1177,"column":0},"end":{"line":1177,"column":58}},"1177":{"start":{"line":1178,"column":0},"end":{"line":1178,"column":9}},"1179":{"start":{"line":1180,"column":0},"end":{"line":1180,"column":57}},"1180":{"start":{"line":1181,"column":0},"end":{"line":1181,"column":57}},"1182":{"start":{"line":1183,"column":0},"end":{"line":1183,"column":26}},"1183":{"start":{"line":1184,"column":0},"end":{"line":1184,"column":24}},"1185":{"start":{"line":1186,"column":0},"end":{"line":1186,"column":61}},"1186":{"start":{"line":1187,"column":0},"end":{"line":1187,"column":61}},"1187":{"start":{"line":1188,"column":0},"end":{"line":1188,"column":22}},"1188":{"start":{"line":1189,"column":0},"end":{"line":1189,"column":32}},"1190":{"start":{"line":1191,"column":0},"end":{"line":1191,"column":83}},"1191":{"start":{"line":1192,"column":0},"end":{"line":1192,"column":83}},"1192":{"start":{"line":1193,"column":0},"end":{"line":1193,"column":22}},"1193":{"start":{"line":1194,"column":0},"end":{"line":1194,"column":24}},"1194":{"start":{"line":1195,"column":0},"end":{"line":1195,"column":20}},"1196":{"start":{"line":1197,"column":0},"end":{"line":1197,"column":48}},"1197":{"start":{"line":1198,"column":0},"end":{"line":1198,"column":48}},"1198":{"start":{"line":1199,"column":0},"end":{"line":1199,"column":22}},"1199":{"start":{"line":1200,"column":0},"end":{"line":1200,"column":9}},"1202":{"start":{"line":1203,"column":0},"end":{"line":1203,"column":71}},"1204":{"start":{"line":1205,"column":0},"end":{"line":1205,"column":27}},"1205":{"start":{"line":1206,"column":0},"end":{"line":1206,"column":34}},"1206":{"start":{"line":1207,"column":0},"end":{"line":1207,"column":28}},"1207":{"start":{"line":1208,"column":0},"end":{"line":1208,"column":41}},"1208":{"start":{"line":1209,"column":0},"end":{"line":1209,"column":27}},"1209":{"start":{"line":1210,"column":0},"end":{"line":1210,"column":9}},"1211":{"start":{"line":1212,"column":0},"end":{"line":1212,"column":70}},"1212":{"start":{"line":1213,"column":0},"end":{"line":1213,"column":7}},"1213":{"start":{"line":1214,"column":0},"end":{"line":1214,"column":18}},"1214":{"start":{"line":1215,"column":0},"end":{"line":1215,"column":38}},"1218":{"start":{"line":1219,"column":0},"end":{"line":1219,"column":42}},"1219":{"start":{"line":1220,"column":0},"end":{"line":1220,"column":17}},"1220":{"start":{"line":1221,"column":0},"end":{"line":1221,"column":24}},"1221":{"start":{"line":1222,"column":0},"end":{"line":1222,"column":27}},"1222":{"start":{"line":1223,"column":0},"end":{"line":1223,"column":27}},"1223":{"start":{"line":1224,"column":0},"end":{"line":1224,"column":23}},"1224":{"start":{"line":1225,"column":0},"end":{"line":1225,"column":14}},"1225":{"start":{"line":1226,"column":0},"end":{"line":1226,"column":26}},"1226":{"start":{"line":1227,"column":0},"end":{"line":1227,"column":4}},"1229":{"start":{"line":1230,"column":0},"end":{"line":1230,"column":19}},"1230":{"start":{"line":1231,"column":0},"end":{"line":1231,"column":48}},"1232":{"start":{"line":1233,"column":0},"end":{"line":1233,"column":44}},"1234":{"start":{"line":1235,"column":0},"end":{"line":1235,"column":36}},"1235":{"start":{"line":1236,"column":0},"end":{"line":1236,"column":28}},"1236":{"start":{"line":1237,"column":0},"end":{"line":1237,"column":80}},"1237":{"start":{"line":1238,"column":0},"end":{"line":1238,"column":13}},"1238":{"start":{"line":1239,"column":0},"end":{"line":1239,"column":5}},"1241":{"start":{"line":1242,"column":0},"end":{"line":1242,"column":85}},"1242":{"start":{"line":1243,"column":0},"end":{"line":1243,"column":45}},"1243":{"start":{"line":1244,"column":0},"end":{"line":1244,"column":30}},"1244":{"start":{"line":1245,"column":0},"end":{"line":1245,"column":17}},"1245":{"start":{"line":1246,"column":0},"end":{"line":1246,"column":39}},"1247":{"start":{"line":1248,"column":0},"end":{"line":1248,"column":65}},"1250":{"start":{"line":1251,"column":0},"end":{"line":1251,"column":62}},"1253":{"start":{"line":1254,"column":0},"end":{"line":1254,"column":43}},"1254":{"start":{"line":1255,"column":0},"end":{"line":1255,"column":74}},"1255":{"start":{"line":1256,"column":0},"end":{"line":1256,"column":64}},"1257":{"start":{"line":1258,"column":0},"end":{"line":1258,"column":45}},"1258":{"start":{"line":1259,"column":0},"end":{"line":1259,"column":49}},"1261":{"start":{"line":1262,"column":0},"end":{"line":1262,"column":38}},"1262":{"start":{"line":1263,"column":0},"end":{"line":1263,"column":75}},"1263":{"start":{"line":1264,"column":0},"end":{"line":1264,"column":24}},"1264":{"start":{"line":1265,"column":0},"end":{"line":1265,"column":15}},"1265":{"start":{"line":1266,"column":0},"end":{"line":1266,"column":7}},"1269":{"start":{"line":1270,"column":0},"end":{"line":1270,"column":73}},"1270":{"start":{"line":1271,"column":0},"end":{"line":1271,"column":53}},"1271":{"start":{"line":1272,"column":0},"end":{"line":1272,"column":43}},"1272":{"start":{"line":1273,"column":0},"end":{"line":1273,"column":15}},"1273":{"start":{"line":1274,"column":0},"end":{"line":1274,"column":7}},"1274":{"start":{"line":1275,"column":0},"end":{"line":1275,"column":5}},"1277":{"start":{"line":1278,"column":0},"end":{"line":1278,"column":49}},"1279":{"start":{"line":1280,"column":0},"end":{"line":1280,"column":40}},"1282":{"start":{"line":1283,"column":0},"end":{"line":1283,"column":39}},"1285":{"start":{"line":1286,"column":0},"end":{"line":1286,"column":74}},"1288":{"start":{"line":1289,"column":0},"end":{"line":1289,"column":50}},"1289":{"start":{"line":1290,"column":0},"end":{"line":1290,"column":49}},"1292":{"start":{"line":1293,"column":0},"end":{"line":1293,"column":26}},"1293":{"start":{"line":1294,"column":0},"end":{"line":1294,"column":28}},"1294":{"start":{"line":1295,"column":0},"end":{"line":1295,"column":80}},"1296":{"start":{"line":1297,"column":0},"end":{"line":1297,"column":34}},"1297":{"start":{"line":1298,"column":0},"end":{"line":1298,"column":88}},"1299":{"start":{"line":1300,"column":0},"end":{"line":1300,"column":34}},"1300":{"start":{"line":1301,"column":0},"end":{"line":1301,"column":88}},"1302":{"start":{"line":1303,"column":0},"end":{"line":1303,"column":38}},"1303":{"start":{"line":1304,"column":0},"end":{"line":1304,"column":92}},"1305":{"start":{"line":1306,"column":0},"end":{"line":1306,"column":40}},"1306":{"start":{"line":1307,"column":0},"end":{"line":1307,"column":83}},"1307":{"start":{"line":1308,"column":0},"end":{"line":1308,"column":99}},"1308":{"start":{"line":1309,"column":0},"end":{"line":1309,"column":68}},"1310":{"start":{"line":1311,"column":0},"end":{"line":1311,"column":38}},"1311":{"start":{"line":1312,"column":0},"end":{"line":1312,"column":92}},"1313":{"start":{"line":1314,"column":0},"end":{"line":1314,"column":38}},"1314":{"start":{"line":1315,"column":0},"end":{"line":1315,"column":92}},"1316":{"start":{"line":1317,"column":0},"end":{"line":1317,"column":34}},"1317":{"start":{"line":1318,"column":0},"end":{"line":1318,"column":86}},"1319":{"start":{"line":1320,"column":0},"end":{"line":1320,"column":25}},"1320":{"start":{"line":1321,"column":0},"end":{"line":1321,"column":77}},"1322":{"start":{"line":1323,"column":0},"end":{"line":1323,"column":38}},"1323":{"start":{"line":1324,"column":0},"end":{"line":1324,"column":92}},"1325":{"start":{"line":1326,"column":0},"end":{"line":1326,"column":34}},"1326":{"start":{"line":1327,"column":0},"end":{"line":1327,"column":83}},"1327":{"start":{"line":1328,"column":0},"end":{"line":1328,"column":99}},"1328":{"start":{"line":1329,"column":0},"end":{"line":1329,"column":68}},"1330":{"start":{"line":1331,"column":0},"end":{"line":1331,"column":26}},"1332":{"start":{"line":1333,"column":0},"end":{"line":1333,"column":70}},"1333":{"start":{"line":1334,"column":0},"end":{"line":1334,"column":48}},"1335":{"start":{"line":1336,"column":0},"end":{"line":1336,"column":26}},"1336":{"start":{"line":1337,"column":0},"end":{"line":1337,"column":62}},"1338":{"start":{"line":1339,"column":0},"end":{"line":1339,"column":29}},"1339":{"start":{"line":1340,"column":0},"end":{"line":1340,"column":65}},"1341":{"start":{"line":1342,"column":0},"end":{"line":1342,"column":25}},"1342":{"start":{"line":1343,"column":0},"end":{"line":1343,"column":61}},"1344":{"start":{"line":1345,"column":0},"end":{"line":1345,"column":22}},"1346":{"start":{"line":1347,"column":0},"end":{"line":1347,"column":61}},"1347":{"start":{"line":1348,"column":0},"end":{"line":1348,"column":36}},"1348":{"start":{"line":1349,"column":0},"end":{"line":1349,"column":14}},"1350":{"start":{"line":1351,"column":0},"end":{"line":1351,"column":18}},"1351":{"start":{"line":1352,"column":0},"end":{"line":1352,"column":25}},"1352":{"start":{"line":1353,"column":0},"end":{"line":1353,"column":9}},"1353":{"start":{"line":1354,"column":0},"end":{"line":1354,"column":9}},"1354":{"start":{"line":1355,"column":0},"end":{"line":1355,"column":7}},"1357":{"start":{"line":1358,"column":0},"end":{"line":1358,"column":31}},"1358":{"start":{"line":1359,"column":0},"end":{"line":1359,"column":25}},"1359":{"start":{"line":1360,"column":0},"end":{"line":1360,"column":20}},"1360":{"start":{"line":1361,"column":0},"end":{"line":1361,"column":32}},"1361":{"start":{"line":1362,"column":0},"end":{"line":1362,"column":31}},"1362":{"start":{"line":1363,"column":0},"end":{"line":1363,"column":7}},"1364":{"start":{"line":1365,"column":0},"end":{"line":1365,"column":104}},"1365":{"start":{"line":1366,"column":0},"end":{"line":1366,"column":67}},"1368":{"start":{"line":1369,"column":0},"end":{"line":1369,"column":116}},"1370":{"start":{"line":1371,"column":0},"end":{"line":1371,"column":23}},"1371":{"start":{"line":1372,"column":0},"end":{"line":1372,"column":19}},"1373":{"start":{"line":1374,"column":0},"end":{"line":1374,"column":9}},"1374":{"start":{"line":1375,"column":0},"end":{"line":1375,"column":111}},"1377":{"start":{"line":1378,"column":0},"end":{"line":1378,"column":82}},"1378":{"start":{"line":1379,"column":0},"end":{"line":1379,"column":47}},"1379":{"start":{"line":1380,"column":0},"end":{"line":1380,"column":32}},"1380":{"start":{"line":1381,"column":0},"end":{"line":1381,"column":19}},"1381":{"start":{"line":1382,"column":0},"end":{"line":1382,"column":41}},"1384":{"start":{"line":1385,"column":0},"end":{"line":1385,"column":88}},"1386":{"start":{"line":1387,"column":0},"end":{"line":1387,"column":66}},"1387":{"start":{"line":1388,"column":0},"end":{"line":1388,"column":59}},"1388":{"start":{"line":1389,"column":0},"end":{"line":1389,"column":7}},"1391":{"start":{"line":1392,"column":0},"end":{"line":1392,"column":44}},"1392":{"start":{"line":1393,"column":0},"end":{"line":1393,"column":27}},"1393":{"start":{"line":1394,"column":0},"end":{"line":1394,"column":22}},"1394":{"start":{"line":1395,"column":0},"end":{"line":1395,"column":70}},"1395":{"start":{"line":1396,"column":0},"end":{"line":1396,"column":44}},"1396":{"start":{"line":1397,"column":0},"end":{"line":1397,"column":9}},"1398":{"start":{"line":1399,"column":0},"end":{"line":1399,"column":81}},"1400":{"start":{"line":1401,"column":0},"end":{"line":1401,"column":24}},"1401":{"start":{"line":1402,"column":0},"end":{"line":1402,"column":67}},"1402":{"start":{"line":1403,"column":0},"end":{"line":1403,"column":71}},"1403":{"start":{"line":1404,"column":0},"end":{"line":1404,"column":24}},"1404":{"start":{"line":1405,"column":0},"end":{"line":1405,"column":47}},"1405":{"start":{"line":1406,"column":0},"end":{"line":1406,"column":27}},"1406":{"start":{"line":1407,"column":0},"end":{"line":1407,"column":15}},"1407":{"start":{"line":1408,"column":0},"end":{"line":1408,"column":26}},"1408":{"start":{"line":1409,"column":0},"end":{"line":1409,"column":5}},"1409":{"start":{"line":1410,"column":0},"end":{"line":1410,"column":4}},"1412":{"start":{"line":1413,"column":0},"end":{"line":1413,"column":70}},"1414":{"start":{"line":1415,"column":0},"end":{"line":1415,"column":82}},"1417":{"start":{"line":1418,"column":0},"end":{"line":1418,"column":57}},"1418":{"start":{"line":1419,"column":0},"end":{"line":1419,"column":54}},"1419":{"start":{"line":1420,"column":0},"end":{"line":1420,"column":6}},"1421":{"start":{"line":1422,"column":0},"end":{"line":1422,"column":21}},"1423":{"start":{"line":1424,"column":0},"end":{"line":1424,"column":40}},"1424":{"start":{"line":1425,"column":0},"end":{"line":1425,"column":82}},"1425":{"start":{"line":1426,"column":0},"end":{"line":1426,"column":10}},"1426":{"start":{"line":1427,"column":0},"end":{"line":1427,"column":15}},"1427":{"start":{"line":1428,"column":0},"end":{"line":1428,"column":5}},"1430":{"start":{"line":1431,"column":0},"end":{"line":1431,"column":67}},"1432":{"start":{"line":1433,"column":0},"end":{"line":1433,"column":40}},"1433":{"start":{"line":1434,"column":0},"end":{"line":1434,"column":28}},"1435":{"start":{"line":1436,"column":0},"end":{"line":1436,"column":57}},"1436":{"start":{"line":1437,"column":0},"end":{"line":1437,"column":19}},"1437":{"start":{"line":1438,"column":0},"end":{"line":1438,"column":9}},"1438":{"start":{"line":1439,"column":0},"end":{"line":1439,"column":5}},"1441":{"start":{"line":1442,"column":0},"end":{"line":1442,"column":37}},"1443":{"start":{"line":1444,"column":0},"end":{"line":1444,"column":34}},"1445":{"start":{"line":1446,"column":0},"end":{"line":1446,"column":88}},"1446":{"start":{"line":1447,"column":0},"end":{"line":1447,"column":63}},"1447":{"start":{"line":1448,"column":0},"end":{"line":1448,"column":9}},"1449":{"start":{"line":1450,"column":0},"end":{"line":1450,"column":44}},"1450":{"start":{"line":1451,"column":0},"end":{"line":1451,"column":7}},"1453":{"start":{"line":1454,"column":0},"end":{"line":1454,"column":31}},"1456":{"start":{"line":1457,"column":0},"end":{"line":1457,"column":5}},"1457":{"start":{"line":1458,"column":0},"end":{"line":1458,"column":4}},"1460":{"start":{"line":1461,"column":0},"end":{"line":1461,"column":42}},"1461":{"start":{"line":1462,"column":0},"end":{"line":1462,"column":43}},"1464":{"start":{"line":1465,"column":0},"end":{"line":1465,"column":67}},"1467":{"start":{"line":1468,"column":0},"end":{"line":1468,"column":5}},"1470":{"start":{"line":1471,"column":0},"end":{"line":1471,"column":31}},"1471":{"start":{"line":1472,"column":0},"end":{"line":1
[...]
line":1,"column":51}},"2":{"start":{"line":3,"column":0},"end":{"line":3,"column":24}},"3":{"start":{"line":4,"column":0},"end":{"line":4,"column":85}},"4":{"start":{"line":5,"column":0},"end":{"line":5,"column":83}},"5":{"start":{"line":6,"column":0},"end":{"line":6,"column":90}},"6":{"start":{"line":7,"column":0},"end":{"line":7,"column":90}},"7":{"start":{"line":8,"column":0},"end":{"line":8,"column":97}},"8":{"start":{"line":9,"column":0},"end":{"line":9,"column":91}},"9":{"start":{"line":10,"column":0},"end":{"line":10,"column":93}},"10":{"start":{"line":11,"column":0},"end":{"line":11,"column":84}},"13":{"start":{"line":14,"column":0},"end":{"line":14,"column":19}},"14":{"start":{"line":15,"column":0},"end":{"line":15,"column":66}},"15":{"start":{"line":16,"column":0},"end":{"line":16,"column":93}},"16":{"start":{"line":17,"column":0},"end":{"line":17,"column":9}},"18":{"start":{"line":19,"column":0},"end":{"line":19,"column":75}},"19":{"start":{"line":20,"column":0},"end":{"line":20,"column":27}},"20":{"start":{"line":21,"column":0},"end":{"line":21,"column":59}},"21":{"start":{"line":22,"column":0},"end":{"line":22,"column":48}},"22":{"start":{"line":23,"column":0},"end":{"line":23,"column":13}},"23":{"start":{"line":24,"column":0},"end":{"line":24,"column":5}},"25":{"start":{"line":26,"column":0},"end":{"line":26,"column":44}},"26":{"start":{"line":27,"column":0},"end":{"line":27,"column":44}},"27":{"start":{"line":28,"column":0},"end":{"line":28,"column":57}},"29":{"start":{"line":30,"column":0},"end":{"line":30,"column":105}},"30":{"start":{"line":31,"column":0},"end":{"line":31,"column":47}},"32":{"start":{"line":33,"column":0},"end":{"line":33,"column":9}},"33":{"start":{"line":34,"column":0},"end":{"line":34,"column":59}},"34":{"start":{"line":35,"column":0},"end":{"line":35,"column":23}},"35":{"start":{"line":36,"column":0},"end":{"line":36,"column":18}},"36":{"start":{"line":37,"column":0},"end":{"line":37,"column":45}},"37":{"start":{"line":38,"column":0},"end":{"line":38,"column":10}},"38":{"start":{"line":39,"column":0},"end":{"line":39,"column":55}},"39":{"start":{"line":40,"column":0},"end":{"line":40,"column":9}},"41":{"start":{"line":42,"column":0},"end":{"line":42,"column":25}},"42":{"start":{"line":43,"column":0},"end":{"line":43,"column":53}},"43":{"start":{"line":44,"column":0},"end":{"line":44,"column":7}},"45":{"start":{"line":46,"column":0},"end":{"line":46,"column":41}},"46":{"start":{"line":47,"column":0},"end":{"line":47,"column":51}},"48":{"start":{"line":49,"column":0},"end":{"line":49,"column":35}},"49":{"start":{"line":50,"column":0},"end":{"line":50,"column":23}},"50":{"start":{"line":51,"column":0},"end":{"line":51,"column":81}},"51":{"start":{"line":52,"column":0},"end":{"line":52,"column":91}},"52":{"start":{"line":53,"column":0},"end":{"line":53,"column":9}},"54":{"start":{"line":55,"column":0},"end":{"line":55,"column":55}},"55":{"start":{"line":56,"column":0},"end":{"line":56,"column":21}},"56":{"start":{"line":57,"column":0},"end":{"line":57,"column":55}},"57":{"start":{"line":58,"column":0},"end":{"line":58,"column":61}},"58":{"start":{"line":59,"column":0},"end":{"line":59,"column":15}},"59":{"start":{"line":60,"column":0},"end":{"line":60,"column":48}},"60":{"start":{"line":61,"column":0},"end":{"line":61,"column":5}},"61":{"start":{"line":62,"column":0},"end":{"line":62,"column":4}},"63":{"start":{"line":64,"column":0},"end":{"line":64,"column":43}},"64":{"start":{"line":65,"column":0},"end":{"line":65,"column":38}},"65":{"start":{"line":66,"column":0},"end":{"line":66,"column":75}},"66":{"start":{"line":67,"column":0},"end":{"line":67,"column":5}},"67":{"start":{"line":68,"column":0},"end":{"line":68,"column":4}},"69":{"start":{"line":70,"column":0},"end":{"line":70,"column":44}},"70":{"start":{"line":71,"column":0},"end":{"line":71,"column":93}},"71":{"start":{"line":72,"column":0},"end":{"line":72,"column":4}},"73":{"start":{"line":74,"column":0},"end":{"line":74,"column":10}},"74":{"start":{"line":75,"column":0},"end":{"line":75,"column":72}},"76":{"start":{"line":77,"column":0},"end":{"line":77,"column":13}},"77":{"start":{"line":78,"column":0},"end":{"line":78,"column":69}},"78":{"start":{"line":79,"column":0},"end":{"line":79,"column":83}},"79":{"start":{"line":80,"column":0},"end":{"line":80,"column":50}},"81":{"start":{"line":82,"column":0},"end":{"line":82,"column":60}},"83":{"start":{"line":84,"column":0},"end":{"line":84,"column":13}},"84":{"start":{"line":85,"column":0},"end":{"line":85,"column":75}},"86":{"start":{"line":87,"column":0},"end":{"line":87,"column":12}},"87":{"start":{"line":88,"column":0},"end":{"line":88,"column":15}},"90":{"start":{"line":91,"column":0},"end":{"line":91,"column":30}},"91":{"start":{"line":92,"column":0},"end":{"line":92,"column":117}},"92":{"start":{"line":93,"column":0},"end":{"line":93,"column":43}},"93":{"start":{"line":94,"column":0},"end":{"line":94,"column":16}},"94":{"start":{"line":95,"column":0},"end":{"line":95,"column":25}},"95":{"start":{"line":96,"column":0},"end":{"line":96,"column":49}},"96":{"start":{"line":97,"column":0},"end":{"line":97,"column":29}},"97":{"start":{"line":98,"column":0},"end":{"line":98,"column":78}},"98":{"start":{"line":99,"column":0},"end":{"line":99,"column":71}},"99":{"start":{"line":100,"column":0},"end":{"line":100,"column":17}},"101":{"start":{"line":102,"column":0},"end":{"line":102,"column":54}},"102":{"start":{"line":103,"column":0},"end":{"line":103,"column":49}},"103":{"start":{"line":104,"column":0},"end":{"line":104,"column":18}},"104":{"start":{"line":105,"column":0},"end":{"line":105,"column":36}},"105":{"start":{"line":106,"column":0},"end":{"line":106,"column":33}},"106":{"start":{"line":107,"column":0},"end":{"line":107,"column":43}},"107":{"start":{"line":108,"column":0},"end":{"line":108,"column":70}},"108":{"start":{"line":109,"column":0},"end":{"line":109,"column":17}},"110":{"start":{"line":111,"column":0},"end":{"line":111,"column":20}},"112":{"start":{"line":113,"column":0},"end":{"line":113,"column":18}},"113":{"start":{"line":114,"column":0},"end":{"line":114,"column":13}},"114":{"start":{"line":115,"column":0},"end":{"line":115,"column":18}},"118":{"start":{"line":119,"column":0},"end":{"line":119,"column":11}},"119":{"start":{"line":120,"column":0},"end":{"line":120,"column":31}},"120":{"start":{"line":121,"column":0},"end":{"line":121,"column":96}},"122":{"start":{"line":123,"column":0},"end":{"line":123,"column":109}},"123":{"start":{"line":124,"column":0},"end":{"line":124,"column":45}},"124":{"start":{"line":125,"column":0},"end":{"line":125,"column":16}},"125":{"start":{"line":126,"column":0},"end":{"line":126,"column":25}},"126":{"start":{"line":127,"column":0},"end":{"line":127,"column":97}},"128":{"start":{"line":129,"column":0},"end":{"line":129,"column":19}},"129":{"start":{"line":130,"column":0},"end":{"line":130,"column":21}},"130":{"start":{"line":131,"column":0},"end":{"line":131,"column":29}},"131":{"start":{"line":132,"column":0},"end":{"line":132,"column":63}},"132":{"start":{"line":133,"column":0},"end":{"line":133,"column":52}},"133":{"start":{"line":134,"column":0},"end":{"line":134,"column":15}},"135":{"start":{"line":136,"column":0},"end":{"line":136,"column":23}},"136":{"start":{"line":137,"column":0},"end":{"line":137,"column":18}},"137":{"start":{"line":138,"column":0},"end":{"line":138,"column":13}},"138":{"start":{"line":139,"column":0},"end":{"line":139,"column":16}},"139":{"start":{"line":140,"column":0},"end":{"line":140,"column":23}},"140":{"start":{"line":141,"column":0},"end":{"line":141,"column":25}},"141":{"start":{"line":142,"column":0},"end":{"line":142,"column":31}},"142":{"start":{"line":143,"column":0},"end":{"line":143,"column":60}},"143":{"start":{"line":144,"column":0},"end":{"line":144,"column":67}},"144":{"start":{"line":145,"column":0},"end":{"line":145,"column":78}},"145":{"start":{"line":146,"column":0},"end":{"line":146,"column":12}},"146":{"start":{"line":147,"column":0},"end":{"line":147,"column":14}},"147":{"start":{"line":148,"column":0},"end":{"line":148,"column":15}},"148":{"start":{"line":149,"column":0},"end":{"line":149,"column":23}},"149":{"start":{"line":150,"column":0},"end":{"line":150,"column":143}},"150":{"start":{"line":151,"column":0},"end":{"line":151,"column":28}},"152":{"start":{"line":153,"column":0},"end":{"line":153,"column":14}},"153":{"start":{"line":154,"column":0},"end":{"line":154,"column":46}},"154":{"start":{"line":155,"column":0},"end":{"line":155,"column":31}},"155":{"start":{"line":156,"column":0},"end":{"line":156,"column":23}},"156":{"start":{"line":157,"column":0},"end":{"line":157,"column":31}},"157":{"start":{"line":158,"column":0},"end":{"line":158,"column":33}},"158":{"start":{"line":159,"column":0},"end":{"line":159,"column":27}},"160":{"start":{"line":161,"column":0},"end":{"line":161,"column":17}},"161":{"start":{"line":162,"column":0},"end":{"line":162,"column":35}},"162":{"start":{"line":163,"column":0},"end":{"line":163,"column":36}},"163":{"start":{"line":164,"column":0},"end":{"line":164,"column":73}},"164":{"start":{"line":165,"column":0},"end":{"line":165,"column":14}},"165":{"start":{"line":166,"column":0},"end":{"line":166,"column":16}},"166":{"start":{"line":167,"column":0},"end":{"line":167,"column":17}},"167":{"start":{"line":168,"column":0},"end":{"line":168,"column":13}},"170":{"start":{"line":171,"column":0},"end":{"line":171,"column":14}},"171":{"start":{"line":172,"column":0},"end":{"line":172,"column":105}},"172":{"start":{"line":173,"column":0},"end":{"line":173,"column":80}},"173":{"start":{"line":174,"column":0},"end":{"line":174,"column":11}},"175":{"start":{"line":176,"column":0},"end":{"line":176,"column":143}},"176":{"start":{"line":177,"column":0},"end":{"line":177,"column":17}},"177":{"start":{"line":178,"column":0},"end":{"line":178,"column":21}},"178":{"start":{"line":179,"column":0},"end":{"line":179,"column":134}},"179":{"start":{"line":180,"column":0},"end":{"line":180,"column":47}},"181":{"start":{"line":182,"column":0},"end":{"line":182,"column":17}},"182":{"start":{"line":183,"column":0},"end":{"line":183,"column":19}},"183":{"start":{"line":184,"column":0},"end":{"line":184,"column":11}},"184":{"start":{"line":185,"column":0},"end":{"line":185,"column":16}},"187":{"start":{"line":188,"column":0},"end":{"line":188,"column":11}},"189":{"start":{"line":190,"column":0},"end":{"line":190,"column":2}},"191":{"start":{"line":192,"column":0},"end":{"line":192,"column":24}}},"s":{"0":0,"2":0,"3":0,"4":0,"5":0,"6":0,"7":0,"8":0,"9":0,"10":0,"13":0,"14":0,"15":0,"16":0,"18":0,"19":0,"20":0,"21":0,"22":0,"23":0,"25":0,"26":0,"27":0,"29":0,"30":0,"32":0,"33":0,"34":0,"35":0,"36":0,"37":0,"38":0,"39":0,"41":0,"42":0,"43":0,"45":0,"46":0,"48":0,"49":0,"50":0,"51":0,"52":0,"54":0,"55":0,"56":0,"57":0,"58":0,"59":0,"60":0,"61":0,"63":0,"64":0,"65":0,"66":0,"67":0,"69":0,"70":0,"71":0,"73":0,"74":0,"76":0,"77":0,"78":0,"79":0,"81":0,"83":0,"84":0,"86":0,"87":0,"90":0,"91":0,"92":0,"93":0,"94":0,"95":0,"96":0,"97":0,"98":0,"99":0,"101":0,"102":0,"103":0,"104":0,"105":0,"106":0,"107":0,"108":0,"110":0,"112":0,"113":0,"114":0,"118":0,"119":0,"120":0,"122":0,"123":0,"124":0,"125":0,"126":0,"128":0,"129":0,"130":0,"131":0,"132":0,"133":0,"135":0,"136":0,"137":0,"138":0,"139":0,"140":0,"141":0,"142":0,"143":0,"144":0,"145":0,"146":0,"147":0,"148":0,"149":0,"150":0,"152":0,"153":0,"154":0,"155":0,"156":0,"157":0,"158":0,"160":0,"161":0,"162":0,"163":0,"164":0,"165":0,"166":0,"167":0,"170":0,"171":0,"172":0,"173":0,"175":0,"176":0,"177":0,"178":0,"179":0,"181":0,"182":0,"183":0,"184":0,"187":0,"189":0,"191":0},"branchMap":{"0":{"type":"branch","line":1,"loc":{"start":{"line":1,"column":6956},"end":{"line":192,"column":24}},"locations":[{"start":{"line":1,"column":6956},"end":{"line":192,"column":24}}]}},"b":{"0":[0]},"fnMap":{"0":{"name":"(empty-report)","decl":{"start":{"line":1,"column":6956},"end":{"line":192,"column":24}},"loc":{"start":{"line":1,"column":6956},"end":{"line":192,"column":24}},"line":1}},"f":{"0":0}}
,"/home/lawrence140/SD/sprint4/SD-proj/client/src/pages/TestPage.tsx": {"path":"/home/lawrence140/SD/sprint4/SD-proj/client/src/pages/TestPage.tsx","all":true,"statementMap":{"0":{"start":{"line":1,"column":0},"end":{"line":1,"column":26}},"3":{"start":{"line":4,"column":0},"end":{"line":4,"column":24}},"4":{"start":{"line":5,"column":0},"end":{"line":5,"column":36}},"6":{"start":{"line":7,"column":0},"end":{"line":7,"column":10}},"7":{"start":{"line":8,"column":0},"end":{"line":8,"column":80}},"8":{"start":{"line":9,"column":0},"end":{"line":9,"column":24}},"9":{"start":{"line":10,"column":0},"end":{"line":10,"column":83}},"10":{"start":{"line":11,"column":0},"end":{"line":11,"column":10}},"12":{"start":{"line":13,"column":0},"end":{"line":13,"column":2}},"14":{"start":{"line":15,"column":0},"end":{"line":15,"column":24}}},"s":{"0":0,"3":0,"4":0,"6":0,"7":0,"8":0,"9":0,"10":0,"12":0,"14":0},"branchMap":{"0":{"type":"branch","line":1,"loc":{"start":{"line":1,"column":394},"end":{"line":15,"column":24}},"locations":[{"start":{"line":1,"column":394},"end":{"line":15,"column":24}}]}},"b":{"0":[0]},"fnMap":{"0":{"name":"(empty-report)","decl":{"start":{"line":1,"column":394},"end":{"line":15,"column":24}},"loc":{"start":{"line":1,"column":394},"end":{"line":15,"column":24}},"line":1}},"f":{"0":0}}
,"/home/lawrence140/SD/sprint4/SD-proj/client/src/services/FileSystemService.ts": {"path":"/home/lawrence140/SD/sprint4/SD-proj/client/src/services/FileSystemService.ts","all":true,"statementMap":{"0":{"start":{"line":1,"column":0},"end":{"line":1,"column":26}},"3":{"start":{"line":4,"column":0},"end":{"line":4,"column":64}},"12":{"start":{"line":13,"column":0},"end":{"line":13,"column":204}},"13":{"start":{"line":14,"column":0},"end":{"line":14,"column":50}},"14":{"start":{"line":15,"column":0},"end":{"line":15,"column":100}},"15":{"start":{"line":16,"column":0},"end":{"line":16,"column":102}},"17":{"start":{"line":18,"column":0},"end":{"line":18,"column":9}},"19":{"start":{"line":20,"column":0},"end":{"line":20,"column":53}},"20":{"start":{"line":21,"column":0},"end":{"line":21,"column":88}},"21":{"start":{"line":22,"column":0},"end":{"line":22,"column":103}},"22":{"start":{"line":23,"column":0},"end":{"line":23,"column":11}},"25":{"start":{"line":26,"column":0},"end":{"line":26,"column":65}},"26":{"start":{"line":27,"column":0},"end":{"line":27,"column":65}},"27":{"start":{"line":28,"column":0},"end":{"line":28,"column":21}},"28":{"start":{"line":29,"column":0},"end":{"line":29,"column":91}},"30":{"start":{"line":31,"column":0},"end":{"line":31,"column":50}},"31":{"start":{"line":32,"column":0},"end":{"line":32,"column":5}},"32":{"start":{"line":33,"column":0},"end":{"line":33,"column":2}},"38":{"start":{"line":39,"column":0},"end":{"line":39,"column":66}},"39":{"start":{"line":40,"column":0},"end":{"line":40,"column":67}},"40":{"start":{"line":41,"column":0},"end":{"line":41,"column":36}},"41":{"start":{"line":42,"column":0},"end":{"line":42,"column":104}},"42":{"start":{"line":43,"column":0},"end":{"line":43,"column":84}},"43":{"start":{"line":44,"column":0},"end":{"line":44,"column":100}},"44":{"start":{"line":45,"column":0},"end":{"line":45,"column":59}},"45":{"start":{"line":46,"column":0},"end":{"line":46,"column":65}},"46":{"start":{"line":47,"column":0},"end":{"line":47,"column":12}},"47":{"start":{"line":48,"column":0},"end":{"line":48,"column":81}},"48":{"start":{"line":49,"column":0},"end":{"line":49,"column":114}},"49":{"start":{"line":50,"column":0},"end":{"line":50,"column":5}},"50":{"start":{"line":51,"column":0},"end":{"line":51,"column":2}}},"s":{"0":0,"3":0,"12":0,"13":0,"14":0,"15":0,"17":0,"19":0,"20":0,"21":0,"22":0,"25":0,"26":0,"27":0,"28":0,"30":0,"31":0,"32":0,"38":0,"39":0,"40":0,"41":0,"42":0,"43":0,"44":0,"45":0,"46":0,"47":0,"48":0,"49":0,"50":0},"branchMap":{"0":{"type":"branch","line":1,"loc":{"start":{"line":1,"column":2846},"end":{"line":54,"column":180}},"locations":[{"start":{"line":1,"column":2846},"end":{"line":54,"column":180}}]}},"b":{"0":[0]},"fnMap":{"0":{"name":"(empty-report)","decl":{"start":{"line":1,"column":2846},"end":{"line":54,"column":180}},"loc":{"start":{"line":1,"column":2846},"end":{"line":54,"column":180}},"line":1}},"f":{"0":0}}
,"/home/lawrence140/SD/sprint4/SD-proj/client/src/utils/serverCheck.js": {"path":"/home/lawrence140/SD/sprint4/SD-proj/client/src/utils/serverCheck.js","all":true,"statementMap":{"0":{"start":{"line":1,"column":0},"end":{"line":1,"column":3}},"1":{"start":{"line":2,"column":0},"end":{"line":2,"column":44}},"2":{"start":{"line":3,"column":0},"end":{"line":3,"column":3}},"3":{"start":{"line":4,"column":0},"end":{"line":4,"column":26}},"5":{"start":{"line":6,"column":0},"end":{"line":6,"column":104}},"6":{"start":{"line":7,"column":0},"end":{"line":7,"column":7}},"7":{"start":{"line":8,"column":0},"end":{"line":8,"column":61}},"8":{"start":{"line":9,"column":0},"end":{"line":9,"column":34}},"9":{"start":{"line":10,"column":0},"end":{"line":10,"column":57}},"10":{"start":{"line":11,"column":0},"end":{"line":11,"column":18}},"11":{"start":{"line":12,"column":0},"end":{"line":12,"column":5}},"12":{"start":{"line":13,"column":0},"end":{"line":13,"column":84}},"13":{"start":{"line":14,"column":0},"end":{"line":14,"column":17}},"14":{"start":{"line":15,"column":0},"end":{"line":15,"column":19}},"15":{"start":{"line":16,"column":0},"end":{"line":16,"column":64}},"16":{"start":{"line":17,"column":0},"end":{"line":17,"column":17}},"17":{"start":{"line":18,"column":0},"end":{"line":18,"column":3}},"18":{"start":{"line":19,"column":0},"end":{"line":19,"column":2}},"20":{"start":{"line":21,"column":0},"end":{"line":21,"column":46}},"21":{"start":{"line":22,"column":0},"end":{"line":22,"column":55}},"22":{"start":{"line":23,"column":0},"end":{"line":23,"column":42}},"23":{"start":{"line":24,"column":0},"end":{"line":24,"column":39}},"24":{"start":{"line":25,"column":0},"end":{"line":25,"column":38}},"25":{"start":{"line":26,"column":0},"end":{"line":26,"column":45}},"26":{"start":{"line":27,"column":0},"end":{"line":27,"column":51}},"27":{"start":{"line":28,"column":0},"end":{"line":28,"column":39}},"28":{"start":{"line":29,"column":0},"end":{"line":29,"column":44}},"29":{"start":{"line":30,"column":0},"end":{"line":30,"column":63}},"30":{"start":{"line":31,"column":0},"end":{"line":31,"column":39}},"31":{"start":{"line":32,"column":0},"end":{"line":32,"column":101}},"32":{"start":{"line":33,"column":0},"end":{"line":33,"column":2}},"33":{"start":{"line":34,"column":0},"end":{"line":34,"column":44}},"34":{"start":{"line":35,"column":0},"end":{"line":35,"column":2}},"35":{"start":{"line":36,"column":0},"end":{"line":36,"column":20}},"36":{"start":{"line":37,"column":0},"end":{"line":37,"column":39}},"37":{"start":{"line":38,"column":0},"end":{"line":38,"column":53}},"38":{"start":{"line":39,"column":0},"end":{"line":39,"column":22}},"39":{"start":{"line":40,"column":0},"end":{"line":40,"column":48}},"40":{"start":{"line":41,"column":0},"end":{"line":41,"column":12}},"41":{"start":{"line":42,"column":0},"end":{"line":42,"column":11}},"42":{"start":{"line":43,"column":0},"end":{"line":43,"column":2}}},"s":{"0":0,"1":0,"2":0,"3":0,"5":0,"6":0,"7":0,"8":0,"9":0,"10":0,"11":0,"12":0,"13":0,"14":0,"15":0,"16":0,"17":0,"18":0,"20":0,"21":0,"22":0,"23":0,"24":0,"25":0,"26":0,"27":0,"28":0,"29":0,"30":0,"31":0,"32":0,"33":0,"34":0,"35":0,"36":0,"37":0,"38":0,"39":0,"40":0,"41":0,"42":0},"branchMap":{"0":{"type":"branch","line":1,"loc":{"start":{"line":1,"column":1467},"end":{"line":43,"column":2}},"locations":[{"start":{"line":1,"column":1467},"end":{"line":43,"column":2}}]}},"b":{"0":[0]},"fnMap":{"0":{"name":"(empty-report)","decl":{"start":{"line":1,"column":1467},"end":{"line":43,"column":2}},"loc":{"start":{"line":1,"column":1467},"end":{"line":43,"column":2}},"line":1}},"f":{"0":0}}
}
