<?xml version="1.0" encoding="UTF-8"?>
<coverage generated="1747211027006" clover="3.2.0">
  <project timestamp="1747211027007" name="All files">
    <metrics statements="49" coveredstatements="41" conditionals="18" coveredconditionals="12" methods="17" coveredmethods="7" elements="84" coveredelements="60" complexity="0" loc="49" ncloc="49" packages="1" files="1" classes="1"/>
    <file name="HomePage.tsx" path="/home/lawrence140/SD/sprint4/SD-proj/client/src/pages/HomePage.tsx">
      <metrics statements="49" coveredstatements="41" conditionals="18" coveredconditionals="12" methods="17" coveredmethods="7"/>
      <line num="1" count="1" type="stmt"/>
      <line num="3" count="1" type="stmt"/>
      <line num="4" count="15" type="stmt"/>
      <line num="5" count="15" type="stmt"/>
      <line num="6" count="15" type="stmt"/>
      <line num="7" count="15" type="stmt"/>
      <line num="8" count="15" type="stmt"/>
      <line num="9" count="15" type="stmt"/>
      <line num="10" count="15" type="stmt"/>
      <line num="11" count="15" type="stmt"/>
      <line num="14" count="15" type="stmt"/>
      <line num="15" count="4" type="stmt"/>
      <line num="16" count="4" type="stmt"/>
      <line num="19" count="15" type="stmt"/>
      <line num="20" count="3" type="stmt"/>
      <line num="21" count="3" type="cond" truecount="3" falsecount="0"/>
      <line num="22" count="1" type="stmt"/>
      <line num="23" count="1" type="stmt"/>
      <line num="24" count="1" type="stmt"/>
      <line num="27" count="2" type="stmt"/>
      <line num="28" count="2" type="stmt"/>
      <line num="29" count="2" type="stmt"/>
      <line num="31" count="2" type="stmt"/>
      <line num="32" count="2" type="stmt"/>
      <line num="34" count="2" type="stmt"/>
      <line num="35" count="2" type="stmt"/>
      <line num="43" count="1" type="cond" truecount="0" falsecount="1"/>
      <line num="44" count="0" type="stmt"/>
      <line num="47" count="1" type="stmt"/>
      <line num="48" count="1" type="stmt"/>
      <line num="50" count="1" type="stmt"/>
      <line num="53" count="0" type="stmt"/>
      <line num="56" count="1" type="stmt"/>
      <line num="58" count="1" type="stmt"/>
      <line num="59" count="1" type="stmt"/>
      <line num="61" count="2" type="stmt"/>
      <line num="65" count="15" type="stmt"/>
      <line num="66" count="0" type="cond" truecount="0" falsecount="1"/>
      <line num="67" count="0" type="stmt"/>
      <line num="71" count="15" type="stmt"/>
      <line num="72" count="0" type="stmt"/>
      <line num="75" count="15" type="stmt"/>
      <line num="95" count="1" type="stmt"/>
      <line num="134" count="0" type="stmt"/>
      <line num="142" count="0" type="stmt"/>
      <line num="153" count="2" type="stmt"/>
      <line num="188" count="75" type="stmt"/>
      <line num="191" count="0" type="stmt"/>
      <line num="203" count="1" type="stmt"/>
    </file>
  </project>
</coverage>
