<?xml version="1.0" encoding="UTF-8"?>
<coverage generated="1747632782322" clover="3.2.0">
  <project timestamp="1747632782322" name="All files">
    <metrics statements="408" coveredstatements="339" conditionals="269" coveredconditionals="206" methods="109" coveredmethods="84" elements="786" coveredelements="629" complexity="0" loc="408" ncloc="408" packages="3" files="8" classes="8"/>
    <package name="components.filesystem.components">
      <metrics statements="214" coveredstatements="198" conditionals="152" coveredconditionals="130" methods="69" coveredmethods="57"/>
      <file name="FileListDisplay.tsx" path="/home/lawrence140/SD/sprint4/SD-proj/client/src/components/filesystem/components/FileListDisplay.tsx">
        <metrics statements="55" coveredstatements="47" conditionals="56" coveredconditionals="46" methods="28" coveredmethods="22"/>
        <line num="1" count="1" type="stmt"/>
        <line num="3" count="1" type="stmt"/>
        <line num="4" count="1" type="stmt"/>
        <line num="6" count="1" type="stmt"/>
        <line num="8" count="1" type="stmt"/>
        <line num="44" count="1" type="stmt"/>
        <line num="79" count="16" type="stmt"/>
        <line num="80" count="48" type="cond" truecount="1" falsecount="0"/>
        <line num="81" count="16" type="cond" truecount="1" falsecount="1"/>
        <line num="85" count="28" type="stmt"/>
        <line num="86" count="16" type="cond" truecount="2" falsecount="0"/>
        <line num="89" count="16" type="stmt"/>
        <line num="90" count="16" type="cond" truecount="3" falsecount="0"/>
        <line num="92" count="1" type="stmt"/>
        <line num="93" count="1" type="cond" truecount="1" falsecount="1"/>
        <line num="94" count="1" type="stmt"/>
        <line num="95" count="1" type="stmt"/>
        <line num="98" count="1" type="stmt"/>
        <line num="99" count="1" type="stmt"/>
        <line num="100" count="0" type="stmt"/>
        <line num="104" count="1" type="stmt"/>
        <line num="105" count="1" type="stmt"/>
        <line num="107" count="1" type="stmt"/>
        <line num="108" count="1" type="stmt"/>
        <line num="111" count="0" type="stmt"/>
        <line num="117" count="16" type="stmt"/>
        <line num="125" count="1" type="stmt"/>
        <line num="129" count="1" type="stmt"/>
        <line num="133" count="0" type="stmt"/>
        <line num="136" count="0" type="stmt"/>
        <line num="167" count="26" type="stmt"/>
        <line num="168" count="26" type="stmt"/>
        <line num="169" count="26" type="stmt"/>
        <line num="170" count="26" type="stmt"/>
        <line num="171" count="26" type="cond" truecount="1" falsecount="2"/>
        <line num="174" count="26" type="stmt"/>
        <line num="182" count="26" type="stmt"/>
        <line num="202" count="4" type="stmt"/>
        <line num="204" count="1" type="cond" truecount="2" falsecount="0"/>
        <line num="205" count="1" type="cond" truecount="2" falsecount="0"/>
        <line num="207" count="1" type="cond" truecount="2" falsecount="0"/>
        <line num="210" count="1" type="cond" truecount="2" falsecount="0"/>
        <line num="211" count="1" type="cond" truecount="2" falsecount="0"/>
        <line num="212" count="1" type="cond" truecount="2" falsecount="0"/>
        <line num="213" count="1" type="cond" truecount="2" falsecount="0"/>
        <line num="225" count="0" type="stmt"/>
        <line num="226" count="0" type="stmt"/>
        <line num="228" count="0" type="stmt"/>
        <line num="239" count="1" type="stmt"/>
        <line num="240" count="0" type="stmt"/>
        <line num="242" count="2" type="cond" truecount="1" falsecount="0"/>
        <line num="243" count="2" type="cond" truecount="1" falsecount="0"/>
        <line num="263" count="1" type="stmt"/>
        <line num="266" count="1" type="stmt"/>
        <line num="281" count="1" type="stmt"/>
      </file>
      <file name="FileListItem.tsx" path="/home/lawrence140/SD/sprint4/SD-proj/client/src/components/filesystem/components/FileListItem.tsx">
        <metrics statements="61" coveredstatements="58" conditionals="49" coveredconditionals="46" methods="19" coveredmethods="17"/>
        <line num="1" count="1" type="stmt"/>
        <line num="3" count="1" type="stmt"/>
        <line num="4" count="1" type="stmt"/>
        <line num="5" count="1" type="stmt"/>
        <line num="6" count="1" type="stmt"/>
        <line num="44" count="1" type="stmt"/>
        <line num="74" count="28" type="stmt"/>
        <line num="77" count="28" type="stmt"/>
        <line num="78" count="25" type="cond" truecount="3" falsecount="0"/>
        <line num="79" count="9" type="stmt"/>
        <line num="80" count="9" type="stmt"/>
        <line num="84" count="28" type="stmt"/>
        <line num="86" count="3" type="cond" truecount="3" falsecount="0"/>
        <line num="87" count="1" type="stmt"/>
        <line num="91" count="28" type="stmt"/>
        <line num="93" count="1" type="cond" truecount="0" falsecount="1"/>
        <line num="94" count="1" type="stmt"/>
        <line num="99" count="28" type="stmt"/>
        <line num="100" count="1" type="stmt"/>
        <line num="103" count="28" type="stmt"/>
        <line num="104" count="2" type="cond" truecount="2" falsecount="0"/>
        <line num="105" count="1" type="stmt"/>
        <line num="106" count="1" type="stmt"/>
        <line num="107" count="1" type="cond" truecount="1" falsecount="0"/>
        <line num="108" count="1" type="stmt"/>
        <line num="112" count="28" type="stmt"/>
        <line num="114" count="1" type="stmt"/>
        <line num="119" count="28" type="stmt"/>
        <line num="121" count="3" type="cond" truecount="3" falsecount="0"/>
        <line num="122" count="2" type="stmt"/>
        <line num="123" count="2" type="stmt"/>
        <line num="125" count="1" type="stmt"/>
        <line num="130" count="28" type="stmt"/>
        <line num="139" count="28" type="stmt"/>
        <line num="141" count="1" type="cond" truecount="2" falsecount="1"/>
        <line num="142" count="1" type="stmt"/>
        <line num="143" count="1" type="stmt"/>
        <line num="145" count="0" type="stmt"/>
        <line num="149" count="28" type="stmt"/>
        <line num="150" count="2" type="cond" truecount="1" falsecount="0"/>
        <line num="151" count="1" type="stmt"/>
        <line num="154" count="28" type="stmt"/>
        <line num="155" count="2" type="cond" truecount="1" falsecount="0"/>
        <line num="156" count="1" type="stmt"/>
        <line num="159" count="28" type="stmt"/>
        <line num="160" count="2" type="cond" truecount="1" falsecount="0"/>
        <line num="161" count="1" type="stmt"/>
        <line num="164" count="28" type="stmt"/>
        <line num="165" count="2" type="cond" truecount="1" falsecount="0"/>
        <line num="166" count="1" type="stmt"/>
        <line num="172" count="28" type="stmt"/>
        <line num="173" count="28" type="cond" truecount="1" falsecount="1"/>
        <line num="177" count="28" type="stmt"/>
        <line num="201" count="1" type="stmt"/>
        <line num="218" count="0" type="stmt"/>
        <line num="219" count="0" type="stmt"/>
        <line num="246" count="1" type="stmt"/>
        <line num="247" count="1" type="stmt"/>
        <line num="259" count="1" type="stmt"/>
        <line num="260" count="1" type="stmt"/>
        <line num="274" count="1" type="stmt"/>
      </file>
      <file name="FilePreviewModal.tsx" path="/home/lawrence140/SD/sprint4/SD-proj/client/src/components/filesystem/components/FilePreviewModal.tsx">
        <metrics statements="59" coveredstatements="59" conditionals="27" coveredconditionals="24" methods="5" coveredmethods="5"/>
        <line num="1" count="1" type="stmt"/>
        <line num="3" count="1" type="stmt"/>
        <line num="4" count="1" type="stmt"/>
        <line num="12" count="1" type="stmt"/>
        <line num="13" count="20" type="stmt"/>
        <line num="14" count="20" type="stmt"/>
        <line num="15" count="20" type="stmt"/>
        <line num="16" count="20" type="stmt"/>
        <line num="18" count="20" type="stmt"/>
        <line num="19" count="8" type="cond" truecount="3" falsecount="0"/>
        <line num="20" count="1" type="stmt"/>
        <line num="21" count="1" type="stmt"/>
        <line num="22" count="1" type="stmt"/>
        <line num="23" count="1" type="stmt"/>
        <line num="24" count="1" type="stmt"/>
        <line num="27" count="7" type="stmt"/>
        <line num="28" count="7" type="stmt"/>
        <line num="29" count="7" type="stmt"/>
        <line num="30" count="7" type="stmt"/>
        <line num="32" count="7" type="stmt"/>
        <line num="33" count="7" type="stmt"/>
        <line num="35" count="7" type="stmt"/>
        <line num="36" count="6" type="stmt"/>
        <line num="37" count="6" type="stmt"/>
        <line num="41" count="6" type="cond" truecount="4" falsecount="0"/>
        <line num="42" count="1" type="stmt"/>
        <line num="44" count="1" type="stmt"/>
        <line num="45" count="1" type="stmt"/>
        <line num="46" count="1" type="stmt"/>
        <line num="63" count="5" type="cond" truecount="2" falsecount="0"/>
        <line num="64" count="2" type="stmt"/>
        <line num="68" count="3" type="stmt"/>
        <line num="73" count="1" type="stmt"/>
        <line num="74" count="1" type="cond" truecount="1" falsecount="1"/>
        <line num="75" count="1" type="stmt"/>
        <line num="77" count="7" type="stmt"/>
        <line num="81" count="7" type="stmt"/>
        <line num="85" count="20" type="cond" truecount="1" falsecount="0"/>
        <line num="86" count="1" type="stmt"/>
        <line num="89" count="19" type="stmt"/>
        <line num="90" count="19" type="cond" truecount="1" falsecount="0"/>
        <line num="91" count="7" type="stmt"/>
        <line num="93" count="12" type="cond" truecount="1" falsecount="0"/>
        <line num="94" count="1" type="stmt"/>
        <line num="96" count="11" type="cond" truecount="3" falsecount="0"/>
        <line num="97" count="7" type="stmt"/>
        <line num="101" count="4" type="cond" truecount="3" falsecount="0"/>
        <line num="102" count="1" type="stmt"/>
        <line num="106" count="3" type="cond" truecount="1" falsecount="0"/>
        <line num="107" count="3" type="cond" truecount="1" falsecount="0"/>
        <line num="108" count="1" type="stmt"/>
        <line num="110" count="2" type="cond" truecount="1" falsecount="0"/>
        <line num="111" count="1" type="stmt"/>
        <line num="119" count="1" type="cond" truecount="1" falsecount="1"/>
        <line num="120" count="1" type="cond" truecount="1" falsecount="1"/>
        <line num="121" count="1" type="stmt"/>
        <line num="124" count="19" type="stmt"/>
        <line num="126" count="1" type="stmt"/>
        <line num="137" count="1" type="stmt"/>
      </file>
      <file name="Icons.tsx" path="/home/lawrence140/SD/sprint4/SD-proj/client/src/components/filesystem/components/Icons.tsx">
        <metrics statements="10" coveredstatements="8" conditionals="1" coveredconditionals="0" methods="4" coveredmethods="3"/>
        <line num="4" count="1" type="stmt"/>
        <line num="5" count="13" type="stmt"/>
        <line num="11" count="1" type="stmt"/>
        <line num="12" count="0" type="stmt"/>
        <line num="25" count="1" type="stmt"/>
        <line num="26" count="13" type="stmt"/>
        <line num="37" count="1" type="stmt"/>
        <line num="38" count="13" type="cond" truecount="0" falsecount="1"/>
        <line num="39" count="0" type="stmt"/>
        <line num="46" count="13" type="stmt"/>
      </file>
      <file name="SearchBar.tsx" path="/home/lawrence140/SD/sprint4/SD-proj/client/src/components/filesystem/components/SearchBar.tsx">
        <metrics statements="29" coveredstatements="26" conditionals="19" coveredconditionals="14" methods="13" coveredmethods="10"/>
        <line num="1" count="1" type="stmt"/>
        <line num="2" count="1" type="stmt"/>
        <line num="3" count="1" type="stmt"/>
        <line num="18" count="1" type="stmt"/>
        <line num="19" count="16" type="stmt"/>
        <line num="20" count="16" type="stmt"/>
        <line num="21" count="16" type="stmt"/>
        <line num="29" count="16" type="stmt"/>
        <line num="32" count="16" type="stmt"/>
        <line num="33" count="6" type="cond" truecount="1" falsecount="0"/>
        <line num="34" count="6" type="stmt"/>
        <line num="38" count="16" type="stmt"/>
        <line num="39" count="4" type="stmt"/>
        <line num="42" count="16" type="stmt"/>
        <line num="43" count="1" type="stmt"/>
        <line num="44" count="1" type="stmt"/>
        <line num="51" count="1" type="stmt"/>
        <line num="60" count="16" type="stmt"/>
        <line num="69" count="2" type="stmt"/>
        <line num="70" count="0" type="cond" truecount="0" falsecount="2"/>
        <line num="97" count="4" type="stmt"/>
        <line num="111" count="24" type="stmt"/>
        <line num="116" count="1" type="cond" truecount="1" falsecount="1"/>
        <line num="118" count="0" type="stmt"/>
        <line num="119" count="1" type="stmt"/>
        <line num="136" count="1" type="stmt"/>
        <line num="148" count="1" type="stmt"/>
        <line num="161" count="0" type="stmt"/>
        <line num="187" count="1" type="stmt"/>
      </file>
    </package>
    <package name="components.filesystem.utils">
      <metrics statements="16" coveredstatements="13" conditionals="11" coveredconditionals="6" methods="2" coveredmethods="2"/>
      <file name="formatters.ts" path="/home/lawrence140/SD/sprint4/SD-proj/client/src/components/filesystem/utils/formatters.ts">
        <metrics statements="16" coveredstatements="13" conditionals="11" coveredconditionals="6" methods="2" coveredmethods="2"/>
        <line num="7" count="1" type="cond" truecount="1" falsecount="0"/>
        <line num="8" count="13" type="cond" truecount="3" falsecount="1"/>
        <line num="10" count="13" type="stmt"/>
        <line num="11" count="13" type="cond" truecount="1" falsecount="1"/>
        <line num="12" count="13" type="stmt"/>
        <line num="14" count="13" type="stmt"/>
        <line num="16" count="13" type="stmt"/>
        <line num="24" count="1" type="stmt"/>
        <line num="25" count="26" type="cond" truecount="0" falsecount="1"/>
        <line num="27" count="26" type="stmt"/>
        <line num="28" count="26" type="cond" truecount="1" falsecount="1"/>
        <line num="30" count="26" type="cond" truecount="0" falsecount="1"/>
        <line num="31" count="0" type="stmt"/>
        <line num="34" count="26" type="stmt"/>
        <line num="43" count="0" type="stmt"/>
        <line num="44" count="0" type="stmt"/>
      </file>
    </package>
    <package name="pages">
      <metrics statements="178" coveredstatements="128" conditionals="106" coveredconditionals="70" methods="38" coveredmethods="25"/>
      <file name="AdminPage.tsx" path="/home/lawrence140/SD/sprint4/SD-proj/client/src/pages/AdminPage.tsx">
        <metrics statements="129" coveredstatements="82" conditionals="88" coveredconditionals="54" methods="21" coveredmethods="13"/>
        <line num="1" count="1" type="stmt"/>
        <line num="2" count="1" type="stmt"/>
        <line num="10" count="1" type="stmt"/>
        <line num="11" count="1" type="stmt"/>
        <line num="14" count="1" type="stmt"/>
        <line num="15" count="1" type="stmt"/>
        <line num="18" count="1" type="stmt"/>
        <line num="19" count="1" type="stmt"/>
        <line num="32" count="1" type="stmt"/>
        <line num="33" count="4" type="cond" truecount="1" falsecount="0"/>
        <line num="34" count="3" type="cond" truecount="1" falsecount="0"/>
        <line num="35" count="2" type="cond" truecount="1" falsecount="0"/>
        <line num="36" count="1" type="stmt"/>
        <line num="40" count="1" type="stmt"/>
        <line num="41" count="1" type="stmt"/>
        <line num="44" count="1" type="stmt"/>
        <line num="45" count="59" type="stmt"/>
        <line num="46" count="59" type="stmt"/>
        <line num="47" count="59" type="stmt"/>
        <line num="49" count="59" type="stmt"/>
        <line num="50" count="59" type="stmt"/>
        <line num="51" count="59" type="stmt"/>
        <line num="52" count="59" type="stmt"/>
        <line num="53" count="59" type="stmt"/>
        <line num="54" count="59" type="stmt"/>
        <line num="55" count="59" type="stmt"/>
        <line num="57" count="59" type="stmt"/>
        <line num="58" count="59" type="stmt"/>
        <line num="59" count="59" type="stmt"/>
        <line num="61" count="59" type="stmt"/>
        <line num="62" count="59" type="stmt"/>
        <line num="64" count="59" type="stmt"/>
        <line num="65" count="12" type="cond" truecount="3" falsecount="0"/>
        <line num="66" count="1" type="stmt"/>
        <line num="71" count="59" type="stmt"/>
        <line num="72" count="6" type="cond" truecount="4" falsecount="0"/>
        <line num="73" count="5" type="stmt"/>
        <line num="74" count="5" type="stmt"/>
        <line num="75" count="5" type="stmt"/>
        <line num="76" count="5" type="stmt"/>
        <line num="78" count="1" type="stmt"/>
        <line num="82" count="59" type="stmt"/>
        <line num="87" count="59" type="stmt"/>
        <line num="88" count="0" type="stmt"/>
        <line num="89" count="0" type="stmt"/>
        <line num="91" count="0" type="stmt"/>
        <line num="92" count="0" type="stmt"/>
        <line num="93" count="0" type="cond" truecount="0" falsecount="1"/>
        <line num="94" count="0" type="stmt"/>
        <line num="97" count="0" type="stmt"/>
        <line num="98" count="0" type="stmt"/>
        <line num="100" count="0" type="stmt"/>
        <line num="101" count="0" type="cond" truecount="0" falsecount="2"/>
        <line num="103" count="0" type="stmt"/>
        <line num="107" count="59" type="stmt"/>
        <line num="108" count="0" type="cond" truecount="0" falsecount="1"/>
        <line num="109" count="0" type="stmt"/>
        <line num="112" count="0" type="stmt"/>
        <line num="113" count="0" type="stmt"/>
        <line num="114" count="0" type="stmt"/>
        <line num="118" count="0" type="cond" truecount="0" falsecount="1"/>
        <line num="119" count="0" type="stmt"/>
        <line num="123" count="0" type="stmt"/>
        <line num="125" count="0" type="stmt"/>
        <line num="126" count="0" type="cond" truecount="0" falsecount="2"/>
        <line num="128" count="0" type="stmt"/>
        <line num="133" count="59" type="stmt"/>
        <line num="134" count="12" type="cond" truecount="1" falsecount="2"/>
        <line num="135" count="0" type="stmt"/>
        <line num="140" count="59" type="stmt"/>
        <line num="141" count="3" type="cond" truecount="0" falsecount="1"/>
        <line num="142" count="0" type="stmt"/>
        <line num="143" count="0" type="stmt"/>
        <line num="146" count="3" type="stmt"/>
        <line num="147" count="3" type="stmt"/>
        <line num="149" count="3" type="stmt"/>
        <line num="150" count="3" type="stmt"/>
        <line num="151" count="3" type="stmt"/>
        <line num="153" count="2" type="cond" truecount="2" falsecount="1"/>
        <line num="154" count="0" type="stmt"/>
        <line num="158" count="2" type="stmt"/>
        <line num="159" count="2" type="stmt"/>
        <line num="162" count="2" type="stmt"/>
        <line num="163" count="2" type="stmt"/>
        <line num="164" count="2" type="stmt"/>
        <line num="167" count="2" type="stmt"/>
        <line num="170" count="2" type="stmt"/>
        <line num="171" count="2" type="stmt"/>
        <line num="174" count="2" type="stmt"/>
        <line num="175" count="0" type="stmt"/>
        <line num="179" count="1" type="stmt"/>
        <line num="180" count="1" type="cond" truecount="1" falsecount="1"/>
        <line num="181" count="1" type="stmt"/>
        <line num="183" count="3" type="stmt"/>
        <line num="188" count="59" type="stmt"/>
        <line num="189" count="4" type="cond" truecount="0" falsecount="1"/>
        <line num="190" count="0" type="stmt"/>
        <line num="191" count="0" type="stmt"/>
        <line num="195" count="4" type="stmt"/>
        <line num="196" count="4" type="stmt"/>
        <line num="201" count="59" type="stmt"/>
        <line num="202" count="0" type="cond" truecount="0" falsecount="1"/>
        <line num="203" count="0" type="cond" truecount="0" falsecount="1"/>
        <line num="204" count="0" type="cond" truecount="0" falsecount="1"/>
        <line num="205" count="0" type="stmt"/>
        <line num="209" count="59" type="stmt"/>
        <line num="210" count="0" type="stmt"/>
        <line num="214" count="59" type="stmt"/>
        <line num="215" count="19" type="cond" truecount="3" falsecount="1"/>
        <line num="216" count="0" type="stmt"/>
        <line num="219" count="0" type="stmt"/>
        <line num="220" count="0" type="cond" truecount="0" falsecount="2"/>
        <line num="221" count="0" type="stmt"/>
        <line num="224" count="0" type="stmt"/>
        <line num="227" count="0" type="stmt"/>
        <line num="230" count="0" type="stmt"/>
        <line num="231" count="0" type="stmt"/>
        <line num="234" count="0" type="stmt"/>
        <line num="236" count="0" type="stmt"/>
        <line num="241" count="0" type="stmt"/>
        <line num="245" count="59" type="stmt"/>
        <line num="304" count="1" type="stmt"/>
        <line num="320" count="4" type="stmt"/>
        <line num="335" count="1" type="stmt"/>
        <line num="515" count="0" type="stmt"/>
        <line num="549" count="0" type="stmt"/>
        <line num="606" count="1" type="stmt"/>
        <line num="607" count="1" type="stmt"/>
        <line num="619" count="1" type="stmt"/>
      </file>
      <file name="HomePage.tsx" path="/home/lawrence140/SD/sprint4/SD-proj/client/src/pages/HomePage.tsx">
        <metrics statements="49" coveredstatements="46" conditionals="18" coveredconditionals="16" methods="17" coveredmethods="12"/>
        <line num="1" count="1" type="stmt"/>
        <line num="3" count="1" type="stmt"/>
        <line num="4" count="25" type="stmt"/>
        <line num="5" count="25" type="stmt"/>
        <line num="6" count="25" type="stmt"/>
        <line num="7" count="25" type="stmt"/>
        <line num="8" count="25" type="stmt"/>
        <line num="9" count="25" type="stmt"/>
        <line num="10" count="25" type="stmt"/>
        <line num="11" count="25" type="stmt"/>
        <line num="14" count="25" type="stmt"/>
        <line num="15" count="6" type="stmt"/>
        <line num="16" count="6" type="stmt"/>
        <line num="19" count="25" type="stmt"/>
        <line num="20" count="5" type="stmt"/>
        <line num="21" count="5" type="cond" truecount="3" falsecount="0"/>
        <line num="22" count="1" type="stmt"/>
        <line num="23" count="1" type="stmt"/>
        <line num="24" count="1" type="stmt"/>
        <line num="27" count="4" type="stmt"/>
        <line num="28" count="4" type="stmt"/>
        <line num="29" count="4" type="stmt"/>
        <line num="31" count="4" type="stmt"/>
        <line num="32" count="4" type="stmt"/>
        <line num="34" count="4" type="stmt"/>
        <line num="35" count="4" type="stmt"/>
        <line num="43" count="3" type="cond" truecount="0" falsecount="1"/>
        <line num="44" count="0" type="stmt"/>
        <line num="47" count="3" type="stmt"/>
        <line num="48" count="3" type="stmt"/>
        <line num="50" count="3" type="stmt"/>
        <line num="53" count="1" type="stmt"/>
        <line num="56" count="3" type="stmt"/>
        <line num="58" count="1" type="stmt"/>
        <line num="59" count="1" type="stmt"/>
        <line num="61" count="4" type="stmt"/>
        <line num="65" count="25" type="stmt"/>
        <line num="66" count="1" type="cond" truecount="1" falsecount="0"/>
        <line num="67" count="1" type="stmt"/>
        <line num="71" count="25" type="stmt"/>
        <line num="72" count="0" type="stmt"/>
        <line num="75" count="25" type="stmt"/>
        <line num="95" count="4" type="stmt"/>
        <line num="134" count="3" type="stmt"/>
        <line num="142" count="0" type="stmt"/>
        <line num="153" count="3" type="stmt"/>
        <line num="188" count="125" type="stmt"/>
        <line num="191" count="1" type="stmt"/>
        <line num="203" count="1" type="stmt"/>
      </file>
    </package>
  </project>
</coverage>
