{"/home/lawrence140/SD/new/SD-proj-12a2724/client/src/_mock_/styleMock.js": {"path":"/home/lawrence140/SD/new/SD-proj-12a2724/client/src/_mock_/styleMock.js","statementMap":{"0":{"start":{"line":1,"column":0},"end":{"line":1,"column":20}}},"fnMap":{},"branchMap":{},"s":{"0":1},"f":{},"b":{},"inputSourceMap":null,"_coverageSchema":"1a1c01bbd47fc00a2c39e90264f33305004495a9","hash":"1d824a66e33a27db93cfd616f089fbaf62f66ca2"}
,"/home/lawrence140/SD/new/SD-proj-12a2724/client/src/components/filesystem/BasicFileSystem.tsx": {"path":"/home/lawrence140/SD/new/SD-proj-12a2724/client/src/components/filesystem/BasicFileSystem.tsx","statementMap":{"0":{"start":{"line":1,"column":0},"end":{"line":1,"column":73}},"1":{"start":{"line":2,"column":0},"end":{"line":2,"column":56}},"2":{"start":{"line":7,"column":0},"end":{"line":7,"column":50}},"3":{"start":{"line":9,"column":0},"end":{"line":9,"column":55}},"4":{"start":{"line":10,"column":0},"end":{"line":10,"column":59}},"5":{"start":{"line":11,"column":0},"end":{"line":11,"column":55}},"6":{"start":{"line":12,"column":0},"end":{"line":12,"column":61}},"7":{"start":{"line":13,"column":0},"end":{"line":13,"column":43}},"8":{"start":{"line":14,"column":0},"end":{"line":14,"column":59}},"9":{"start":{"line":16,"column":0},"end":{"line":16,"column":55}},"10":{"start":{"line":18,"column":0},"end":{"line":18,"column":35}},"11":{"start":{"line":19,"column":0},"end":{"line":19,"column":61}},"12":{"start":{"line":20,"column":0},"end":{"line":20,"column":49}},"13":{"start":{"line":21,"column":0},"end":{"line":21,"column":55}},"14":{"start":{"line":22,"column":0},"end":{"line":22,"column":47}},"15":{"start":{"line":24,"column":0},"end":{"line":24,"column":73}},"16":{"start":{"line":27,"column":16},"end":{"line":27,"column":32}},"17":{"start":{"line":30,"column":34},"end":{"line":1005,"column":1}},"18":{"start":{"line":31,"column":28},"end":{"line":31,"column":52}},"19":{"start":{"line":32,"column":36},"end":{"line":32,"column":60}},"20":{"start":{"line":33,"column":28},"end":{"line":33,"column":57}},"21":{"start":{"line":34,"column":40},"end":{"line":34,"column":60}},"22":{"start":{"line":35,"column":36},"end":{"line":35,"column":60}},"23":{"start":{"line":36,"column":40},"end":{"line":36,"column":71}},"24":{"start":{"line":37,"column":44},"end":{"line":37,"column":76}},"25":{"start":{"line":38,"column":36},"end":{"line":38,"column":60}},"26":{"start":{"line":40,"column":56},"end":{"line":40,"column":80}},"27":{"start":{"line":41,"column":42},"end":{"line":41,"column":69}},"28":{"start":{"line":44,"column":48},"end":{"line":44,"column":77}},"29":{"start":{"line":45,"column":42},"end":{"line":45,"column":71}},"30":{"start":{"line":48,"column":42},"end":{"line":48,"column":66}},"31":{"start":{"line":49,"column":50},"end":{"line":49,"column":72}},"32":{"start":{"line":50,"column":48},"end":{"line":50,"column":70}},"33":{"start":{"line":52,"column":42},"end":{"line":52,"column":71}},"34":{"start":{"line":53,"column":40},"end":{"line":53,"column":60}},"35":{"start":{"line":56,"column":46},"end":{"line":56,"column":87}},"36":{"start":{"line":57,"column":56},"end":{"line":57,"column":80}},"37":{"start":{"line":58,"column":48},"end":{"line":58,"column":77}},"38":{"start":{"line":61,"column":32},"end":{"line":61,"column":57}},"39":{"start":{"line":62,"column":44},"end":{"line":62,"column":74}},"40":{"start":{"line":65,"column":48},"end":{"line":65,"column":77}},"41":{"start":{"line":68,"column":56},"end":{"line":68,"column":133}},"42":{"start":{"line":72,"column":19},"end":{"line":72,"column":50}},"43":{"start":{"line":76,"column":24},"end":{"line":76,"column":67}},"44":{"start":{"line":76,"column":45},"end":{"line":76,"column":67}},"45":{"start":{"line":77,"column":22},"end":{"line":77,"column":63}},"46":{"start":{"line":77,"column":43},"end":{"line":77,"column":63}},"47":{"start":{"line":78,"column":21},"end":{"line":78,"column":61}},"48":{"start":{"line":78,"column":42},"end":{"line":78,"column":61}},"49":{"start":{"line":81,"column":20},"end":{"line":103,"column":8}},"50":{"start":{"line":82,"column":4},"end":{"line":82,"column":23}},"51":{"start":{"line":83,"column":4},"end":{"line":83,"column":19}},"52":{"start":{"line":84,"column":4},"end":{"line":84,"column":53}},"53":{"start":{"line":85,"column":4},"end":{"line":102,"column":5}},"54":{"start":{"line":86,"column":27},"end":{"line":86,"column":66}},"55":{"start":{"line":91,"column":6},"end":{"line":91,"column":29}},"56":{"start":{"line":93,"column":6},"end":{"line":93,"column":50}},"57":{"start":{"line":94,"column":22},"end":{"line":94,"column":70}},"58":{"start":{"line":95,"column":6},"end":{"line":95,"column":24}},"59":{"start":{"line":96,"column":6},"end":{"line":96,"column":45}},"60":{"start":{"line":98,"column":6},"end":{"line":98,"column":19}},"61":{"start":{"line":101,"column":6},"end":{"line":101,"column":26}},"62":{"start":{"line":105,"column":2},"end":{"line":107,"column":31}},"63":{"start":{"line":106,"column":4},"end":{"line":106,"column":27}},"64":{"start":{"line":110,"column":34},"end":{"line":120,"column":3}},"65":{"start":{"line":111,"column":17},"end":{"line":111,"column":40}},"66":{"start":{"line":112,"column":4},"end":{"line":112,"column":22}},"67":{"start":{"line":112,"column":15},"end":{"line":112,"column":22}},"68":{"start":{"line":114,"column":4},"end":{"line":114,"column":72}},"69":{"start":{"line":115,"column":4},"end":{"line":115,"column":26}},"70":{"start":{"line":116,"column":4},"end":{"line":116,"column":33}},"71":{"start":{"line":119,"column":4},"end":{"line":119,"column":28}},"72":{"start":{"line":125,"column":35},"end":{"line":180,"column":3}},"73":{"start":{"line":129,"column":37},"end":{"line":129,"column":95}},"74":{"start":{"line":131,"column":6},"end":{"line":131,"column":42}},"75":{"start":{"line":131,"column":35},"end":{"line":131,"column":42}},"76":{"start":{"line":133,"column":6},"end":{"line":133,"column":25}},"77":{"start":{"line":134,"column":6},"end":{"line":134,"column":21}},"78":{"start":{"line":135,"column":6},"end":{"line":135,"column":31}},"79":{"start":{"line":136,"column":6},"end":{"line":136,"column":68}},"80":{"start":{"line":137,"column":6},"end":{"line":179,"column":7}},"81":{"start":{"line":139,"column":25},"end":{"line":139,"column":105}},"82":{"start":{"line":141,"column":10},"end":{"line":144,"column":11}},"83":{"start":{"line":142,"column":14},"end":{"line":142,"column":86}},"84":{"start":{"line":143,"column":14},"end":{"line":143,"column":104}},"85":{"start":{"line":146,"column":10},"end":{"line":146,"column":98}},"86":{"start":{"line":149,"column":34},"end":{"line":149,"column":63}},"87":{"start":{"line":150,"column":39},"end":{"line":154,"column":11}},"88":{"start":{"line":151,"column":14},"end":{"line":151,"column":69}},"89":{"start":{"line":151,"column":43},"end":{"line":151,"column":67}},"90":{"start":{"line":152,"column":14},"end":{"line":152,"column":50}},"91":{"start":{"line":153,"column":14},"end":{"line":153,"column":63}},"92":{"start":{"line":153,"column":31},"end":{"line":153,"column":55}},"93":{"start":{"line":156,"column":10},"end":{"line":165,"column":11}},"94":{"start":{"line":157,"column":14},"end":{"line":157,"column":43}},"95":{"start":{"line":158,"column":14},"end":{"line":158,"column":73}},"96":{"start":{"line":159,"column":14},"end":{"line":159,"column":43}},"97":{"start":{"line":162,"column":14},"end":{"line":162,"column":46}},"98":{"start":{"line":163,"column":14},"end":{"line":163,"column":79}},"99":{"start":{"line":164,"column":14},"end":{"line":164,"column":43}},"100":{"start":{"line":169,"column":10},"end":{"line":169,"column":56}},"101":{"start":{"line":170,"column":26},"end":{"line":170,"column":74}},"102":{"start":{"line":171,"column":10},"end":{"line":171,"column":60}},"103":{"start":{"line":172,"column":10},"end":{"line":172,"column":20}},"104":{"start":{"line":174,"column":10},"end":{"line":174,"column":30}},"105":{"start":{"line":176,"column":10},"end":{"line":176,"column":39}},"106":{"start":{"line":177,"column":10},"end":{"line":177,"column":32}},"107":{"start":{"line":178,"column":10},"end":{"line":178,"column":40}},"108":{"start":{"line":185,"column":29},"end":{"line":205,"column":3}},"109":{"start":{"line":187,"column":4},"end":{"line":187,"column":80}},"110":{"start":{"line":187,"column":73},"end":{"line":187,"column":80}},"111":{"start":{"line":188,"column":4},"end":{"line":188,"column":19}},"112":{"start":{"line":189,"column":4},"end":{"line":189,"column":53}},"113":{"start":{"line":190,"column":4},"end":{"line":204,"column":5}},"114":{"start":{"line":191,"column":6},"end":{"line":191,"column":51}},"115":{"start":{"line":192,"column":6},"end":{"line":192,"column":61}},"116":{"start":{"line":193,"column":6},"end":{"line":197,"column":9}},"117":{"start":{"line":194,"column":21},"end":{"line":194,"column":34}},"118":{"start":{"line":195,"column":8},"end":{"line":195,"column":30}},"119":{"start":{"line":196,"column":8},"end":{"line":196,"column":20}},"120":{"start":{"line":198,"column":6},"end":{"line":198,"column":35}},"121":{"start":{"line":200,"column":6},"end":{"line":200,"column":50}},"122":{"start":{"line":201,"column":22},"end":{"line":201,"column":70}},"123":{"start":{"line":203,"column":6},"end":{"line":203,"column":47}},"124":{"start":{"line":207,"column":21},"end":{"line":209,"column":3}},"125":{"start":{"line":208,"column":4},"end":{"line":208,"column":25}},"126":{"start":{"line":211,"column":21},"end":{"line":216,"column":3}},"127":{"start":{"line":212,"column":4},"end":{"line":212,"column":29}},"128":{"start":{"line":212,"column":22},"end":{"line":212,"column":29}},"129":{"start":{"line":213,"column":18},"end":{"line":213,"column":40}},"130":{"start":{"line":214,"column":4},"end":{"line":214,"column":16}},"131":{"start":{"line":215,"column":4},"end":{"line":215,"column":32}},"132":{"start":{"line":219,"column":27},"end":{"line":241,"column":3}},"133":{"start":{"line":221,"column":4},"end":{"line":227,"column":5}},"134":{"start":{"line":222,"column":6},"end":{"line":222,"column":80}},"135":{"start":{"line":223,"column":6},"end":{"line":223,"column":25}},"136":{"start":{"line":225,"column":6},"end":{"line":225,"column":62}},"137":{"start":{"line":225,"column":39},"end":{"line":225,"column":60}},"138":{"start":{"line":226,"column":6},"end":{"line":226,"column":13}},"139":{"start":{"line":230,"column":4},"end":{"line":240,"column":7}},"140":{"start":{"line":231,"column":26},"end":{"line":231,"column":47}},"141":{"start":{"line":232,"column":6},"end":{"line":238,"column":7}},"142":{"start":{"line":233,"column":8},"end":{"line":233,"column":34}},"143":{"start":{"line":234,"column":8},"end":{"line":234,"column":62}},"144":{"start":{"line":236,"column":8},"end":{"line":236,"column":37}},"145":{"start":{"line":237,"column":8},"end":{"line":237,"column":64}},"146":{"start":{"line":239,"column":6},"end":{"line":239,"column":25}},"147":{"start":{"line":245,"column":26},"end":{"line":255,"column":3}},"148":{"start":{"line":246,"column":4},"end":{"line":254,"column":5}},"149":{"start":{"line":248,"column":23},"end":{"line":248,"column":109}},"150":{"start":{"line":248,"column":58},"end":{"line":248,"column":84}},"151":{"start":{"line":248,"column":98},"end":{"line":248,"column":107}},"152":{"start":{"line":249,"column":6},"end":{"line":249,"column":33}},"153":{"start":{"line":250,"column":6},"end":{"line":250,"column":61}},"154":{"start":{"line":252,"column":6},"end":{"line":252,"column":34}},"155":{"start":{"line":253,"column":6},"end":{"line":253,"column":55}},"156":{"start":{"line":259,"column":2},"end":{"line":261,"column":20}},"157":{"start":{"line":260,"column":4},"end":{"line":260,"column":32}},"158":{"start":{"line":264,"column":32},"end":{"line":271,"column":3}},"159":{"start":{"line":265,"column":4},"end":{"line":270,"column":5}},"160":{"start":{"line":266,"column":6},"end":{"line":266,"column":28}},"161":{"start":{"line":268,"column":6},"end":{"line":268,"column":53}},"162":{"start":{"line":269,"column":6},"end":{"line":269,"column":27}},"163":{"start":{"line":274,"column":27},"end":{"line":276,"column":3}},"164":{"start":{"line":275,"column":4},"end":{"line":275,"column":25}},"165":{"start":{"line":279,"column":31},"end":{"line":309,"column":3}},"166":{"start":{"line":280,"column":4},"end":{"line":280,"column":41}},"167":{"start":{"line":280,"column":34},"end":{"line":280,"column":41}},"168":{"start":{"line":281,"column":4},"end":{"line":281,"column":105}},"169":{"start":{"line":281,"column":98},"end":{"line":281,"column":105}},"170":{"start":{"line":283,"column":4},"end":{"line":283,"column":19}},"171":{"start":{"line":284,"column":4},"end":{"line":284,"column":71}},"172":{"start":{"line":285,"column":4},"end":{"line":285,"column":23}},"173":{"start":{"line":286,"column":23},"end":{"line":286,"column":24}},"174":{"start":{"line":287,"column":34},"end":{"line":287,"column":36}},"175":{"start":{"line":289,"column":4},"end":{"line":298,"column":5}},"176":{"start":{"line":290,"column":6},"end":{"line":297,"column":7}},"177":{"start":{"line":291,"column":8},"end":{"line":291,"column":53}},"178":{"start":{"line":292,"column":8},"end":{"line":292,"column":23}},"179":{"start":{"line":294,"column":8},"end":{"line":294,"column":60}},"180":{"start":{"line":295,"column":24},"end":{"line":295,"column":72}},"181":{"start":{"line":296,"column":8},"end":{"line":296,"column":86}},"182":{"start":{"line":299,"column":4},"end":{"line":299,"column":32}},"183":{"start":{"line":300,"column":4},"end":{"line":300,"column":33}},"184":{"start":{"line":301,"column":4},"end":{"line":301,"column":24}},"185":{"start":{"line":303,"column":4},"end":{"line":308,"column":5}},"186":{"start":{"line":304,"column":6},"end":{"line":304,"column":117}},"187":{"start":{"line":306,"column":11},"end":{"line":308,"column":5}},"188":{"start":{"line":307,"column":6},"end":{"line":307,"column":69}},"189":{"start":{"line":311,"column":36},"end":{"line":328,"column":3}},"190":{"start":{"line":312,"column":4},"end":{"line":312,"column":54}},"191":{"start":{"line":312,"column":47},"end":{"line":312,"column":54}},"192":{"start":{"line":314,"column":4},"end":{"line":314,"column":81}},"193":{"start":{"line":315,"column":4},"end":{"line":315,"column":23}},"194":{"start":{"line":316,"column":4},"end":{"line":316,"column":19}},"195":{"start":{"line":317,"column":4},"end":{"line":327,"column":5}},"196":{"start":{"line":319,"column":6},"end":{"line":319,"column":69}},"197":{"start":{"line":322,"column":6},"end":{"line":322,"column":49}},"198":{"start":{"line":323,"column":22},"end":{"line":323,"column":70}},"199":{"start":{"line":324,"column":6},"end":{"line":324,"column":53}},"200":{"start":{"line":326,"column":6},"end":{"line":326,"column":26}},"201":{"start":{"line":332,"column":26},"end":{"line":339,"column":3}},"202":{"start":{"line":333,"column":4},"end":{"line":333,"column":41}},"203":{"start":{"line":333,"column":34},"end":{"line":333,"column":41}},"204":{"start":{"line":334,"column":4},"end":{"line":334,"column":78}},"205":{"start":{"line":335,"column":4},"end":{"line":335,"column":51}},"206":{"start":{"line":336,"column":4},"end":{"line":336,"column":26}},"207":{"start":{"line":337,"column":4},"end":{"line":337,"column":27}},"208":{"start":{"line":341,"column":28},"end":{"line":382,"column":3}},"209":{"start":{"line":342,"column":4},"end":{"line":342,"column":63}},"210":{"start":{"line":342,"column":56},"end":{"line":342,"column":63}},"211":{"start":{"line":344,"column":34},"end":{"line":344,"column":45}},"212":{"start":{"line":345,"column":4},"end":{"line":345,"column":108}},"213":{"start":{"line":348,"column":4},"end":{"line":360,"column":5}},"214":{"start":{"line":349,"column":8},"end":{"line":352,"column":9}},"215":{"start":{"line":350,"column":12},"end":{"line":350,"column":72}},"216":{"start":{"line":351,"column":12},"end":{"line":351,"column":19}},"217":{"start":{"line":354,"column":8},"end":{"line":359,"column":9}},"218":{"start":{"line":355,"column":13},"end":{"line":355,"column":62}},"219":{"start":{"line":358,"column":13},"end":{"line":358,"column":20}},"220":{"start":{"line":362,"column":4},"end":{"line":362,"column":23}},"221":{"start":{"line":363,"column":4},"end":{"line":363,"column":19}},"222":{"start":{"line":364,"column":4},"end":{"line":381,"column":5}},"223":{"start":{"line":365,"column":6},"end":{"line":365,"column":81}},"224":{"start":{"line":366,"column":6},"end":{"line":366,"column":65}},"225":{"start":{"line":368,"column":6},"end":{"line":368,"column":30}},"226":{"start":{"line":369,"column":6},"end":{"line":369,"column":29}},"227":{"start":{"line":370,"column":6},"end":{"line":370,"column":34}},"228":{"start":{"line":371,"column":6},"end":{"line":371,"column":35}},"229":{"start":{"line":373,"column":6},"end":{"line":373,"column":51}},"230":{"start":{"line":374,"column":22},"end":{"line":374,"column":70}},"231":{"start":{"line":375,"column":6},"end":{"line":375,"column":45}},"232":{"start":{"line":380,"column":6},"end":{"line":380,"column":26}},"233":{"start":{"line":384,"column":27},"end":{"line":390,"column":3}},"234":{"start":{"line":385,"column":4},"end":{"line":385,"column":53}},"235":{"start":{"line":386,"column":4},"end":{"line":386,"column":27}},"236":{"start":{"line":387,"column":4},"end":{"line":387,"column":28}},"237":{"start":{"line":389,"column":4},"end":{"line":389,"column":32}},"238":{"start":{"line":394,"column":29},"end":{"line":403,"column":3}},"239":{"start":{"line":395,"column":4},"end":{"line":395,"column":41}},"240":{"start":{"line":395,"column":34},"end":{"line":395,"column":41}},"241":{"start":{"line":396,"column":4},"end":{"line":396,"column":68}},"242":{"start":{"line":397,"column":4},"end":{"line":397,"column":50}},"243":{"start":{"line":399,"column":4},"end":{"line":399,"column":27}},"244":{"start":{"line":400,"column":4},"end":{"line":400,"column":28}},"245":{"start":{"line":402,"column":4},"end":{"line":402,"column":32}},"246":{"start":{"line":406,"column":28},"end":{"line":441,"column":3}},"247":{"start":{"line":407,"column":4},"end":{"line":410,"column":5}},"248":{"start":{"line":408,"column":6},"end":{"line":408,"column":47}},"249":{"start":{"line":409,"column":6},"end":{"line":409,"column":13}},"250":{"start":{"line":412,"column":34},"end":{"line":412,"column":45}},"251":{"start":{"line":413,"column":27},"end":{"line":413,"column":42}},"252":{"start":{"line":414,"column":22},"end":{"line":414,"column":28}},"253":{"start":{"line":415,"column":4},"end":{"line":415,"column":103}},"254":{"start":{"line":418,"column":4},"end":{"line":423,"column":5}},"255":{"start":{"line":419,"column":8},"end":{"line":422,"column":9}},"256":{"start":{"line":420,"column":12},"end":{"line":420,"column":80}},"257":{"start":{"line":421,"column":12},"end":{"line":421,"column":19}},"258":{"start":{"line":425,"column":4},"end":{"line":425,"column":23}},"259":{"start":{"line":426,"column":4},"end":{"line":426,"column":19}},"260":{"start":{"line":427,"column":4},"end":{"line":440,"column":5}},"261":{"start":{"line":428,"column":6},"end":{"line":428,"column":79}},"262":{"start":{"line":429,"column":6},"end":{"line":429,"column":64}},"263":{"start":{"line":431,"column":6},"end":{"line":431,"column":29}},"264":{"start":{"line":433,"column":6},"end":{"line":433,"column":35}},"265":{"start":{"line":435,"column":6},"end":{"line":435,"column":57}},"266":{"start":{"line":436,"column":22},"end":{"line":436,"column":70}},"267":{"start":{"line":437,"column":6},"end":{"line":437,"column":46}},"268":{"start":{"line":439,"column":6},"end":{"line":439,"column":26}},"269":{"start":{"line":445,"column":26},"end":{"line":452,"column":3}},"270":{"start":{"line":446,"column":4},"end":{"line":446,"column":51}},"271":{"start":{"line":447,"column":4},"end":{"line":447,"column":33}},"272":{"start":{"line":449,"column":4},"end":{"line":449,"column":46}},"273":{"start":{"line":454,"column":24},"end":{"line":459,"column":3}},"274":{"start":{"line":456,"column":4},"end":{"line":456,"column":40}},"275":{"start":{"line":457,"column":4},"end":{"line":457,"column":29}},"276":{"start":{"line":458,"column":4},"end":{"line":458,"column":26}},"277":{"start":{"line":461,"column":25},"end":{"line":467,"column":3}},"278":{"start":{"line":462,"column":4},"end":{"line":462,"column":27}},"279":{"start":{"line":463,"column":4},"end":{"line":463,"column":43}},"280":{"start":{"line":464,"column":4},"end":{"line":466,"column":5}},"281":{"start":{"line":465,"column":8},"end":{"line":465,"column":36}},"282":{"start":{"line":469,"column":26},"end":{"line":476,"column":3}},"283":{"start":{"line":470,"column":4},"end":{"line":470,"column":27}},"284":{"start":{"line":472,"column":23},"end":{"line":472,"column":61}},"285":{"start":{"line":472,"column":39},"end":{"line":472,"column":60}},"286":{"start":{"line":473,"column":4},"end":{"line":475,"column":5}},"287":{"start":{"line":474,"column":8},"end":{"line":474,"column":36}},"288":{"start":{"line":478,"column":26},"end":{"line":487,"column":3}},"289":{"start":{"line":479,"column":4},"end":{"line":479,"column":27}},"290":{"start":{"line":481,"column":26},"end":{"line":481,"column":53}},"291":{"start":{"line":482,"column":4},"end":{"line":486,"column":5}},"292":{"start":{"line":483,"column":8},"end":{"line":485,"column":9}},"293":{"start":{"line":484,"column":12},"end":{"line":484,"column":34}},"294":{"start":{"line":489,"column":21},"end":{"line":530,"column":3}},"295":{"start":{"line":490,"column":4},"end":{"line":490,"column":27}},"296":{"start":{"line":491,"column":4},"end":{"line":491,"column":26}},"297":{"start":{"line":493,"column":4},"end":{"line":496,"column":5}},"298":{"start":{"line":494,"column":6},"end":{"line":494,"column":57}},"299":{"start":{"line":495,"column":6},"end":{"line":495,"column":13}},"300":{"start":{"line":498,"column":4},"end":{"line":502,"column":5}},"301":{"start":{"line":499,"column":6},"end":{"line":499,"column":59}},"302":{"start":{"line":500,"column":6},"end":{"line":500,"column":31}},"303":{"start":{"line":501,"column":6},"end":{"line":501,"column":13}},"304":{"start":{"line":505,"column":4},"end":{"line":510,"column":5}},"305":{"start":{"line":506,"column":8},"end":{"line":506,"column":76}},"306":{"start":{"line":507,"column":8},"end":{"line":507,"column":76}},"307":{"start":{"line":508,"column":8},"end":{"line":508,"column":33}},"308":{"start":{"line":509,"column":8},"end":{"line":509,"column":15}},"309":{"start":{"line":512,"column":4},"end":{"line":512,"column":96}},"310":{"start":{"line":515,"column":4},"end":{"line":528,"column":5}},"311":{"start":{"line":516,"column":6},"end":{"line":516,"column":25}},"312":{"start":{"line":517,"column":6},"end":{"line":517,"column":21}},"313":{"start":{"line":518,"column":6},"end":{"line":518,"column":74}},"314":{"start":{"line":519,"column":6},"end":{"line":519,"column":66}},"315":{"start":{"line":520,"column":6},"end":{"line":520,"column":35}},"316":{"start":{"line":522,"column":6},"end":{"line":522,"column":41}},"317":{"start":{"line":523,"column":22},"end":{"line":523,"column":70}},"318":{"start":{"line":524,"column":6},"end":{"line":524,"column":45}},"319":{"start":{"line":526,"column":6},"end":{"line":526,"column":26}},"320":{"start":{"line":527,"column":6},"end":{"line":527,"column":31}},"321":{"start":{"line":534,"column":28},"end":{"line":545,"column":3}},"322":{"start":{"line":535,"column":4},"end":{"line":535,"column":41}},"323":{"start":{"line":535,"column":34},"end":{"line":535,"column":41}},"324":{"start":{"line":536,"column":17},"end":{"line":536,"column":45}},"325":{"start":{"line":537,"column":4},"end":{"line":537,"column":55}},"326":{"start":{"line":538,"column":4},"end":{"line":538,"column":26}},"327":{"start":{"line":539,"column":4},"end":{"line":539,"column":48}},"328":{"start":{"line":540,"column":4},"end":{"line":540,"column":32}},"329":{"start":{"line":542,"column":4},"end":{"line":542,"column":27}},"330":{"start":{"line":543,"column":4},"end":{"line":543,"column":28}},"331":{"start":{"line":544,"column":4},"end":{"line":544,"column":27}},"332":{"start":{"line":547,"column":30},"end":{"line":584,"column":3}},"333":{"start":{"line":548,"column":4},"end":{"line":551,"column":5}},"334":{"start":{"line":549,"column":6},"end":{"line":549,"column":27}},"335":{"start":{"line":550,"column":6},"end":{"line":550,"column":13}},"336":{"start":{"line":553,"column":4},"end":{"line":557,"column":5}},"337":{"start":{"line":554,"column":8},"end":{"line":554,"column":56}},"338":{"start":{"line":556,"column":8},"end":{"line":556,"column":15}},"339":{"start":{"line":559,"column":22},"end":{"line":559,"column":48}},"340":{"start":{"line":562,"column":20},"end":{"line":562,"column":75}},"341":{"start":{"line":565,"column":4},"end":{"line":565,"column":81}},"342":{"start":{"line":567,"column":4},"end":{"line":567,"column":23}},"343":{"start":{"line":568,"column":4},"end":{"line":568,"column":19}},"344":{"start":{"line":569,"column":4},"end":{"line":583,"column":5}},"345":{"start":{"line":570,"column":6},"end":{"line":570,"column":64}},"346":{"start":{"line":571,"column":6},"end":{"line":571,"column":48}},"347":{"start":{"line":572,"column":6},"end":{"line":572,"column":28}},"348":{"start":{"line":573,"column":6},"end":{"line":573,"column":25}},"349":{"start":{"line":574,"column":6},"end":{"line":574,"column":35}},"350":{"start":{"line":576,"column":6},"end":{"line":576,"column":45}},"351":{"start":{"line":577,"column":22},"end":{"line":577,"column":70}},"352":{"start":{"line":578,"column":6},"end":{"line":578,"column":47}},"353":{"start":{"line":579,"column":6},"end":{"line":579,"column":28}},"354":{"start":{"line":580,"column":6},"end":{"line":580,"column":25}},"355":{"start":{"line":582,"column":6},"end":{"line":582,"column":26}},"356":{"start":{"line":586,"column":29},"end":{"line":590,"column":3}},"357":{"start":{"line":587,"column":4},"end":{"line":587,"column":47}},"358":{"start":{"line":588,"column":4},"end":{"line":588,"column":26}},"359":{"start":{"line":589,"column":4},"end":{"line":589,"column":23}},"360":{"start":{"line":594,"column":29},"end":{"line":621,"column":3}},"361":{"start":{"line":595,"column":23},"end":{"line":595,"column":55}},"362":{"start":{"line":596,"column":4},"end":{"line":598,"column":5}},"363":{"start":{"line":597,"column":6},"end":{"line":597,"column":13}},"364":{"start":{"line":600,"column":4},"end":{"line":603,"column":5}},"365":{"start":{"line":601,"column":8},"end":{"line":601,"column":59}},"366":{"start":{"line":602,"column":8},"end":{"line":602,"column":15}},"367":{"start":{"line":605,"column":26},"end":{"line":605,"column":83}},"368":{"start":{"line":606,"column":4},"end":{"line":606,"column":76}},"369":{"start":{"line":608,"column":4},"end":{"line":608,"column":23}},"370":{"start":{"line":609,"column":4},"end":{"line":609,"column":19}},"371":{"start":{"line":610,"column":4},"end":{"line":620,"column":5}},"372":{"start":{"line":611,"column":6},"end":{"line":611,"column":61}},"373":{"start":{"line":612,"column":6},"end":{"line":612,"column":55}},"374":{"start":{"line":613,"column":6},"end":{"line":613,"column":35}},"375":{"start":{"line":615,"column":6},"end":{"line":615,"column":52}},"376":{"start":{"line":616,"column":22},"end":{"line":616,"column":70}},"377":{"start":{"line":617,"column":6},"end":{"line":617,"column":54}},"378":{"start":{"line":619,"column":6},"end":{"line":619,"column":26}},"379":{"start":{"line":625,"column":28},"end":{"line":641,"column":3}},"380":{"start":{"line":626,"column":4},"end":{"line":626,"column":27}},"381":{"start":{"line":628,"column":4},"end":{"line":628,"column":45}},"382":{"start":{"line":628,"column":38},"end":{"line":628,"column":45}},"383":{"start":{"line":630,"column":4},"end":{"line":630,"column":57}},"384":{"start":{"line":631,"column":4},"end":{"line":640,"column":7}},"385":{"start":{"line":643,"column":32},"end":{"line":685,"column":3}},"386":{"start":{"line":644,"column":48},"end":{"line":644,"column":66}},"387":{"start":{"line":645,"column":4},"end":{"line":648,"column":5}},"388":{"start":{"line":646,"column":6},"end":{"line":646,"column":79}},"389":{"start":{"line":647,"column":6},"end":{"line":647,"column":13}},"390":{"start":{"line":650,"column":4},"end":{"line":650,"column":19}},"391":{"start":{"line":651,"column":4},"end":{"line":651,"column":106}},"392":{"start":{"line":653,"column":4},"end":{"line":684,"column":5}},"393":{"start":{"line":655,"column":6},"end":{"line":655,"column":85}},"394":{"start":{"line":656,"column":6},"end":{"line":656,"column":25}},"395":{"start":{"line":657,"column":6},"end":{"line":666,"column":7}},"396":{"start":{"line":658,"column":10},"end":{"line":658,"column":58}},"397":{"start":{"line":659,"column":10},"end":{"line":659,"column":88}},"398":{"start":{"line":661,"column":10},"end":{"line":661,"column":87}},"399":{"start":{"line":662,"column":26},"end":{"line":662,"column":74}},"400":{"start":{"line":663,"column":10},"end":{"line":663,"column":57}},"401":{"start":{"line":665,"column":10},"end":{"line":665,"column":30}},"402":{"start":{"line":670,"column":6},"end":{"line":670,"column":86}},"403":{"start":{"line":672,"column":6},"end":{"line":682,"column":7}},"404":{"start":{"line":673,"column":22},"end":{"line":673,"column":70}},"405":{"start":{"line":674,"column":10},"end":{"line":674,"column":82}},"406":{"start":{"line":675,"column":10},"end":{"line":675,"column":37}},"407":{"start":{"line":677,"column":10},"end":{"line":677,"column":88}},"408":{"start":{"line":678,"column":26},"end":{"line":678,"column":74}},"409":{"start":{"line":679,"column":10},"end":{"line":679,"column":53}},"410":{"start":{"line":687,"column":34},"end":{"line":708,"column":3}},"411":{"start":{"line":688,"column":25},"end":{"line":688,"column":43}},"412":{"start":{"line":689,"column":4},"end":{"line":689,"column":26}},"413":{"start":{"line":689,"column":19},"end":{"line":689,"column":26}},"414":{"start":{"line":690,"column":4},"end":{"line":690,"column":67}},"415":{"start":{"line":693,"column":4},"end":{"line":693,"column":33}},"416":{"start":{"line":694,"column":4},"end":{"line":694,"column":29}},"417":{"start":{"line":695,"column":4},"end":{"line":695,"column":28}},"418":{"start":{"line":696,"column":4},"end":{"line":706,"column":5}},"419":{"start":{"line":697,"column":32},"end":{"line":697,"column":83}},"420":{"start":{"line":698,"column":6},"end":{"line":698,"column":43}},"421":{"start":{"line":700,"column":6},"end":{"line":700,"column":49}},"422":{"start":{"line":702,"column":22},"end":{"line":702,"column":70}},"423":{"start":{"line":703,"column":6},"end":{"line":703,"column":65}},"424":{"start":{"line":705,"column":6},"end":{"line":705,"column":36}},"425":{"start":{"line":711,"column":36},"end":{"line":729,"column":3}},"426":{"start":{"line":712,"column":56},"end":{"line":712,"column":74}},"427":{"start":{"line":713,"column":6},"end":{"line":716,"column":7}},"428":{"start":{"line":714,"column":10},"end":{"line":714,"column":102}},"429":{"start":{"line":715,"column":10},"end":{"line":715,"column":17}},"430":{"start":{"line":718,"column":6},"end":{"line":718,"column":72}},"431":{"start":{"line":721,"column":31},"end":{"line":721,"column":83}},"432":{"start":{"line":723,"column":6},"end":{"line":727,"column":9}},"433":{"start":{"line":728,"column":6},"end":{"line":728,"column":35}},"434":{"start":{"line":732,"column":37},"end":{"line":735,"column":3}},"435":{"start":{"line":733,"column":4},"end":{"line":733,"column":28}},"436":{"start":{"line":734,"column":4},"end":{"line":734,"column":29}},"437":{"start":{"line":738,"column":25},"end":{"line":738,"column":51}},"438":{"start":{"line":741,"column":21},"end":{"line":748,"column":3}},"439":{"start":{"line":743,"column":4},"end":{"line":745,"column":6}},"440":{"start":{"line":744,"column":6},"end":{"line":744,"column":74}},"441":{"start":{"line":746,"column":4},"end":{"line":746,"column":20}},"442":{"start":{"line":747,"column":4},"end":{"line":747,"column":122}},"443":{"start":{"line":752,"column":22},"end":{"line":816,"column":37}},"444":{"start":{"line":754,"column":4},"end":{"line":757,"column":5}},"445":{"start":{"line":755,"column":8},"end":{"line":755,"column":62}},"446":{"start":{"line":756,"column":8},"end":{"line":756,"column":18}},"447":{"start":{"line":759,"column":19},"end":{"line":814,"column":6}},"448":{"start":{"line":761,"column":23},"end":{"line":761,"column":84}},"449":{"start":{"line":762,"column":23},"end":{"line":762,"column":84}},"450":{"start":{"line":764,"column":8},"end":{"line":771,"column":9}},"451":{"start":{"line":766,"column":12},"end":{"line":766,"column":77}},"452":{"start":{"line":766,"column":25},"end":{"line":766,"column":77}},"453":{"start":{"line":767,"column":12},"end":{"line":767,"column":77}},"454":{"start":{"line":767,"column":25},"end":{"line":767,"column":77}},"455":{"start":{"line":769,"column":12},"end":{"line":769,"column":45}},"456":{"start":{"line":769,"column":36},"end":{"line":769,"column":45}},"457":{"start":{"line":770,"column":12},"end":{"line":770,"column":36}},"458":{"start":{"line":776,"column":8},"end":{"line":779,"column":9}},"459":{"start":{"line":777,"column":12},"end":{"line":777,"column":59}},"460":{"start":{"line":777,"column":49},"end":{"line":777,"column":59}},"461":{"start":{"line":778,"column":12},"end":{"line":778,"column":58}},"462":{"start":{"line":778,"column":49},"end":{"line":778,"column":58}},"463":{"start":{"line":784,"column":8},"end":{"line":801,"column":9}},"464":{"start":{"line":787,"column":16},"end":{"line":787,"column":61}},"465":{"start":{"line":788,"column":16},"end":{"line":788,"column":61}},"466":{"start":{"line":789,"column":16},"end":{"line":789,"column":22}},"467":{"start":{"line":792,"column":16},"end":{"line":792,"column":83}},"468":{"start":{"line":793,"column":16},"end":{"line":793,"column":83}},"469":{"start":{"line":794,"column":16},"end":{"line":794,"column":22}},"470":{"start":{"line":798,"column":16},"end":{"line":798,"column":48}},"471":{"start":{"line":799,"column":16},"end":{"line":799,"column":48}},"472":{"start":{"line":800,"column":16},"end":{"line":800,"column":22}},"473":{"start":{"line":804,"column":8},"end":{"line":804,"column":71}},"474":{"start":{"line":804,"column":62},"end":{"line":804,"column":71}},"475":{"start":{"line":806,"column":25},"end":{"line":806,"column":26}},"476":{"start":{"line":807,"column":8},"end":{"line":811,"column":9}},"477":{"start":{"line":808,"column":12},"end":{"line":808,"column":28}},"478":{"start":{"line":809,"column":15},"end":{"line":811,"column":9}},"479":{"start":{"line":810,"column":12},"end":{"line":810,"column":27}},"480":{"start":{"line":813,"column":8},"end":{"line":813,"column":70}},"481":{"start":{"line":815,"column":4},"end":{"line":815,"column":18}},"482":{"start":{"line":821,"column":31},"end":{"line":853,"column":3}},"483":{"start":{"line":822,"column":4},"end":{"line":822,"column":19}},"484":{"start":{"line":823,"column":4},"end":{"line":852,"column":5}},"485":{"start":{"line":825,"column":6},"end":{"line":825,"column":70}},"486":{"start":{"line":826,"column":6},"end":{"line":826,"column":25}},"487":{"start":{"line":827,"column":6},"end":{"line":835,"column":7}},"488":{"start":{"line":828,"column":10},"end":{"line":828,"column":59}},"489":{"start":{"line":830,"column":10},"end":{"line":830,"column":53}},"490":{"start":{"line":831,"column":26},"end":{"line":831,"column":74}},"491":{"start":{"line":832,"column":10},"end":{"line":832,"column":57}},"492":{"start":{"line":834,"column":10},"end":{"line":834,"column":30}},"493":{"start":{"line":839,"column":6},"end":{"line":839,"column":73}},"494":{"start":{"line":841,"column":6},"end":{"line":851,"column":7}},"495":{"start":{"line":842,"column":22},"end":{"line":842,"column":71}},"496":{"start":{"line":843,"column":10},"end":{"line":843,"column":37}},"497":{"start":{"line":844,"column":10},"end":{"line":844,"column":57}},"498":{"start":{"line":846,"column":10},"end":{"line":846,"column":49}},"499":{"start":{"line":847,"column":26},"end":{"line":847,"column":74}},"500":{"start":{"line":848,"column":10},"end":{"line":848,"column":53}},"501":{"start":{"line":857,"column":2},"end":{"line":1004,"column":4}},"502":{"start":{"line":964,"column":18},"end":{"line":964,"column":48}},"503":{"start":{"line":965,"column":18},"end":{"line":965,"column":40}},"504":{"start":{"line":966,"column":18},"end":{"line":966,"column":47}},"505":{"start":{"line":992,"column":37},"end":{"line":992,"column":64}},"506":{"start":{"line":1007,"column":0},"end":{"line":1007,"column":31}}},"fnMap":{"0":{"name":"(anonymous_1)","decl":{"start":{"line":30,"column":34},"end":{"line":30,"column":37}},"loc":{"start":{"line":30,"column":39},"end":{"line":1005,"column":1}}},"1":{"name":"(anonymous_2)","decl":{"start":{"line":76,"column":24},"end":{"line":76,"column":25}},"loc":{"start":{"line":76,"column":45},"end":{"line":76,"column":67}}},"2":{"name":"(anonymous_3)","decl":{"start":{"line":77,"column":22},"end":{"line":77,"column":23}},"loc":{"start":{"line":77,"column":43},"end":{"line":77,"column":63}}},"3":{"name":"(anonymous_4)","decl":{"start":{"line":78,"column":21},"end":{"line":78,"column":22}},"loc":{"start":{"line":78,"column":42},"end":{"line":78,"column":61}}},"4":{"name":"(anonymous_5)","decl":{"start":{"line":81,"column":32},"end":{"line":81,"column":37}},"loc":{"start":{"line":81,"column":55},"end":{"line":103,"column":3}}},"5":{"name":"(anonymous_6)","decl":{"start":{"line":105,"column":12},"end":{"line":105,"column":15}},"loc":{"start":{"line":105,"column":17},"end":{"line":107,"column":3}}},"6":{"name":"(anonymous_7)","decl":{"start":{"line":110,"column":34},"end":{"line":110,"column":35}},"loc":{"start":{"line":110,"column":81},"end":{"line":120,"column":3}}},"7":{"name":"(anonymous_8)","decl":{"start":{"line":125,"column":35},"end":{"line":125,"column":40}},"loc":{"start":{"line":125,"column":107},"end":{"line":180,"column":3}}},"8":{"name":"(anonymous_9)","decl":{"start":{"line":150,"column":39},"end":{"line":150,"column":44}},"loc":{"start":{"line":150,"column":50},"end":{"line":154,"column":11}}},"9":{"name":"(anonymous_10)","decl":{"start":{"line":151,"column":32},"end":{"line":151,"column":39}},"loc":{"start":{"line":151,"column":43},"end":{"line":151,"column":67}}},"10":{"name":"(anonymous_11)","decl":{"start":{"line":153,"column":25},"end":{"line":153,"column":28}},"loc":{"start":{"line":153,"column":31},"end":{"line":153,"column":55}}},"11":{"name":"(anonymous_12)","decl":{"start":{"line":185,"column":29},"end":{"line":185,"column":34}},"loc":{"start":{"line":185,"column":56},"end":{"line":205,"column":3}}},"12":{"name":"(anonymous_13)","decl":{"start":{"line":193,"column":23},"end":{"line":193,"column":27}},"loc":{"start":{"line":193,"column":30},"end":{"line":197,"column":7}}},"13":{"name":"(anonymous_14)","decl":{"start":{"line":207,"column":21},"end":{"line":207,"column":22}},"loc":{"start":{"line":207,"column":38},"end":{"line":209,"column":3}}},"14":{"name":"(anonymous_15)","decl":{"start":{"line":211,"column":21},"end":{"line":211,"column":24}},"loc":{"start":{"line":211,"column":26},"end":{"line":216,"column":3}}},"15":{"name":"(anonymous_16)","decl":{"start":{"line":219,"column":27},"end":{"line":219,"column":28}},"loc":{"start":{"line":219,"column":69},"end":{"line":241,"column":3}}},"16":{"name":"(anonymous_17)","decl":{"start":{"line":225,"column":23},"end":{"line":225,"column":35}},"loc":{"start":{"line":225,"column":39},"end":{"line":225,"column":60}}},"17":{"name":"(anonymous_18)","decl":{"start":{"line":230,"column":21},"end":{"line":230,"column":33}},"loc":{"start":{"line":230,"column":36},"end":{"line":240,"column":5}}},"18":{"name":"(anonymous_19)","decl":{"start":{"line":245,"column":26},"end":{"line":245,"column":27}},"loc":{"start":{"line":245,"column":49},"end":{"line":255,"column":3}}},"19":{"name":"(anonymous_20)","decl":{"start":{"line":248,"column":50},"end":{"line":248,"column":54}},"loc":{"start":{"line":248,"column":58},"end":{"line":248,"column":84}}},"20":{"name":"(anonymous_21)","decl":{"start":{"line":248,"column":90},"end":{"line":248,"column":94}},"loc":{"start":{"line":248,"column":98},"end":{"line":248,"column":107}}},"21":{"name":"(anonymous_22)","decl":{"start":{"line":259,"column":12},"end":{"line":259,"column":15}},"loc":{"start":{"line":259,"column":17},"end":{"line":261,"column":3}}},"22":{"name":"(anonymous_23)","decl":{"start":{"line":264,"column":32},"end":{"line":264,"column":33}},"loc":{"start":{"line":264,"column":51},"end":{"line":271,"column":3}}},"23":{"name":"(anonymous_24)","decl":{"start":{"line":274,"column":27},"end":{"line":274,"column":30}},"loc":{"start":{"line":274,"column":32},"end":{"line":276,"column":3}}},"24":{"name":"(anonymous_25)","decl":{"start":{"line":279,"column":31},"end":{"line":279,"column":36}},"loc":{"start":{"line":279,"column":42},"end":{"line":309,"column":3}}},"25":{"name":"(anonymous_26)","decl":{"start":{"line":311,"column":36},"end":{"line":311,"column":41}},"loc":{"start":{"line":311,"column":47},"end":{"line":328,"column":3}}},"26":{"name":"(anonymous_27)","decl":{"start":{"line":332,"column":26},"end":{"line":332,"column":29}},"loc":{"start":{"line":332,"column":31},"end":{"line":339,"column":3}}},"27":{"name":"(anonymous_28)","decl":{"start":{"line":341,"column":28},"end":{"line":341,"column":33}},"loc":{"start":{"line":341,"column":39},"end":{"line":382,"column":3}}},"28":{"name":"(anonymous_29)","decl":{"start":{"line":384,"column":27},"end":{"line":384,"column":30}},"loc":{"start":{"line":384,"column":32},"end":{"line":390,"column":3}}},"29":{"name":"(anonymous_30)","decl":{"start":{"line":394,"column":29},"end":{"line":394,"column":32}},"loc":{"start":{"line":394,"column":34},"end":{"line":403,"column":3}}},"30":{"name":"(anonymous_31)","decl":{"start":{"line":406,"column":28},"end":{"line":406,"column":33}},"loc":{"start":{"line":406,"column":39},"end":{"line":441,"column":3}}},"31":{"name":"(anonymous_32)","decl":{"start":{"line":445,"column":26},"end":{"line":445,"column":27}},"loc":{"start":{"line":445,"column":71},"end":{"line":452,"column":3}}},"32":{"name":"(anonymous_33)","decl":{"start":{"line":454,"column":24},"end":{"line":454,"column":27}},"loc":{"start":{"line":454,"column":29},"end":{"line":459,"column":3}}},"33":{"name":"(anonymous_34)","decl":{"start":{"line":461,"column":25},"end":{"line":461,"column":26}},"loc":{"start":{"line":461,"column":72},"end":{"line":467,"column":3}}},"34":{"name":"(anonymous_35)","decl":{"start":{"line":469,"column":26},"end":{"line":469,"column":27}},"loc":{"start":{"line":469,"column":73},"end":{"line":476,"column":3}}},"35":{"name":"(anonymous_36)","decl":{"start":{"line":472,"column":34},"end":{"line":472,"column":35}},"loc":{"start":{"line":472,"column":39},"end":{"line":472,"column":60}}},"36":{"name":"(anonymous_37)","decl":{"start":{"line":478,"column":26},"end":{"line":478,"column":27}},"loc":{"start":{"line":478,"column":73},"end":{"line":487,"column":3}}},"37":{"name":"(anonymous_38)","decl":{"start":{"line":489,"column":21},"end":{"line":489,"column":26}},"loc":{"start":{"line":489,"column":80},"end":{"line":530,"column":3}}},"38":{"name":"(anonymous_39)","decl":{"start":{"line":534,"column":28},"end":{"line":534,"column":31}},"loc":{"start":{"line":534,"column":33},"end":{"line":545,"column":3}}},"39":{"name":"(anonymous_40)","decl":{"start":{"line":547,"column":30},"end":{"line":547,"column":35}},"loc":{"start":{"line":547,"column":78},"end":{"line":584,"column":3}}},"40":{"name":"(anonymous_41)","decl":{"start":{"line":586,"column":29},"end":{"line":586,"column":32}},"loc":{"start":{"line":586,"column":34},"end":{"line":590,"column":3}}},"41":{"name":"(anonymous_42)","decl":{"start":{"line":594,"column":29},"end":{"line":594,"column":34}},"loc":{"start":{"line":594,"column":40},"end":{"line":621,"column":3}}},"42":{"name":"(anonymous_43)","decl":{"start":{"line":625,"column":28},"end":{"line":625,"column":29}},"loc":{"start":{"line":625,"column":72},"end":{"line":641,"column":3}}},"43":{"name":"(anonymous_44)","decl":{"start":{"line":643,"column":32},"end":{"line":643,"column":37}},"loc":{"start":{"line":643,"column":53},"end":{"line":685,"column":3}}},"44":{"name":"(anonymous_45)","decl":{"start":{"line":687,"column":34},"end":{"line":687,"column":39}},"loc":{"start":{"line":687,"column":55},"end":{"line":708,"column":3}}},"45":{"name":"(anonymous_46)","decl":{"start":{"line":711,"column":36},"end":{"line":711,"column":37}},"loc":{"start":{"line":711,"column":51},"end":{"line":729,"column":3}}},"46":{"name":"(anonymous_47)","decl":{"start":{"line":732,"column":37},"end":{"line":732,"column":40}},"loc":{"start":{"line":732,"column":42},"end":{"line":735,"column":3}}},"47":{"name":"(anonymous_48)","decl":{"start":{"line":741,"column":21},"end":{"line":741,"column":22}},"loc":{"start":{"line":741,"column":38},"end":{"line":748,"column":3}}},"48":{"name":"(anonymous_49)","decl":{"start":{"line":743,"column":21},"end":{"line":743,"column":22}},"loc":{"start":{"line":744,"column":6},"end":{"line":744,"column":74}}},"49":{"name":"(anonymous_50)","decl":{"start":{"line":752,"column":30},"end":{"line":752,"column":33}},"loc":{"start":{"line":752,"column":35},"end":{"line":816,"column":3}}},"50":{"name":"(anonymous_51)","decl":{"start":{"line":759,"column":35},"end":{"line":759,"column":36}},"loc":{"start":{"line":759,"column":44},"end":{"line":814,"column":5}}},"51":{"name":"(anonymous_52)","decl":{"start":{"line":821,"column":31},"end":{"line":821,"column":36}},"loc":{"start":{"line":821,"column":56},"end":{"line":853,"column":3}}},"52":{"name":"(anonymous_53)","decl":{"start":{"line":963,"column":23},"end":{"line":963,"column":26}},"loc":{"start":{"line":963,"column":28},"end":{"line":967,"column":15}}},"53":{"name":"(anonymous_54)","decl":{"start":{"line":992,"column":22},"end":{"line":992,"column":23}},"loc":{"start":{"line":992,"column":37},"end":{"line":992,"column":64}}}},"branchMap":{"0":{"loc":{"start":{"line":94,"column":22},"end":{"line":94,"column":70}},"type":"cond-expr","locations":[{"start":{"line":94,"column":45},"end":{"line":94,"column":56}},{"start":{"line":94,"column":59},"end":{"line":94,"column":70}}]},"1":{"loc":{"start":{"line":112,"column":4},"end":{"line":112,"column":22}},"type":"if","locations":[{"start":{"line":112,"column":4},"end":{"line":112,"column":22}}]},"2":{"loc":{"start":{"line":129,"column":37},"end":{"line":129,"column":95}},"type":"binary-expr","locations":[{"start":{"line":129,"column":37},"end":{"line":129,"column":41}},{"start":{"line":129,"column":45},"end":{"line":129,"column":95}}]},"3":{"loc":{"start":{"line":131,"column":6},"end":{"line":131,"column":42}},"type":"if","locations":[{"start":{"line":131,"column":6},"end":{"line":131,"column":42}}]},"4":{"loc":{"start":{"line":141,"column":10},"end":{"line":144,"column":11}},"type":"if","locations":[{"start":{"line":141,"column":10},"end":{"line":144,"column":11}}]},"5":{"loc":{"start":{"line":141,"column":14},"end":{"line":141,"column":60}},"type":"binary-expr","locations":[{"start":{"line":141,"column":14},"end":{"line":141,"column":21}},{"start":{"line":141,"column":25},"end":{"line":141,"column":60}}]},"6":{"loc":{"start":{"line":156,"column":10},"end":{"line":165,"column":11}},"type":"if","locations":[{"start":{"line":156,"column":10},"end":{"line":165,"column":11}},{"start":{"line":160,"column":17},"end":{"line":165,"column":11}}]},"7":{"loc":{"start":{"line":156,"column":14},"end":{"line":156,"column":72}},"type":"binary-expr","locations":[{"start":{"line":156,"column":14},"end":{"line":156,"column":37}},{"start":{"line":156,"column":41},"end":{"line":156,"column":72}}]},"8":{"loc":{"start":{"line":170,"column":26},"end":{"line":170,"column":74}},"type":"cond-expr","locations":[{"start":{"line":170,"column":49},"end":{"line":170,"column":60}},{"start":{"line":170,"column":63},"end":{"line":170,"column":74}}]},"9":{"loc":{"start":{"line":187,"column":4},"end":{"line":187,"column":80}},"type":"if","locations":[{"start":{"line":187,"column":4},"end":{"line":187,"column":80}}]},"10":{"loc":{"start":{"line":201,"column":22},"end":{"line":201,"column":70}},"type":"cond-expr","locations":[{"start":{"line":201,"column":45},"end":{"line":201,"column":56}},{"start":{"line":201,"column":59},"end":{"line":201,"column":70}}]},"11":{"loc":{"start":{"line":212,"column":4},"end":{"line":212,"column":29}},"type":"if","locations":[{"start":{"line":212,"column":4},"end":{"line":212,"column":29}}]},"12":{"loc":{"start":{"line":221,"column":4},"end":{"line":227,"column":5}},"type":"if","locations":[{"start":{"line":221,"column":4},"end":{"line":227,"column":5}}]},"13":{"loc":{"start":{"line":221,"column":8},"end":{"line":221,"column":74}},"type":"binary-expr","locations":[{"start":{"line":221,"column":8},"end":{"line":221,"column":20}},{"start":{"line":221,"column":24},"end":{"line":221,"column":35}},{"start":{"line":221,"column":39},"end":{"line":221,"column":74}}]},"14":{"loc":{"start":{"line":232,"column":6},"end":{"line":238,"column":7}},"type":"if","locations":[{"start":{"line":232,"column":6},"end":{"line":238,"column":7}},{"start":{"line":235,"column":13},"end":{"line":238,"column":7}}]},"15":{"loc":{"start":{"line":246,"column":4},"end":{"line":254,"column":5}},"type":"if","locations":[{"start":{"line":246,"column":4},"end":{"line":254,"column":5}},{"start":{"line":251,"column":11},"end":{"line":254,"column":5}}]},"16":{"loc":{"start":{"line":265,"column":4},"end":{"line":270,"column":5}},"type":"if","locations":[{"start":{"line":265,"column":4},"end":{"line":270,"column":5}},{"start":{"line":267,"column":11},"end":{"line":270,"column":5}}]},"17":{"loc":{"start":{"line":280,"column":4},"end":{"line":280,"column":41}},"type":"if","locations":[{"start":{"line":280,"column":4},"end":{"line":280,"column":41}}]},"18":{"loc":{"start":{"line":281,"column":4},"end":{"line":281,"column":105}},"type":"if","locations":[{"start":{"line":281,"column":4},"end":{"line":281,"column":105}}]},"19":{"loc":{"start":{"line":295,"column":24},"end":{"line":295,"column":72}},"type":"cond-expr","locations":[{"start":{"line":295,"column":47},"end":{"line":295,"column":58}},{"start":{"line":295,"column":61},"end":{"line":295,"column":72}}]},"20":{"loc":{"start":{"line":303,"column":4},"end":{"line":308,"column":5}},"type":"if","locations":[{"start":{"line":303,"column":4},"end":{"line":308,"column":5}},{"start":{"line":306,"column":11},"end":{"line":308,"column":5}}]},"21":{"loc":{"start":{"line":306,"column":11},"end":{"line":308,"column":5}},"type":"if","locations":[{"start":{"line":306,"column":11},"end":{"line":308,"column":5}}]},"22":{"loc":{"start":{"line":312,"column":4},"end":{"line":312,"column":54}},"type":"if","locations":[{"start":{"line":312,"column":4},"end":{"line":312,"column":54}}]},"23":{"loc":{"start":{"line":312,"column":8},"end":{"line":312,"column":45}},"type":"binary-expr","locations":[{"start":{"line":312,"column":8},"end":{"line":312,"column":32}},{"start":{"line":312,"column":36},"end":{"line":312,"column":45}}]},"24":{"loc":{"start":{"line":323,"column":22},"end":{"line":323,"column":70}},"type":"cond-expr","locations":[{"start":{"line":323,"column":45},"end":{"line":323,"column":56}},{"start":{"line":323,"column":59},"end":{"line":323,"column":70}}]},"25":{"loc":{"start":{"line":333,"column":4},"end":{"line":333,"column":41}},"type":"if","locations":[{"start":{"line":333,"column":4},"end":{"line":333,"column":41}}]},"26":{"loc":{"start":{"line":342,"column":4},"end":{"line":342,"column":63}},"type":"if","locations":[{"start":{"line":342,"column":4},"end":{"line":342,"column":63}}]},"27":{"loc":{"start":{"line":342,"column":8},"end":{"line":342,"column":54}},"type":"binary-expr","locations":[{"start":{"line":342,"column":8},"end":{"line":342,"column":37}},{"start":{"line":342,"column":41},"end":{"line":342,"column":54}}]},"28":{"loc":{"start":{"line":349,"column":8},"end":{"line":352,"column":9}},"type":"if","locations":[{"start":{"line":349,"column":8},"end":{"line":352,"column":9}}]},"29":{"loc":{"start":{"line":354,"column":8},"end":{"line":359,"column":9}},"type":"if","locations":[{"start":{"line":354,"column":8},"end":{"line":359,"column":9}}]},"30":{"loc":{"start":{"line":374,"column":22},"end":{"line":374,"column":70}},"type":"cond-expr","locations":[{"start":{"line":374,"column":45},"end":{"line":374,"column":56}},{"start":{"line":374,"column":59},"end":{"line":374,"column":70}}]},"31":{"loc":{"start":{"line":395,"column":4},"end":{"line":395,"column":41}},"type":"if","locations":[{"start":{"line":395,"column":4},"end":{"line":395,"column":41}}]},"32":{"loc":{"start":{"line":407,"column":4},"end":{"line":410,"column":5}},"type":"if","locations":[{"start":{"line":407,"column":4},"end":{"line":410,"column":5}}]},"33":{"loc":{"start":{"line":419,"column":8},"end":{"line":422,"column":9}},"type":"if","locations":[{"start":{"line":419,"column":8},"end":{"line":422,"column":9}}]},"34":{"loc":{"start":{"line":436,"column":22},"end":{"line":436,"column":70}},"type":"cond-expr","locations":[{"start":{"line":436,"column":45},"end":{"line":436,"column":56}},{"start":{"line":436,"column":59},"end":{"line":436,"column":70}}]},"35":{"loc":{"start":{"line":464,"column":4},"end":{"line":466,"column":5}},"type":"if","locations":[{"start":{"line":464,"column":4},"end":{"line":466,"column":5}}]},"36":{"loc":{"start":{"line":473,"column":4},"end":{"line":475,"column":5}},"type":"if","locations":[{"start":{"line":473,"column":4},"end":{"line":475,"column":5}}]},"37":{"loc":{"start":{"line":473,"column":8},"end":{"line":473,"column":65}},"type":"binary-expr","locations":[{"start":{"line":473,"column":8},"end":{"line":473,"column":31}},{"start":{"line":473,"column":35},"end":{"line":473,"column":65}}]},"38":{"loc":{"start":{"line":482,"column":4},"end":{"line":486,"column":5}},"type":"if","locations":[{"start":{"line":482,"column":4},"end":{"line":486,"column":5}}]},"39":{"loc":{"start":{"line":483,"column":8},"end":{"line":485,"column":9}},"type":"if","locations":[{"start":{"line":483,"column":8},"end":{"line":485,"column":9}}]},"40":{"loc":{"start":{"line":493,"column":4},"end":{"line":496,"column":5}},"type":"if","locations":[{"start":{"line":493,"column":4},"end":{"line":496,"column":5}}]},"41":{"loc":{"start":{"line":498,"column":4},"end":{"line":502,"column":5}},"type":"if","locations":[{"start":{"line":498,"column":4},"end":{"line":502,"column":5}}]},"42":{"loc":{"start":{"line":505,"column":4},"end":{"line":510,"column":5}},"type":"if","locations":[{"start":{"line":505,"column":4},"end":{"line":510,"column":5}}]},"43":{"loc":{"start":{"line":523,"column":22},"end":{"line":523,"column":70}},"type":"cond-expr","locations":[{"start":{"line":523,"column":45},"end":{"line":523,"column":56}},{"start":{"line":523,"column":59},"end":{"line":523,"column":70}}]},"44":{"loc":{"start":{"line":535,"column":4},"end":{"line":535,"column":41}},"type":"if","locations":[{"start":{"line":535,"column":4},"end":{"line":535,"column":41}}]},"45":{"loc":{"start":{"line":539,"column":19},"end":{"line":539,"column":46}},"type":"binary-expr","locations":[{"start":{"line":539,"column":19},"end":{"line":539,"column":40}},{"start":{"line":539,"column":44},"end":{"line":539,"column":46}}]},"46":{"loc":{"start":{"line":548,"column":4},"end":{"line":551,"column":5}},"type":"if","locations":[{"start":{"line":548,"column":4},"end":{"line":551,"column":5}}]},"47":{"loc":{"start":{"line":548,"column":8},"end":{"line":548,"column":61}},"type":"binary-expr","locations":[{"start":{"line":548,"column":8},"end":{"line":548,"column":16}},{"start":{"line":548,"column":20},"end":{"line":548,"column":61}}]},"48":{"loc":{"start":{"line":553,"column":4},"end":{"line":557,"column":5}},"type":"if","locations":[{"start":{"line":553,"column":4},"end":{"line":557,"column":5}}]},"49":{"loc":{"start":{"line":562,"column":20},"end":{"line":562,"column":75}},"type":"cond-expr","locations":[{"start":{"line":562,"column":40},"end":{"line":562,"column":47}},{"start":{"line":562,"column":50},"end":{"line":562,"column":75}}]},"50":{"loc":{"start":{"line":577,"column":22},"end":{"line":577,"column":70}},"type":"cond-expr","locations":[{"start":{"line":577,"column":45},"end":{"line":577,"column":56}},{"start":{"line":577,"column":59},"end":{"line":577,"column":70}}]},"51":{"loc":{"start":{"line":596,"column":4},"end":{"line":598,"column":5}},"type":"if","locations":[{"start":{"line":596,"column":4},"end":{"line":598,"column":5}}]},"52":{"loc":{"start":{"line":596,"column":8},"end":{"line":596,"column":41}},"type":"binary-expr","locations":[{"start":{"line":596,"column":8},"end":{"line":596,"column":19}},{"start":{"line":596,"column":23},"end":{"line":596,"column":41}}]},"53":{"loc":{"start":{"line":600,"column":4},"end":{"line":603,"column":5}},"type":"if","locations":[{"start":{"line":600,"column":4},"end":{"line":603,"column":5}}]},"54":{"loc":{"start":{"line":605,"column":26},"end":{"line":605,"column":83}},"type":"cond-expr","locations":[{"start":{"line":605,"column":40},"end":{"line":605,"column":70}},{"start":{"line":605,"column":73},"end":{"line":605,"column":83}}]},"55":{"loc":{"start":{"line":616,"column":22},"end":{"line":616,"column":70}},"type":"cond-expr","locations":[{"start":{"line":616,"column":45},"end":{"line":616,"column":56}},{"start":{"line":616,"column":59},"end":{"line":616,"column":70}}]},"56":{"loc":{"start":{"line":628,"column":4},"end":{"line":628,"column":45}},"type":"if","locations":[{"start":{"line":628,"column":4},"end":{"line":628,"column":45}}]},"57":{"loc":{"start":{"line":628,"column":8},"end":{"line":628,"column":36}},"type":"binary-expr","locations":[{"start":{"line":628,"column":8},"end":{"line":628,"column":20}},{"start":{"line":628,"column":24},"end":{"line":628,"column":36}}]},"58":{"loc":{"start":{"line":644,"column":48},"end":{"line":644,"column":66}},"type":"binary-expr","locations":[{"start":{"line":644,"column":48},"end":{"line":644,"column":60}},{"start":{"line":644,"column":64},"end":{"line":644,"column":66}}]},"59":{"loc":{"start":{"line":645,"column":4},"end":{"line":648,"column":5}},"type":"if","locations":[{"start":{"line":645,"column":4},"end":{"line":648,"column":5}}]},"60":{"loc":{"start":{"line":651,"column":56},"end":{"line":651,"column":87}},"type":"cond-expr","locations":[{"start":{"line":651,"column":70},"end":{"line":651,"column":78}},{"start":{"line":651,"column":81},"end":{"line":651,"column":87}}]},"61":{"loc":{"start":{"line":653,"column":4},"end":{"line":684,"column":5}},"type":"if","locations":[{"start":{"line":653,"column":4},"end":{"line":684,"column":5}},{"start":{"line":668,"column":11},"end":{"line":684,"column":5}}]},"62":{"loc":{"start":{"line":662,"column":26},"end":{"line":662,"column":74}},"type":"cond-expr","locations":[{"start":{"line":662,"column":49},"end":{"line":662,"column":60}},{"start":{"line":662,"column":63},"end":{"line":662,"column":74}}]},"63":{"loc":{"start":{"line":678,"column":26},"end":{"line":678,"column":74}},"type":"cond-expr","locations":[{"start":{"line":678,"column":49},"end":{"line":678,"column":60}},{"start":{"line":678,"column":63},"end":{"line":678,"column":74}}]},"64":{"loc":{"start":{"line":688,"column":25},"end":{"line":688,"column":43}},"type":"binary-expr","locations":[{"start":{"line":688,"column":25},"end":{"line":688,"column":37}},{"start":{"line":688,"column":41},"end":{"line":688,"column":43}}]},"65":{"loc":{"start":{"line":689,"column":4},"end":{"line":689,"column":26}},"type":"if","locations":[{"start":{"line":689,"column":4},"end":{"line":689,"column":26}}]},"66":{"loc":{"start":{"line":702,"column":22},"end":{"line":702,"column":70}},"type":"cond-expr","locations":[{"start":{"line":702,"column":45},"end":{"line":702,"column":56}},{"start":{"line":702,"column":59},"end":{"line":702,"column":70}}]},"67":{"loc":{"start":{"line":703,"column":25},"end":{"line":703,"column":63}},"type":"binary-expr","locations":[{"start":{"line":703,"column":25},"end":{"line":703,"column":32}},{"start":{"line":703,"column":36},"end":{"line":703,"column":63}}]},"68":{"loc":{"start":{"line":712,"column":56},"end":{"line":712,"column":74}},"type":"binary-expr","locations":[{"start":{"line":712,"column":56},"end":{"line":712,"column":68}},{"start":{"line":712,"column":72},"end":{"line":712,"column":74}}]},"69":{"loc":{"start":{"line":713,"column":6},"end":{"line":716,"column":7}},"type":"if","locations":[{"start":{"line":713,"column":6},"end":{"line":716,"column":7}}]},"70":{"loc":{"start":{"line":713,"column":10},"end":{"line":713,"column":43}},"type":"binary-expr","locations":[{"start":{"line":713,"column":10},"end":{"line":713,"column":19}},{"start":{"line":713,"column":23},"end":{"line":713,"column":34}},{"start":{"line":713,"column":38},"end":{"line":713,"column":43}}]},"71":{"loc":{"start":{"line":721,"column":63},"end":{"line":721,"column":82}},"type":"binary-expr","locations":[{"start":{"line":721,"column":63},"end":{"line":721,"column":76}},{"start":{"line":721,"column":80},"end":{"line":721,"column":82}}]},"72":{"loc":{"start":{"line":744,"column":6},"end":{"line":744,"column":74}},"type":"cond-expr","locations":[{"start":{"line":744,"column":25},"end":{"line":744,"column":65}},{"start":{"line":744,"column":69},"end":{"line":744,"column":74}}]},"73":{"loc":{"start":{"line":744,"column":25},"end":{"line":744,"column":65}},"type":"cond-expr","locations":[{"start":{"line":744,"column":51},"end":{"line":744,"column":57}},{"start":{"line":744,"column":60},"end":{"line":744,"column":65}}]},"74":{"loc":{"start":{"line":747,"column":50},"end":{"line":747,"column":118}},"type":"cond-expr","locations":[{"start":{"line":747,"column":69},"end":{"line":747,"column":109}},{"start":{"line":747,"column":113},"end":{"line":747,"column":118}}]},"75":{"loc":{"start":{"line":747,"column":69},"end":{"line":747,"column":109}},"type":"cond-expr","locations":[{"start":{"line":747,"column":95},"end":{"line":747,"column":101}},{"start":{"line":747,"column":104},"end":{"line":747,"column":109}}]},"76":{"loc":{"start":{"line":754,"column":4},"end":{"line":757,"column":5}},"type":"if","locations":[{"start":{"line":754,"column":4},"end":{"line":757,"column":5}}]},"77":{"loc":{"start":{"line":761,"column":23},"end":{"line":761,"column":84}},"type":"binary-expr","locations":[{"start":{"line":761,"column":23},"end":{"line":761,"column":24}},{"start":{"line":761,"column":28},"end":{"line":761,"column":54}},{"start":{"line":761,"column":58},"end":{"line":761,"column":84}}]},"78":{"loc":{"start":{"line":762,"column":23},"end":{"line":762,"column":84}},"type":"binary-expr","locations":[{"start":{"line":762,"column":23},"end":{"line":762,"column":24}},{"start":{"line":762,"column":28},"end":{"line":762,"column":54}},{"start":{"line":762,"column":58},"end":{"line":762,"column":84}}]},"79":{"loc":{"start":{"line":764,"column":8},"end":{"line":771,"column":9}},"type":"if","locations":[{"start":{"line":764,"column":8},"end":{"line":771,"column":9}}]},"80":{"loc":{"start":{"line":764,"column":12},"end":{"line":764,"column":30}},"type":"binary-expr","locations":[{"start":{"line":764,"column":12},"end":{"line":764,"column":19}},{"start":{"line":764,"column":23},"end":{"line":764,"column":30}}]},"81":{"loc":{"start":{"line":766,"column":12},"end":{"line":766,"column":77}},"type":"if","locations":[{"start":{"line":766,"column":12},"end":{"line":766,"column":77}}]},"82":{"loc":{"start":{"line":767,"column":12},"end":{"line":767,"column":77}},"type":"if","locations":[{"start":{"line":767,"column":12},"end":{"line":767,"column":77}}]},"83":{"loc":{"start":{"line":769,"column":12},"end":{"line":769,"column":45}},"type":"if","locations":[{"start":{"line":769,"column":12},"end":{"line":769,"column":45}}]},"84":{"loc":{"start":{"line":769,"column":16},"end":{"line":769,"column":34}},"type":"binary-expr","locations":[{"start":{"line":769,"column":16},"end":{"line":769,"column":23}},{"start":{"line":769,"column":27},"end":{"line":769,"column":34}}]},"85":{"loc":{"start":{"line":770,"column":19},"end":{"line":770,"column":35}},"type":"cond-expr","locations":[{"start":{"line":770,"column":29},"end":{"line":770,"column":30}},{"start":{"line":770,"column":33},"end":{"line":770,"column":35}}]},"86":{"loc":{"start":{"line":776,"column":8},"end":{"line":779,"column":9}},"type":"if","locations":[{"start":{"line":776,"column":8},"end":{"line":779,"column":9}}]},"87":{"loc":{"start":{"line":777,"column":12},"end":{"line":777,"column":59}},"type":"if","locations":[{"start":{"line":777,"column":12},"end":{"line":777,"column":59}}]},"88":{"loc":{"start":{"line":777,"column":16},"end":{"line":777,"column":47}},"type":"binary-expr","locations":[{"start":{"line":777,"column":16},"end":{"line":777,"column":29}},{"start":{"line":777,"column":33},"end":{"line":777,"column":47}}]},"89":{"loc":{"start":{"line":778,"column":12},"end":{"line":778,"column":58}},"type":"if","locations":[{"start":{"line":778,"column":12},"end":{"line":778,"column":58}}]},"90":{"loc":{"start":{"line":778,"column":16},"end":{"line":778,"column":47}},"type":"binary-expr","locations":[{"start":{"line":778,"column":16},"end":{"line":778,"column":30}},{"start":{"line":778,"column":34},"end":{"line":778,"column":47}}]},"91":{"loc":{"start":{"line":784,"column":8},"end":{"line":801,"column":9}},"type":"switch","locations":[{"start":{"line":785,"column":12},"end":{"line":789,"column":22}},{"start":{"line":790,"column":12},"end":{"line":794,"column":22}},{"start":{"line":795,"column":12},"end":{"line":795,"column":24}},{"start":{"line":796,"column":12},"end":{"line":800,"column":22}}]},"92":{"loc":{"start":{"line":787,"column":27},"end":{"line":787,"column":60}},"type":"cond-expr","locations":[{"start":{"line":787,"column":43},"end":{"line":787,"column":45}},{"start":{"line":787,"column":48},"end":{"line":787,"column":60}}]},"93":{"loc":{"start":{"line":787,"column":48},"end":{"line":787,"column":60}},"type":"binary-expr","locations":[{"start":{"line":787,"column":48},"end":{"line":787,"column":54}},{"start":{"line":787,"column":58},"end":{"line":787,"column":60}}]},"94":{"loc":{"start":{"line":788,"column":27},"end":{"line":788,"column":60}},"type":"cond-expr","locations":[{"start":{"line":788,"column":43},"end":{"line":788,"column":45}},{"start":{"line":788,"column":48},"end":{"line":788,"column":60}}]},"95":{"loc":{"start":{"line":788,"column":48},"end":{"line":788,"column":60}},"type":"binary-expr","locations":[{"start":{"line":788,"column":48},"end":{"line":788,"column":54}},{"start":{"line":788,"column":58},"end":{"line":788,"column":60}}]},"96":{"loc":{"start":{"line":792,"column":27},"end":{"line":792,"column":82}},"type":"cond-expr","locations":[{"start":{"line":792,"column":44},"end":{"line":792,"column":68}},{"start":{"line":792,"column":71},"end":{"line":792,"column":82}}]},"97":{"loc":{"start":{"line":793,"column":27},"end":{"line":793,"column":82}},"type":"cond-expr","locations":[{"start":{"line":793,"column":44},"end":{"line":793,"column":68}},{"start":{"line":793,"column":71},"end":{"line":793,"column":82}}]},"98":{"loc":{"start":{"line":804,"column":8},"end":{"line":804,"column":71}},"type":"if","locations":[{"start":{"line":804,"column":8},"end":{"line":804,"column":71}}]},"99":{"loc":{"start":{"line":804,"column":12},"end":{"line":804,"column":60}},"type":"binary-expr","locations":[{"start":{"line":804,"column":12},"end":{"line":804,"column":34}},{"start":{"line":804,"column":38},"end":{"line":804,"column":60}}]},"100":{"loc":{"start":{"line":807,"column":8},"end":{"line":811,"column":9}},"type":"if","locations":[{"start":{"line":807,"column":8},"end":{"line":811,"column":9}},{"start":{"line":809,"column":15},"end":{"line":811,"column":9}}]},"101":{"loc":{"start":{"line":809,"column":15},"end":{"line":811,"column":9}},"type":"if","locations":[{"start":{"line":809,"column":15},"end":{"line":811,"column":9}}]},"102":{"loc":{"start":{"line":813,"column":15},"end":{"line":813,"column":69}},"type":"cond-expr","locations":[{"start":{"line":813,"column":41},"end":{"line":813,"column":51}},{"start":{"line":813,"column":54},"end":{"line":813,"column":69}}]},"103":{"loc":{"start":{"line":823,"column":4},"end":{"line":852,"column":5}},"type":"if","locations":[{"start":{"line":823,"column":4},"end":{"line":852,"column":5}},{"start":{"line":837,"column":11},"end":{"line":852,"column":5}}]},"104":{"loc":{"start":{"line":831,"column":26},"end":{"line":831,"column":74}},"type":"cond-expr","locations":[{"start":{"line":831,"column":49},"end":{"line":831,"column":60}},{"start":{"line":831,"column":63},"end":{"line":831,"column":74}}]},"105":{"loc":{"start":{"line":847,"column":26},"end":{"line":847,"column":74}},"type":"cond-expr","locations":[{"start":{"line":847,"column":49},"end":{"line":847,"column":60}},{"start":{"line":847,"column":63},"end":{"line":847,"column":74}}]},"106":{"loc":{"start":{"line":903,"column":7},"end":{"line":941,"column":null}},"type":"binary-expr","locations":[{"start":{"line":903,"column":7},"end":{"line":903,"column":17}},{"start":{"line":903,"column":21},"end":{"line":903,"column":27}},{"start":{"line":904,"column":9},"end":{"line":939,"column":null}}]},"107":{"loc":{"start":{"line":958,"column":7},"end":{"line":975,"column":null}},"type":"binary-expr","locations":[{"start":{"line":958,"column":7},"end":{"line":958,"column":26}},{"start":{"line":959,"column":10},"end":{"line":974,"column":null}}]},"108":{"loc":{"start":{"line":970,"column":32},"end":{"line":970,"column":106}},"type":"cond-expr","locations":[{"start":{"line":970,"column":54},"end":{"line":970,"column":92}},{"start":{"line":970,"column":95},"end":{"line":970,"column":106}}]},"109":{"loc":{"start":{"line":980,"column":7},"end":{"line":980,"column":78}},"type":"binary-expr","locations":[{"start":{"line":980,"column":7},"end":{"line":980,"column":16}},{"start":{"line":980,"column":20},"end":{"line":980,"column":78}}]}},"s":{"0":1,"1":1,"2":1,"3":1,"4":1,"5":1,"6":1,"7":1,"8":1,"9":1,"10":1,"11":1,"12":1,"13":1,"14":1,"15":1,"16":1,"17":1,"18":2,"19":2,"20":2,"21":2,"22":2,"23":2,"24":2,"25":2,"26":2,"27":2,"28":2,"29":2,"30":2,"31":2,"32":2,"33":2,"34":2,"35":2,"36":2,"37":2,"38":2,"39":2,"40":2,"41":2,"42":2,"43":2,"44":0,"45":2,"46":1,"47":2,"48":0,"49":2,"50":1,"51":1,"52":1,"53":1,"54":1,"55":0,"56":1,"57":1,"58":1,"59":1,"60":1,"61":1,"62":2,"63":1,"64":2,"65":0,"66":0,"67":0,"68":0,"69":0,"70":0,"71":0,"72":2,"73":0,"74":0,"75":0,"76":0,"77":0,"78":0,"79":0,"80":0,"81":0,"82":0,"83":0,"84":0,"85":0,"86":0,"87":0,"88":0,"89":0,"90":0,"91":0,"92":0,"93":0,"94":0,"95":0,"96":0,"97":0,"98":0,"99":0,"100":0,"101":0,"102":0,"103":0,"104":0,"105":0,"106":0,"107":0,"108":2,"109":0,"110":0,"111":0,"112":0,"113":0,"114":0,"115":0,"116":0,"117":0,"118":0,"119":0,"120":0,"121":0,"122":0,"123":0,"124":2,"125":0,"126":2,"127":0,"128":0,"129":0,"130":0,"131":0,"132":2,"133":0,"134":0,"135":0,"136":0,"137":0,"138":0,"139":0,"140":0,"141":0,"142":0,"143":0,"144":0,"145":0,"146":0,"147":2,"148":0,"149":0,"150":0,"151":0,"152":0,"153":0,"154":0,"155":0,"156":2,"157":1,"158":2,"159":0,"160":0,"161":0,"162":0,"163":2,"164":0,"165":2,"166":0,"167":0,"168":0,"169":0,"170":0,"171":0,"172":0,"173":0,"174":0,"175":0,"176":0,"177":0,"178":0,"179":0,"180":0,"181":0,"182":0,"183":0,"184":0,"185":0,"186":0,"187":0,"188":0,"189":2,"190":0,"191":0,"192":0,"193":0,"194":0,"195":0,"196":0,"197":0,"198":0,"199":0,"200":0,"201":2,"202":0,"203":0,"204":0,"205":0,"206":0,"207":0,"208":2,"209":0,"210":0,"211":0,"212":0,"213":0,"214":0,"215":0,"216":0,"217":0,"218":0,"219":0,"220":0,"221":0,"222":0,"223":0,"224":0,"225":0,"226":0,"227":0,"228":0,"229":0,"230":0,"231":0,"232":0,"233":2,"234":0,"235":0,"236":0,"237":0,"238":2,"239":0,"240":0,"241":0,"242":0,"243":0,"244":0,"245":0,"246":2,"247":0,"248":0,"249":0,"250":0,"251":0,"252":0,"253":0,"254":0,"255":0,"256":0,"257":0,"258":0,"259":0,"260":0,"261":0,"262":0,"263":0,"264":0,"265":0,"266":0,"267":0,"268":0,"269":2,"270":0,"271":0,"272":0,"273":2,"274":0,"275":0,"276":0,"277":2,"278":0,"279":0,"280":0,"281":0,"282":2,"283":0,"284":0,"285":0,"286":0,"287":0,"288":2,"289":0,"290":0,"291":0,"292":0,"293":0,"294":2,"295":0,"296":0,"297":0,"298":0,"299":0,"300":0,"301":0,"302":0,"303":0,"304":0,"305":0,"306":0,"307":0,"308":0,"309":0,"310":0,"311":0,"312":0,"313":0,"314":0,"315":0,"316":0,"317":0,"318":0,"319":0,"320":0,"321":2,"322":0,"323":0,"324":0,"325":0,"326":0,"327":0,"328":0,"329":0,"330":0,"331":0,"332":2,"333":0,"334":0,"335":0,"336":0,"337":0,"338":0,"339":0,"340":0,"341":0,"342":0,"343":0,"344":0,"345":0,"346":0,"347":0,"348":0,"349":0,"350":0,"351":0,"352":0,"353":0,"354":0,"355":0,"356":2,"357":0,"358":0,"359":0,"360":2,"361":0,"362":0,"363":0,"364":0,"365":0,"366":0,"367":0,"368":0,"369":0,"370":0,"371":0,"372":0,"373":0,"374":0,"375":0,"376":0,"377":0,"378":0,"379":2,"380":0,"381":0,"382":0,"383":0,"384":0,"385":2,"386":0,"387":0,"388":0,"389":0,"390":0,"391":0,"392":0,"393":0,"394":0,"395":0,"396":0,"397":0,"398":0,"399":0,"400":0,"401":0,"402":0,"403":0,"404":0,"405":0,"406":0,"407":0,"408":0,"409":0,"410":2,"411":0,"412":0,"413":0,"414":0,"415":0,"416":0,"417":0,"418":0,"419":0,"420":0,"421":0,"422":0,"423":0,"424":0,"425":2,"426":0,"427":0,"428":0,"429":0,"430":0,"431":0,"432":0,"433":0,"434":2,"435":0,"436":0,"437":2,"438":2,"439":0,"440":0,"441":0,"442":0,"443":2,"444":2,"445":0,"446":0,"447":2,"448":0,"449":0,"450":0,"451":0,"452":0,"453":0,"454":0,"455":0,"456":0,"457":0,"458":0,"459":0,"460":0,"461":0,"462":0,"463":0,"464":0,"465":0,"466":0,"467":0,"468":0,"469":0,"470":0,"471":0,"472":0,"473":0,"474":0,"475":0,"476":0,"477":0,"478":0,"479":0,"480":0,"481":2,"482":2,"483":0,"484":0,"485":0,"486":0,"487":0,"488":0,"489":0,"490":0,"491":0,"492":0,"493":0,"494":0,"495":0,"496":0,"497":0,"498":0,"499":0,"500":0,"501":2,"502":0,"503":0,"504":0,"505":0,"506":1},"f":{"0":2,"1":0,"2":1,"3":0,"4":1,"5":1,"6":0,"7":0,"8":0,"9":0,"10":0,"11":0,"12":0,"13":0,"14":0,"15":0,"16":0,"17":0,"18":0,"19":0,"20":0,"21":1,"22":0,"23":0,"24":0,"25":0,"26":0,"27":0,"28":0,"29":0,"30":0,"31":0,"32":0,"33":0,"34":0,"35":0,"36":0,"37":0,"38":0,"39":0,"40":0,"41":0,"42":0,"43":0,"44":0,"45":0,"46":0,"47":0,"48":0,"49":2,"50":0,"51":0,"52":0,"53":0},"b":{"0":[1,0],"1":[0],"2":[0,0],"3":[0],"4":[0],"5":[0,0],"6":[0,0],"7":[0,0],"8":[0,0],"9":[0],"10":[0,0],"11":[0],"12":[0],"13":[0,0,0],"14":[0,0],"15":[0,0],"16":[0,0],"17":[0],"18":[0],"19":[0,0],"20":[0,0],"21":[0],"22":[0],"23":[0,0],"24":[0,0],"25":[0],"26":[0],"27":[0,0],"28":[0],"29":[0],"30":[0,0],"31":[0],"32":[0],"33":[0],"34":[0,0],"35":[0],"36":[0],"37":[0,0],"38":[0],"39":[0],"40":[0],"41":[0],"42":[0],"43":[0,0],"44":[0],"45":[0,0],"46":[0],"47":[0,0],"48":[0],"49":[0,0],"50":[0,0],"51":[0],"52":[0,0],"53":[0],"54":[0,0],"55":[0,0],"56":[0],"57":[0,0],"58":[0,0],"59":[0],"60":[0,0],"61":[0,0],"62":[0,0],"63":[0,0],"64":[0,0],"65":[0],"66":[0,0],"67":[0,0],"68":[0,0],"69":[0],"70":[0,0,0],"71":[0,0],"72":[0,0],"73":[0,0],"74":[0,0],"75":[0,0],"76":[0],"77":[0,0,0],"78":[0,0,0],"79":[0],"80":[0,0],"81":[0],"82":[0],"83":[0],"84":[0,0],"85":[0,0],"86":[0],"87":[0],"88":[0,0],"89":[0],"90":[0,0],"91":[0,0,0,0],"92":[0,0],"93":[0,0],"94":[0,0],"95":[0,0],"96":[0,0],"97":[0,0],"98":[0],"99":[0,0],"100":[0,0],"101":[0],"102":[0,0],"103":[0,0],"104":[0,0],"105":[0,0],"106":[2,2,1],"107":[2,0],"108":[0,0],"109":[2,0]}}
,"/home/lawrence140/SD/new/SD-proj-12a2724/client/src/components/filesystem/components/FileListDisplay.tsx": {"path":"/home/lawrence140/SD/new/SD-proj-12a2724/client/src/components/filesystem/components/FileListDisplay.tsx","statementMap":{"0":{"start":{"line":1,"column":0},"end":{"line":1,"column":49}},"1":{"start":{"line":3,"column":0},"end":{"line":3,"column":51}},"2":{"start":{"line":4,"column":0},"end":{"line":4,"column":65}},"3":{"start":{"line":6,"column":0},"end":{"line":6,"column":56}},"4":{"start":{"line":8,"column":0},"end":{"line":8,"column":47}},"5":{"start":{"line":40,"column":56},"end":{"line":234,"column":1}},"6":{"start":{"line":73,"column":27},"end":{"line":76,"column":3}},"7":{"start":{"line":74,"column":4},"end":{"line":74,"column":35}},"8":{"start":{"line":74,"column":25},"end":{"line":74,"column":35}},"9":{"start":{"line":75,"column":4},"end":{"line":75,"column":49}},"10":{"start":{"line":79,"column":27},"end":{"line":79,"column":75}},"11":{"start":{"line":79,"column":48},"end":{"line":79,"column":74}},"12":{"start":{"line":80,"column":24},"end":{"line":80,"column":115}},"13":{"start":{"line":80,"column":86},"end":{"line":80,"column":114}},"14":{"start":{"line":83,"column":2},"end":{"line":108,"column":31}},"15":{"start":{"line":84,"column":4},"end":{"line":107,"column":5}},"16":{"start":{"line":84,"column":46},"end":{"line":84,"column":75}},"17":{"start":{"line":86,"column":22},"end":{"line":86,"column":77}},"18":{"start":{"line":87,"column":6},"end":{"line":106,"column":7}},"19":{"start":{"line":88,"column":8},"end":{"line":88,"column":85}},"20":{"start":{"line":89,"column":8},"end":{"line":89,"column":73}},"21":{"start":{"line":92,"column":8},"end":{"line":92,"column":50}},"22":{"start":{"line":93,"column":22},"end":{"line":95,"column":16}},"23":{"start":{"line":94,"column":10},"end":{"line":94,"column":55}},"24":{"start":{"line":98,"column":8},"end":{"line":103,"column":10}},"25":{"start":{"line":99,"column":10},"end":{"line":99,"column":30}},"26":{"start":{"line":101,"column":33},"end":{"line":101,"column":88}},"27":{"start":{"line":102,"column":10},"end":{"line":102,"column":63}},"28":{"start":{"line":105,"column":8},"end":{"line":105,"column":83}},"29":{"start":{"line":111,"column":2},"end":{"line":233,"column":4}},"30":{"start":{"line":119,"column":27},"end":{"line":119,"column":56}},"31":{"start":{"line":123,"column":57},"end":{"line":123,"column":71}},"32":{"start":{"line":127,"column":63},"end":{"line":127,"column":77}},"33":{"start":{"line":130,"column":61},"end":{"line":130,"column":83}},"34":{"start":{"line":147,"column":29},"end":{"line":147,"column":57}},"35":{"start":{"line":148,"column":34},"end":{"line":148,"column":68}},"36":{"start":{"line":149,"column":33},"end":{"line":149,"column":59}},"37":{"start":{"line":150,"column":33},"end":{"line":150,"column":62}},"38":{"start":{"line":151,"column":35},"end":{"line":151,"column":100}},"39":{"start":{"line":153,"column":10},"end":{"line":229,"column":12}},"40":{"start":{"line":164,"column":35},"end":{"line":164,"column":77}},"41":{"start":{"line":165,"column":36},"end":{"line":165,"column":77}},"42":{"start":{"line":167,"column":34},"end":{"line":167,"column":78}},"43":{"start":{"line":170,"column":33},"end":{"line":170,"column":77}},"44":{"start":{"line":171,"column":34},"end":{"line":171,"column":79}},"45":{"start":{"line":172,"column":34},"end":{"line":172,"column":79}},"46":{"start":{"line":173,"column":29},"end":{"line":173,"column":69}},"47":{"start":{"line":183,"column":33},"end":{"line":183,"column":74}},"48":{"start":{"line":194,"column":37},"end":{"line":194,"column":72}},"49":{"start":{"line":195,"column":34},"end":{"line":195,"column":73}},"50":{"start":{"line":197,"column":22},"end":{"line":197,"column":85}},"51":{"start":{"line":197,"column":45},"end":{"line":197,"column":85}},"52":{"start":{"line":198,"column":22},"end":{"line":198,"column":63}},"53":{"start":{"line":198,"column":46},"end":{"line":198,"column":63}},"54":{"start":{"line":218,"column":43},"end":{"line":218,"column":59}},"55":{"start":{"line":221,"column":43},"end":{"line":221,"column":62}},"56":{"start":{"line":236,"column":0},"end":{"line":236,"column":31}}},"fnMap":{"0":{"name":"(anonymous_1)","decl":{"start":{"line":40,"column":56},"end":{"line":40,"column":57}},"loc":{"start":{"line":68,"column":5},"end":{"line":234,"column":1}}},"1":{"name":"(anonymous_2)","decl":{"start":{"line":73,"column":27},"end":{"line":73,"column":28}},"loc":{"start":{"line":73,"column":44},"end":{"line":
[...]
10,"column":0},"end":{"line":10,"column":47}},"3":{"start":{"line":11,"column":0},"end":{"line":11,"column":45}},"4":{"start":{"line":14,"column":0},"end":{"line":14,"column":35}},"5":{"start":{"line":15,"column":0},"end":{"line":15,"column":71}},"6":{"start":{"line":26,"column":18},"end":{"line":520,"column":1}},"7":{"start":{"line":27,"column":36},"end":{"line":27,"column":45}},"8":{"start":{"line":28,"column":22},"end":{"line":28,"column":32}},"9":{"start":{"line":29,"column":19},"end":{"line":29,"column":32}},"10":{"start":{"line":31,"column":26},"end":{"line":31,"column":53}},"11":{"start":{"line":32,"column":30},"end":{"line":32,"column":42}},"12":{"start":{"line":33,"column":42},"end":{"line":33,"column":57}},"13":{"start":{"line":34,"column":28},"end":{"line":34,"column":52}},"14":{"start":{"line":35,"column":36},"end":{"line":35,"column":51}},"15":{"start":{"line":36,"column":28},"end":{"line":36,"column":57}},"16":{"start":{"line":37,"column":36},"end":{"line":37,"column":90}},"17":{"start":{"line":39,"column":2},"end":{"line":43,"column":40}},"18":{"start":{"line":40,"column":4},"end":{"line":42,"column":5}},"19":{"start":{"line":41,"column":6},"end":{"line":41,"column":20}},"20":{"start":{"line":45,"column":17},"end":{"line":52,"column":3}},"21":{"start":{"line":46,"column":4},"end":{"line":51,"column":5}},"22":{"start":{"line":47,"column":6},"end":{"line":47,"column":32}},"23":{"start":{"line":48,"column":6},"end":{"line":48,"column":20}},"24":{"start":{"line":50,"column":6},"end":{"line":50,"column":61}},"25":{"start":{"line":54,"column":56},"end":{"line":57,"column":4}},"26":{"start":{"line":59,"column":24},"end":{"line":77,"column":3}},"27":{"start":{"line":60,"column":4},"end":{"line":60,"column":23}},"28":{"start":{"line":61,"column":4},"end":{"line":61,"column":19}},"29":{"start":{"line":63,"column":4},"end":{"line":76,"column":5}},"30":{"start":{"line":64,"column":23},"end":{"line":64,"column":48}},"31":{"start":{"line":65,"column":6},"end":{"line":67,"column":7}},"32":{"start":{"line":66,"column":8},"end":{"line":66,"column":66}},"33":{"start":{"line":69,"column":19},"end":{"line":69,"column":40}},"34":{"start":{"line":70,"column":6},"end":{"line":70,"column":21}},"35":{"start":{"line":72,"column":6},"end":{"line":72,"column":50}},"36":{"start":{"line":73,"column":6},"end":{"line":73,"column":78}},"37":{"start":{"line":75,"column":6},"end":{"line":75,"column":26}},"38":{"start":{"line":79,"column":27},"end":{"line":102,"column":3}},"39":{"start":{"line":80,"column":4},"end":{"line":82,"column":5}},"40":{"start":{"line":81,"column":6},"end":{"line":81,"column":13}},"41":{"start":{"line":84,"column":4},"end":{"line":84,"column":23}},"42":{"start":{"line":85,"column":4},"end":{"line":101,"column":5}},"43":{"start":{"line":86,"column":23},"end":{"line":88,"column":8}},"44":{"start":{"line":90,"column":6},"end":{"line":92,"column":7}},"45":{"start":{"line":91,"column":8},"end":{"line":91,"column":66}},"46":{"start":{"line":95,"column":6},"end":{"line":95,"column":28}},"47":{"start":{"line":97,"column":6},"end":{"line":97,"column":49}},"48":{"start":{"line":98,"column":6},"end":{"line":98,"column":78}},"49":{"start":{"line":100,"column":6},"end":{"line":100,"column":26}},"50":{"start":{"line":105,"column":2},"end":{"line":109,"column":33}},"51":{"start":{"line":106,"column":4},"end":{"line":108,"column":5}},"52":{"start":{"line":107,"column":6},"end":{"line":107,"column":22}},"53":{"start":{"line":111,"column":23},"end":{"line":155,"column":3}},"54":{"start":{"line":112,"column":4},"end":{"line":115,"column":5}},"55":{"start":{"line":113,"column":6},"end":{"line":113,"column":51}},"56":{"start":{"line":114,"column":6},"end":{"line":114,"column":13}},"57":{"start":{"line":116,"column":21},"end":{"line":116,"column":35}},"58":{"start":{"line":117,"column":4},"end":{"line":117,"column":34}},"59":{"start":{"line":118,"column":4},"end":{"line":118,"column":43}},"60":{"start":{"line":120,"column":4},"end":{"line":154,"column":5}},"61":{"start":{"line":122,"column":23},"end":{"line":125,"column":8}},"62":{"start":{"line":126,"column":6},"end":{"line":149,"column":7}},"63":{"start":{"line":127,"column":21},"end":{"line":127,"column":42}},"64":{"start":{"line":129,"column":8},"end":{"line":129,"column":89}},"65":{"start":{"line":131,"column":18},"end":{"line":131,"column":20}},"66":{"start":{"line":132,"column":8},"end":{"line":138,"column":9}},"67":{"start":{"line":134,"column":10},"end":{"line":134,"column":71}},"68":{"start":{"line":136,"column":10},"end":{"line":136,"column":62}},"69":{"start":{"line":137,"column":10},"end":{"line":137,"column":23}},"70":{"start":{"line":139,"column":8},"end":{"line":139,"column":98}},"71":{"start":{"line":142,"column":8},"end":{"line":144,"column":9}},"72":{"start":{"line":143,"column":10},"end":{"line":143,"column":26}},"73":{"start":{"line":146,"column":21},"end":{"line":146,"column":42}},"74":{"start":{"line":147,"column":8},"end":{"line":147,"column":99}},"75":{"start":{"line":148,"column":8},"end":{"line":148,"column":55}},"76":{"start":{"line":152,"column":6},"end":{"line":152,"column":50}},"77":{"start":{"line":153,"column":6},"end":{"line":153,"column":92}},"78":{"start":{"line":158,"column":25},"end":{"line":163,"column":3}},"79":{"start":{"line":159,"column":4},"end":{"line":159,"column":46}},"80":{"start":{"line":159,"column":22},"end":{"line":159,"column":46}},"81":{"start":{"line":160,"column":4},"end":{"line":160,"column":70}},"82":{"start":{"line":160,"column":29},"end":{"line":160,"column":70}},"83":{"start":{"line":161,"column":4},"end":{"line":161,"column":86}},"84":{"start":{"line":161,"column":36},"end":{"line":161,"column":86}},"85":{"start":{"line":162,"column":4},"end":{"line":162,"column":61}},"86":{"start":{"line":166,"column":21},"end":{"line":168,"column":3}},"87":{"start":{"line":167,"column":4},"end":{"line":167,"column":49}},"88":{"start":{"line":170,"column":2},"end":{"line":519,"column":4}},"89":{"start":{"line":230,"column":27},"end":{"line":230,"column":49}},"90":{"start":{"line":246,"column":27},"end":{"line":246,"column":54}},"91":{"start":{"line":436,"column":18},"end":{"line":436,"column":39}},"92":{"start":{"line":469,"column":39},"end":{"line":469,"column":66}},"93":{"start":{"line":522,"column":0},"end":{"line":522,"column":25}}},"fnMap":{"0":{"name":"(anonymous_1)","decl":{"start":{"line":26,"column":18},"end":{"line":26,"column":21}},"loc":{"start":{"line":26,"column":23},"end":{"line":520,"column":1}}},"1":{"name":"(anonymous_2)","decl":{"start":{"line":39,"column":12},"end":{"line":39,"column":15}},"loc":{"start":{"line":39,"column":17},"end":{"line":43,"column":3}}},"2":{"name":"(anonymous_3)","decl":{"start":{"line":45,"column":17},"end":{"line":45,"column":18}},"loc":{"start":{"line":45,"column":43},"end":{"line":52,"column":3}}},"3":{"name":"(anonymous_4)","decl":{"start":{"line":59,"column":24},"end":{"line":59,"column":29}},"loc":{"start":{"line":59,"column":35},"end":{"line":77,"column":3}}},"4":{"name":"(anonymous_5)","decl":{"start":{"line":79,"column":27},"end":{"line":79,"column":32}},"loc":{"start":{"line":79,"column":52},"end":{"line":102,"column":3}}},"5":{"name":"(anonymous_6)","decl":{"start":{"line":105,"column":12},"end":{"line":105,"column":15}},"loc":{"start":{"line":105,"column":17},"end":{"line":109,"column":3}}},"6":{"name":"(anonymous_7)","decl":{"start":{"line":111,"column":23},"end":{"line":111,"column":28}},"loc":{"start":{"line":111,"column":34},"end":{"line":155,"column":3}}},"7":{"name":"(anonymous_8)","decl":{"start":{"line":158,"column":25},"end":{"line":158,"column":26}},"loc":{"start":{"line":158,"column":51},"end":{"line":163,"column":3}}},"8":{"name":"(anonymous_9)","decl":{"start":{"line":166,"column":21},"end":{"line":166,"column":22}},"loc":{"start":{"line":166,"column":52},"end":{"line":168,"column":3}}},"9":{"name":"(anonymous_10)","decl":{"start":{"line":230,"column":21},"end":{"line":230,"column":24}},"loc":{"start":{"line":230,"column":27},"end":{"line":230,"column":49}}},"10":{"name":"(anonymous_11)","decl":{"start":{"line":246,"column":21},"end":{"line":246,"column":24}},"loc":{"start":{"line":246,"column":27},"end":{"line":246,"column":54}}},"11":{"name":"(anonymous_12)","decl":{"start":{"line":435,"column":27},"end":{"line":435,"column":28}},"loc":{"start":{"line":436,"column":18},"end":{"line":436,"column":39}}},"12":{"name":"(anonymous_13)","decl":{"start":{"line":469,"column":33},"end":{"line":469,"column":36}},"loc":{"start":{"line":469,"column":39},"end":{"line":469,"column":66}}}},"branchMap":{"0":{"loc":{"start":{"line":40,"column":4},"end":{"line":42,"column":5}},"type":"if","locations":[{"start":{"line":40,"column":4},"end":{"line":42,"column":5}}]},"1":{"loc":{"start":{"line":40,"column":8},"end":{"line":40,"column":33}},"type":"binary-expr","locations":[{"start":{"line":40,"column":8},"end":{"line":40,"column":19}},{"start":{"line":40,"column":23},"end":{"line":40,"column":33}}]},"2":{"loc":{"start":{"line":46,"column":4},"end":{"line":51,"column":5}},"type":"if","locations":[{"start":{"line":46,"column":4},"end":{"line":51,"column":5}},{"start":{"line":49,"column":11},"end":{"line":51,"column":5}}]},"3":{"loc":{"start":{"line":46,"column":8},"end":{"line":46,"column":64}},"type":"binary-expr","locations":[{"start":{"line":46,"column":8},"end":{"line":46,"column":36}},{"start":{"line":46,"column":40},"end":{"line":46,"column":64}}]},"4":{"loc":{"start":{"line":65,"column":6},"end":{"line":67,"column":7}},"type":"if","locations":[{"start":{"line":65,"column":6},"end":{"line":67,"column":7}}]},"5":{"loc":{"start":{"line":73,"column":15},"end":{"line":73,"column":76}},"type":"cond-expr","locations":[{"start":{"line":73,"column":38},"end":{"line":73,"column":49}},{"start":{"line":73,"column":52},"end":{"line":73,"column":76}}]},"6":{"loc":{"start":{"line":80,"column":4},"end":{"line":82,"column":5}},"type":"if","locations":[{"start":{"line":80,"column":4},"end":{"line":82,"column":5}}]},"7":{"loc":{"start":{"line":90,"column":6},"end":{"line":92,"column":7}},"type":"if","locations":[{"start":{"line":90,"column":6},"end":{"line":92,"column":7}}]},"8":{"loc":{"start":{"line":98,"column":15},"end":{"line":98,"column":76}},"type":"cond-expr","locations":[{"start":{"line":98,"column":38},"end":{"line":98,"column":49}},{"start":{"line":98,"column":52},"end":{"line":98,"column":76}}]},"9":{"loc":{"start":{"line":106,"column":4},"end":{"line":108,"column":5}},"type":"if","locations":[{"start":{"line":106,"column":4},"end":{"line":108,"column":5}}]},"10":{"loc":{"start":{"line":106,"column":8},"end":{"line":106,"column":34}},"type":"binary-expr","locations":[{"start":{"line":106,"column":8},"end":{"line":106,"column":20}},{"start":{"line":106,"column":24},"end":{"line":106,"column":34}}]},"11":{"loc":{"start":{"line":112,"column":4},"end":{"line":115,"column":5}},"type":"if","locations":[{"start":{"line":112,"column":4},"end":{"line":115,"column":5}}]},"12":{"loc":{"start":{"line":126,"column":6},"end":{"line":149,"column":7}},"type":"if","locations":[{"start":{"line":126,"column":6},"end":{"line":149,"column":7}},{"start":{"line":145,"column":13},"end":{"line":149,"column":7}}]},"13":{"loc":{"start":{"line":142,"column":8},"end":{"line":144,"column":9}},"type":"if","locations":[{"start":{"line":142,"column":8},"end":{"line":144,"column":9}}]},"14":{"loc":{"start":{"line":147,"column":62},"end":{"line":147,"column":95}},"type":"binary-expr","locations":[{"start":{"line":147,"column":62},"end":{"line":147,"column":72}},{"start":{"line":147,"column":76},"end":{"line":147,"column":95}}]},"15":{"loc":{"start":{"line":153,"column":34},"end":{"line":153,"column":88}},"type":"cond-expr","locations":[{"start":{"line":153,"column":59},"end":{"line":153,"column":72}},{"start":{"line":153,"column":75},"end":{"line":153,"column":88}}]},"16":{"loc":{"start":{"line":159,"column":4},"end":{"line":159,"column":46}},"type":"if","locations":[{"start":{"line":159,"column":4},"end":{"line":159,"column":46}}]},"17":{"loc":{"start":{"line":160,"column":4},"end":{"line":160,"column":70}},"type":"if","locations":[{"start":{"line":160,"column":4},"end":{"line":160,"column":70}}]},"18":{"loc":{"start":{"line":161,"column":4},"end":{"line":161,"column":86}},"type":"if","locations":[{"start":{"line":161,"column":4},"end":{"line":161,"column":86}}]},"19":{"loc":{"start":{"line":233,"column":31},"end":{"line":233,"column":77}},"type":"cond-expr","locations":[{"start":{"line":233,"column":56},"end":{"line":233,"column":65}},{"start":{"line":233,"column":68},"end":{"line":233,"column":77}}]},"20":{"loc":{"start":{"line":234,"column":21},"end":{"line":234,"column":65}},"type":"cond-expr","locations":[{"start":{"line":234,"column":46},"end":{"line":234,"column":53}},{"start":{"line":234,"column":56},"end":{"line":234,"column":65}}]},"21":{"loc":{"start":{"line":250,"column":31},"end":{"line":250,"column":82}},"type":"cond-expr","locations":[{"start":{"line":250,"column":61},"end":{"line":250,"column":70}},{"start":{"line":250,"column":73},"end":{"line":250,"column":82}}]},"22":{"loc":{"start":{"line":251,"column":21},"end":{"line":251,"column":70}},"type":"cond-expr","locations":[{"start":{"line":251,"column":51},"end":{"line":251,"column":58}},{"start":{"line":251,"column":61},"end":{"line":251,"column":70}}]},"23":{"loc":{"start":{"line":264,"column":9},"end":{"line":373,"column":null}},"type":"binary-expr","locations":[{"start":{"line":264,"column":9},"end":{"line":264,"column":31}},{"start":{"line":265,"column":10},"end":{"line":372,"column":null}}]},"24":{"loc":{"start":{"line":282,"column":33},"end":{"line":282,"column":66}},"type":"cond-expr","locations":[{"start":{"line":282,"column":48},"end":{"line":282,"column":57}},{"start":{"line":282,"column":60},"end":{"line":282,"column":66}}]},"25":{"loc":{"start":{"line":287,"column":15},"end":{"line":332,"column":null}},"type":"cond-expr","locations":[{"start":{"line":288,"column":16},"end":{"line":300,"column":null}},{"start":{"line":302,"column":18},"end":{"line":332,"column":null}}]},"26":{"loc":{"start":{"line":302,"column":18},"end":{"line":332,"column":null}},"type":"cond-expr","locations":[{"start":{"line":303,"column":16},"end":{"line":313,"column":null}},{"start":{"line":318,"column":16},"end":{"line":329,"column":null}}]},"27":{"loc":{"start":{"line":345,"column":35},"end":{"line":345,"column":63}},"type":"cond-expr","locations":[{"start":{"line":345,"column":42},"end":{"line":345,"column":51}},{"start":{"line":345,"column":54},"end":{"line":345,"column":63}}]},"28":{"loc":{"start":{"line":350,"column":26},"end":{"line":350,"column":58}},"type":"cond-expr","locations":[{"start":{"line":350,"column":33},"end":{"line":350,"column":42}},{"start":{"line":350,"column":45},"end":{"line":350,"column":58}}]},"29":{"loc":{"start":{"line":357,"column":15},"end":{"line":370,"column":null}},"type":"binary-expr","locations":[{"start":{"line":357,"column":15},"end":{"line":357,"column":21}},{"start":{"line":358,"column":16},"end":{"line":369,"column":null}}]},"30":{"loc":{"start":{"line":364,"column":35},"end":{"line":364,"column":88}},"type":"cond-expr","locations":[{"start":{"line":364,"column":67},"end":{"line":364,"column":76}},{"start":{"line":364,"column":79},"end":{"line":364,"column":88}}]},"31":{"loc":{"start":{"line":365,"column":25},"end":{"line":365,"column":78}},"type":"cond-expr","locations":[{"start":{"line":365,"column":57},"end":{"line":365,"column":66}},{"start":{"line":365,"column":69},"end":{"line":365,"column":78}}]},"32":{"loc":{"start":{"line":376,"column":9},"end":{"line":501,"column":null}},"type":"binary-expr","locations":[{"start":{"line":376,"column":9},"end":{"line":376,"column":30}},{"start":{"line":377,"column":10},"end":{"line":500,"column":null}}]},"33":{"loc":{"start":{"line":388,"column":13},"end":{"line":499,"column":null}},"type":"cond-expr","locations":[{"start":{"line":389,"column":14},"end":{"line":390,"column":null}},{"start":{"line":392,"column":16},"end":{"line":499,"column":null}}]},"34":{"loc":{"start":{"line":392,"column":16},"end":{"line":499,"column":null}},"type":"cond-expr","locations":[{"start":{"line":393,"column":14},"end":{"line":414,"column":null}},{"start":{"line":416,"column":16},"end":{"line":499,"column":null}}]},"35":{"loc":{"start":{"line":416,"column":16},"end":{"line":499,"column":null}},"type":"cond-expr","locations":[{"start":{"line":417,"column":14},"end":{"line":418,"column":null}},{"start":{"line":421,"column":14},"end":{"line":498,"column":null}}]},"36":{"loc":{"start":{"line":441,"column":37},"end":{"line":441,"column":74}},"type":"cond-expr","locations":[{"start":{"line":441,"column":55},"end":{"line":441,"column":64}},{"start":{"line":441,"column":67},"end":{"line":441,"column":74}}]},"37":{"loc":{"start":{"line":453,"column":27},"end":{"line":453,"column":72}},"type":"cond-expr","locations":[{"start":{"line":453,"column":39},"end":{"line":453,"column":64}},{"start":{"line":453,"column":67},"end":{"line":453,"column":72}}]},"38":{"loc":{"start":{"line":504,"column":9},"end":{"line":515,"column":null}},"type":"binary-expr","locations":[{"start":{"line":504,"column":9},"end":{"line":504,"column":36}},{"start":{"line":505,"column":10},"end":{"line":514,"column":null}}]}},"s":{"0":1,"1":1,"2":1,"3":1,"4":1,"5":1,"6":1,"7":5,"8":5,"9":5,"10":5,"11":5,"12":5,"13":5,"14":5,"15":5,"16":5,"17":5,"18":3,"19":0,"20":5,"21":0,"22":0,"23":0,"24":0,"25":5,"26":5,"27":0,"28":0,"29":0,"30":0,"31":0,"32":0,"33":0,"34":0,"35":0,"36":0,"37":0,"38":5,"39":0,"40":0,"41":0,"42":0,"43":0,"44":0,"45":0,"46":0,"47":0,"48":0,"49":0,"50":5,"51":3,"52":0,"53":5,"54":0,"55":0,"56":0,"57":0,"58":0,"59":0,"60":0,"61":0,"62":0,"63":0,"64":0,"65":0,"66":0,"67":0,"68":0,"69":0,"70":0,"71":0,"72":0,"73":0,"74":0,"75":0,"76":0,"77":0,"78":5,"79":0,"80":0,"81":0,"82":0,"83":0,"84":0,"85":0,"86":5,"87":0,"88":5,"89":2,"90":2,"91":0,"92":0,"93":1},"f":{"0":5,"1":3,"2":0,"3":0,"4":0,"5":3,"6":0,"7":0,"8":0,"9":2,"10":2,"11":0,"12":0},"b":{"0":[0],"1":[3,3],"2":[0,0],"3":[0,0],"4":[0],"5":[0,0],"6":[0],"7":[0],"8":[0,0],"9":[0],"10":[3,0],"11":[0],"12":[0,0],"13":[0],"14":[0,0],"15":[0,0],"16":[0],"17":[0],"18":[0],"19":[4,1],"20":[4,1],"21":[1,4],"22":[1,4],"23":[5,4],"24":[0,4],"25":[0,4],"26":[0,4],"27":[0,4],"28":[0,4],"29":[4,0],"30":[0,0],"31":[0,0],"32":[5,0],"33":[0,0],"34":[0,0],"35":[0,0],"36":[0,0],"37":[0,0],"38":[5,1]}}
,"/home/lawrence140/SD/new/SD-proj-12a2724/client/src/pages/HomePage.tsx": {"path":"/home/lawrence140/SD/new/SD-proj-12a2724/client/src/pages/HomePage.tsx","statementMap":{"0":{"start":{"line":4,"column":17},"end":{"line":78,"column":1}},"1":{"start":{"line":7,"column":23},"end":{"line":17,"column":3}},"2":{"start":{"line":8,"column":4},"end":{"line":8,"column":27}},"3":{"start":{"line":9,"column":21},"end":{"line":9,"column":54}},"4":{"start":{"line":10,"column":24},"end":{"line":10,"column":65}},"5":{"start":{"line":11,"column":4},"end":{"line":14,"column":5}},"6":{"start":{"line":12,"column":6},"end":{"line":12,"column":53}},"7":{"start":{"line":13,"column":6},"end":{"line":13,"column":13}},"8":{"start":{"line":15,"column":4},"end":{"line":15,"column":49}},"9":{"start":{"line":19,"column":2},"end":{"line":77,"column":4}},"10":{"start":{"line":80,"column":0},"end":{"line":80,"column":24}}},"fnMap":{"0":{"name":"(anonymous_0)","decl":{"start":{"line":4,"column":17},"end":{"line":4,"column":20}},"loc":{"start":{"line":4,"column":22},"end":{"line":78,"column":1}}},"1":{"name":"(anonymous_1)","decl":{"start":{"line":7,"column":23},"end":{"line":7,"column":24}},"loc":{"start":{"line":7,"column":67},"end":{"line":17,"column":3}}}},"branchMap":{"0":{"loc":{"start":{"line":11,"column":4},"end":{"line":14,"column":5}},"type":"if","locations":[{"start":{"line":11,"column":4},"end":{"line":14,"column":5}}]}},"s":{"0":1,"1":3,"2":2,"3":2,"4":2,"5":2,"6":1,"7":1,"8":1,"9":3,"10":1},"f":{"0":3,"1":2},"b":{"0":[1]}}
}
