TN:
SF:client/src/pages/HomePage.tsx
FN:3,(anonymous_0)
FN:14,(anonymous_1)
FN:16,(anonymous_2)
FN:19,(anonymous_3)
FN:50,(anonymous_4)
FN:53,(anonymous_5)
FN:65,(anonymous_6)
FN:67,(anonymous_7)
FN:71,(anonymous_8)
FN:72,(anonymous_9)
FN:72,(anonymous_10)
FN:94,(anonymous_11)
FN:133,(anonymous_12)
FN:142,(anonymous_13)
FN:153,(anonymous_14)
FN:187,(anonymous_15)
FN:191,(anonymous_16)
FNF:17
FNH:7
FNDA:15,(anonymous_0)
FNDA:4,(anonymous_1)
FNDA:0,(anonymous_2)
FNDA:3,(anonymous_3)
FNDA:1,(anonymous_4)
FNDA:0,(anonymous_5)
FNDA:0,(anonymous_6)
FNDA:0,(anonymous_7)
FNDA:0,(anonymous_8)
FNDA:0,(anonymous_9)
FNDA:0,(anonymous_10)
FNDA:1,(anonymous_11)
FNDA:0,(anonymous_12)
FNDA:0,(anonymous_13)
FNDA:2,(anonymous_14)
FNDA:75,(anonymous_15)
FNDA:0,(anonymous_16)
DA:1,1
DA:3,1
DA:4,15
DA:5,15
DA:6,15
DA:7,15
DA:8,15
DA:9,15
DA:10,15
DA:11,15
DA:14,15
DA:15,4
DA:16,4
DA:19,15
DA:20,3
DA:21,3
DA:22,1
DA:23,1
DA:24,1
DA:27,2
DA:28,2
DA:29,2
DA:31,2
DA:32,2
DA:34,2
DA:35,2
DA:43,1
DA:44,0
DA:47,1
DA:48,1
DA:50,1
DA:53,0
DA:56,1
DA:58,1
DA:59,1
DA:61,2
DA:65,15
DA:66,0
DA:67,0
DA:71,15
DA:72,0
DA:75,15
DA:95,1
DA:134,0
DA:142,0
DA:153,2
DA:188,75
DA:191,0
DA:203,1
LF:49
LH:41
BRDA:21,0,0,1
BRDA:21,1,0,3
BRDA:21,1,1,1
BRDA:43,2,0,0
BRDA:66,3,0,0
BRDA:80,4,0,11
BRDA:80,4,1,4
BRDA:92,5,0,15
BRDA:92,5,1,1
BRDA:98,6,0,1
BRDA:98,6,1,0
BRDA:104,7,0,1
BRDA:104,7,1,0
BRDA:104,7,2,0
BRDA:119,8,0,15
BRDA:119,8,1,2
BRDA:184,9,0,0
BRDA:184,9,1,15
BRF:18
BRH:12
end_of_record
