TN:
SF:client/src/_mock_/styleMock.js
FNF:0
FNH:0
DA:1,1
LF:1
LH:1
BRF:0
BRH:0
end_of_record
TN:
SF:client/src/components/filesystem/BasicFileSystem.tsx
FN:30,(anonymous_1)
FN:76,(anonymous_2)
FN:77,(anonymous_3)
FN:78,(anonymous_4)
FN:81,(anonymous_5)
FN:105,(anonymous_6)
FN:110,(anonymous_7)
FN:125,(anonymous_8)
FN:150,(anonymous_9)
FN:151,(anonymous_10)
FN:153,(anonymous_11)
FN:185,(anonymous_12)
FN:193,(anonymous_13)
FN:207,(anonymous_14)
FN:211,(anonymous_15)
FN:219,(anonymous_16)
FN:225,(anonymous_17)
FN:230,(anonymous_18)
FN:245,(anonymous_19)
FN:248,(anonymous_20)
FN:248,(anonymous_21)
FN:259,(anonymous_22)
FN:264,(anonymous_23)
FN:274,(anonymous_24)
FN:279,(anonymous_25)
FN:311,(anonymous_26)
FN:332,(anonymous_27)
FN:341,(anonymous_28)
FN:384,(anonymous_29)
FN:394,(anonymous_30)
FN:406,(anonymous_31)
FN:445,(anonymous_32)
FN:454,(anonymous_33)
FN:461,(anonymous_34)
FN:469,(anonymous_35)
FN:472,(anonymous_36)
FN:478,(anonymous_37)
FN:489,(anonymous_38)
FN:534,(anonymous_39)
FN:547,(anonymous_40)
FN:586,(anonymous_41)
FN:594,(anonymous_42)
FN:625,(anonymous_43)
FN:643,(anonymous_44)
FN:687,(anonymous_45)
FN:711,(anonymous_46)
FN:732,(anonymous_47)
FN:741,(anonymous_48)
FN:743,(anonymous_49)
FN:752,(anonymous_50)
FN:759,(anonymous_51)
FN:821,(anonymous_52)
FN:963,(anonymous_53)
FN:992,(anonymous_54)
FNF:54
FNH:6
FNDA:2,(anonymous_1)
FNDA:0,(anonymous_2)
FNDA:1,(anonymous_3)
FNDA:0,(anonymous_4)
FNDA:1,(anonymous_5)
FNDA:1,(anonymous_6)
FNDA:0,(anonymous_7)
FNDA:0,(anonymous_8)
FNDA:0,(anonymous_9)
FNDA:0,(anonymous_10)
FNDA:0,(anonymous_11)
FNDA:0,(anonymous_12)
FNDA:0,(anonymous_13)
FNDA:0,(anonymous_14)
FNDA:0,(anonymous_15)
FNDA:0,(anonymous_16)
FNDA:0,(anonymous_17)
FNDA:0,(anonymous_18)
FNDA:0,(anonymous_19)
FNDA:0,(anonymous_20)
FNDA:0,(anonymous_21)
FNDA:1,(anonymous_22)
FNDA:0,(anonymous_23)
FNDA:0,(anonymous_24)
FNDA:0,(anonymous_25)
FNDA:0,(anonymous_26)
FNDA:0,(anonymous_27)
FNDA:0,(anonymous_28)
FNDA:0,(anonymous_29)
FNDA:0,(anonymous_30)
FNDA:0,(anonymous_31)
FNDA:0,(anonymous_32)
FNDA:0,(anonymous_33)
FNDA:0,(anonymous_34)
FNDA:0,(anonymous_35)
FNDA:0,(anonymous_36)
FNDA:0,(anonymous_37)
FNDA:0,(anonymous_38)
FNDA:0,(anonymous_39)
FNDA:0,(anonymous_40)
FNDA:0,(anonymous_41)
FNDA:0,(anonymous_42)
FNDA:0,(anonymous_43)
FNDA:0,(anonymous_44)
FNDA:0,(anonymous_45)
FNDA:0,(anonymous_46)
FNDA:0,(anonymous_47)
FNDA:0,(anonymous_48)
FNDA:0,(anonymous_49)
FNDA:2,(anonymous_50)
FNDA:0,(anonymous_51)
FNDA:0,(anonymous_52)
FNDA:0,(anonymous_53)
FNDA:0,(anonymous_54)
DA:1,1
DA:2,1
DA:7,1
DA:9,1
DA:10,1
DA:11,1
DA:12,1
DA:13,1
DA:14,1
DA:16,1
DA:18,1
DA:19,1
DA:20,1
DA:21,1
DA:22,1
DA:24,1
DA:27,1
DA:30,1
DA:31,2
DA:32,2
DA:33,2
DA:34,2
DA:35,2
DA:36,2
DA:37,2
DA:38,2
DA:40,2
DA:41,2
DA:44,2
DA:45,2
DA:48,2
DA:49,2
DA:50,2
DA:52,2
DA:53,2
DA:56,2
DA:57,2
DA:58,2
DA:61,2
DA:62,2
DA:65,2
DA:68,2
DA:72,2
DA:76,2
DA:77,2
DA:78,2
DA:81,2
DA:82,1
DA:83,1
DA:84,1
DA:85,1
DA:86,1
DA:91,0
DA:93,1
DA:94,1
DA:95,1
DA:96,1
DA:98,1
DA:101,1
DA:105,2
DA:106,1
DA:110,2
DA:111,0
DA:112,0
DA:114,0
DA:115,0
DA:116,0
DA:119,0
DA:125,2
DA:129,0
DA:131,0
DA:133,0
DA:134,0
DA:135,0
DA:136,0
DA:137,0
DA:139,0
DA:141,0
DA:142,0
DA:143,0
DA:146,0
DA:149,0
DA:150,0
DA:151,0
DA:152,0
DA:153,0
DA:156,0
DA:157,0
DA:158,0
DA:159,0
DA:162,0
DA:163,0
DA:164,0
DA:169,0
DA:170,0
DA:171,0
DA:172,0
DA:174,0
DA:176,0
DA:177,0
DA:178,0
DA:185,2
DA:187,0
DA:188,0
DA:189,0
DA:190,0
DA:191,0
DA:192,0
DA:193,0
DA:194,0
DA:195,0
DA:196,0
DA:198,0
DA:200,0
DA:201,0
DA:203,0
DA:207,2
DA:208,0
DA:211,2
DA:212,0
DA:213,0
DA:214,0
DA:215,0
DA:219,2
DA:221,0
DA:222,0
DA:223,0
DA:225,0
DA:226,0
DA:230,0
DA:231,0
DA:232,0
DA:233,0
DA:234,0
DA:236,0
DA:237,0
DA:239,0
DA:245,2
DA:246,0
DA:248,0
DA:249,0
DA:250,0
DA:252,0
DA:253,0
DA:259,2
DA:260,1
DA:264,2
DA:265,0
DA:266,0
DA:268,0
DA:269,0
DA:274,2
DA:275,0
DA:279,2
DA:280,0
DA:281,0
DA:283,0
DA:284,0
DA:285,0
DA:286,0
DA:287,0
DA:289,0
DA:290,0
DA:291,0
DA:292,0
DA:294,0
DA:295,0
DA:296,0
DA:299,0
DA:300,0
DA:301,0
DA:303,0
DA:304,0
DA:306,0
DA:307,0
DA:311,2
DA:312,0
DA:314,0
DA:315,0
DA:316,0
DA:317,0
DA:319,0
DA:322,0
DA:323,0
DA:324,0
DA:326,0
DA:332,2
DA:333,0
DA:334,0
DA:335,0
DA:336,0
DA:337,0
DA:341,2
DA:342,0
DA:344,0
DA:345,0
DA:348,0
DA:349,0
DA:350,0
DA:351,0
DA:354,0
DA:355,0
DA:358,0
DA:362,0
DA:363,0
DA:364,0
DA:365,0
DA:366,0
DA:368,0
DA:369,0
DA:370,0
DA:371,0
DA:373,0
DA:374,0
DA:375,0
DA:380,0
DA:384,2
DA:385,0
DA:386,0
DA:387,0
DA:389,0
DA:394,2
DA:395,0
DA:396,0
DA:397,0
DA:399,0
DA:400,0
DA:402,0
DA:406,2
DA:407,0
DA:408,0
DA:409,0
DA:412,0
DA:413,0
DA:414,0
DA:415,0
DA:418,0
DA:419,0
DA:420,0
DA:421,0
DA:425,0
DA:426,0
DA:427,0
DA:428,0
DA:429,0
DA:431,0
DA:433,0
DA:435,0
DA:436,0
DA:437,0
DA:439,0
DA:445,2
DA:446,0
DA:447,0
DA:449,0
DA:454,2
DA:456,0
DA:457,0
DA:458,0
DA:461,2
DA:462,0
DA:463,0
DA:464,0
DA:465,0
DA:469,2
DA:470,0
DA:472,0
DA:473,0
DA:474,0
DA:478,2
DA:479,0
DA:481,0
DA:482,0
DA:483,0
DA:484,0
DA:489,2
DA:490,0
DA:491,0
DA:493,0
DA:494,0
DA:495,0
DA:498,0
DA:499,0
DA:500,0
DA:501,0
DA:505,0
DA:506,0
DA:507,0
DA:508,0
DA:509,0
DA:512,0
DA:515,0
DA:516,0
DA:517,0
DA:518,0
DA:519,0
DA:520,0
DA:522,0
DA:523,0
DA:524,0
DA:526,0
DA:527,0
DA:534,2
DA:535,0
DA:536,0
DA:537,0
DA:538,0
DA:539,0
DA:540,0
DA:542,0
DA:543,0
DA:544,0
DA:547,2
DA:548,0
DA:549,0
DA:550,0
DA:553,0
DA:554,0
DA:556,0
DA:559,0
DA:562,0
DA:565,0
DA:567,0
DA:568,0
DA:569,0
DA:570,0
DA:571,0
DA:572,0
DA:573,0
DA:574,0
DA:576,0
DA:577,0
DA:578,0
DA:579,0
DA:580,0
DA:582,0
DA:586,2
DA:587,0
DA:588,0
DA:589,0
DA:594,2
DA:595,0
DA:596,0
DA:597,0
DA:600,0
DA:601,0
DA:602,0
DA:605,0
DA:606,0
DA:608,0
DA:609,0
DA:610,0
DA:611,0
DA:612,0
DA:613,0
DA:615,0
DA:616,0
DA:617,0
DA:619,0
DA:625,2
DA:626,0
DA:628,0
DA:630,0
DA:631,0
DA:643,2
DA:644,0
DA:645,0
DA:646,0
DA:647,0
DA:650,0
DA:651,0
DA:653,0
DA:655,0
DA:656,0
DA:657,0
DA:658,0
DA:659,0
DA:661,0
DA:662,0
DA:663,0
DA:665,0
DA:670,0
DA:672,0
DA:673,0
DA:674,0
DA:675,0
DA:677,0
DA:678,0
DA:679,0
DA:687,2
DA:688,0
DA:689,0
DA:690,0
DA:693,0
DA:694,0
DA:695,0
DA:696,0
DA:697,0
DA:698,0
DA:700,0
DA:702,0
DA:703,0
DA:705,0
DA:711,2
DA:712,0
DA:713,0
DA:714,0
DA:715,0
DA:718,0
DA:721,0
DA:723,0
DA:728,0
DA:732,2
DA:733,0
DA:734,0
DA:738,2
DA:741,2
DA:743,0
DA:744,0
DA:746,0
DA:747,0
DA:752,2
DA:754,2
DA:755,0
DA:756,0
DA:759,2
DA:761,0
DA:762,0
DA:764,0
DA:766,0
DA:767,0
DA:769,0
DA:770,0
DA:776,0
DA:777,0
DA:778,0
DA:784,0
DA:787,0
DA:788,0
DA:789,0
DA:792,0
DA:793,0
DA:794,0
DA:798,0
DA:799,0
DA:800,0
DA:804,0
DA:806,0
DA:807,0
DA:808,0
DA:809,0
DA:810,0
DA:813,0
DA:815,2
DA:821,2
DA:822,0
DA:823,0
DA:825,0
DA:826,0
DA:827,0
DA:828,0
DA:830,0
DA:831,0
DA:832,0
DA:834,0
DA:839,0
DA:841,0
DA:842,0
DA:843,0
DA:844,0
DA:846,0
DA:847,0
DA:848,0
DA:857,2
DA:964,0
DA:965,0
DA:966,0
DA:992,0
DA:1007,1
LF:479
LH:102
BRDA:94,0,0,1
BRDA:94,0,1,0
BRDA:112,1,0,0
BRDA:129,2,0,0
BRDA:129,2,1,0
BRDA:131,3,0,0
BRDA:141,4,0,0
BRDA:141,5,0,0
BRDA:141,5,1,0
BRDA:156,6,0,0
BRDA:156,6,1,0
BRDA:156,7,0,0
BRDA:156,7,1,0
BRDA:170,8,0,0
BRDA:170,8,1,0
BRDA:187,9,0,0
BRDA:201,10,0,0
BRDA:201,10,1,0
BRDA:212,11,0,0
BRDA:221,12,0,0
BRDA:221,13,0,0
BRDA:221,13,1,0
BRDA:221,13,2,0
BRDA:232,14,0,0
BRDA:232,14,1,0
BRDA:246,15,0,0
BRDA:246,15,1,0
BRDA:265,16,0,0
BRDA:265,16,1,0
BRDA:280,17,0,0
BRDA:281,18,0,0
BRDA:295,19,0,0
BRDA:295,19,1,0
BRDA:303,20,0,0
BRDA:303,20,1,0
BRDA:306,21,0,0
BRDA:312,22,0,0
BRDA:312,23,0,0
BRDA:312,23,1,0
BRDA:323,24,0,0
BRDA:323,24,1,0
BRDA:333,25,0,0
BRDA:342,26,0,0
BRDA:342,27,0,0
BRDA:342,27,1,0
BRDA:349,28,0,0
BRDA:354,29,0,0
BRDA:374,30,0,0
BRDA:374,30,1,0
BRDA:395,31,0,0
BRDA:407,32,0,0
BRDA:419,33,0,0
BRDA:436,34,0,0
BRDA:436,34,1,0
BRDA:464,35,0,0
BRDA:473,36,0,0
BRDA:473,37,0,0
BRDA:473,37,1,0
BRDA:482,38,0,0
BRDA:483,39,0,0
BRDA:493,40,0,0
BRDA:498,41,0,0
BRDA:505,42,0,0
BRDA:523,43,0,0
BRDA:523,43,1,0
BRDA:535,44,0,0
BRDA:539,45,0,0
BRDA:539,45,1,0
BRDA:548,46,0,0
BRDA:548,47,0,0
BRDA:548,47,1,0
BRDA:553,48,0,0
BRDA:562,49,0,0
BRDA:562,49,1,0
BRDA:577,50,0,0
BRDA:577,50,1,0
BRDA:596,51,0,0
BRDA:596,52,0,0
BRDA:596,52,1,0
BRDA:600,53,0,0
BRDA:605,54,0,0
BRDA:605,54,1,0
BRDA:616,55,0,0
BRDA:616,55,1,0
BRDA:628,56,0,0
BRDA:628,57,0,0
BRDA:628,57,1,0
BRDA:644,58,0,0
BRDA:644,58,1,0
BRDA:645,59,0,0
BRDA:651,60,0,0
BRDA:651,60,1,0
BRDA:653,61,0,0
BRDA:653,61,1,0
BRDA:662,62,0,0
BRDA:662,62,1,0
BRDA:678,63,0,0
BRDA:678,63,1,0
BRDA:688,64,0,0
BRDA:688,64,1,0
BRDA:689,65,0,0
BRDA:702,66,0,0
BRDA:702,66,1,0
BRDA:703,67,0,0
BRDA:703,67,1,0
BRDA:712,68,0,0
BRDA:712,68,1,0
BRDA:713,69,0,0
BRDA:713,70,0,0
BRDA:713,70,1,0
BRDA:713,70,2,0
BRDA:721,71,0,0
BRDA:721,71,1,0
BRDA:744,72,0,0
BRDA:744,72,1,0
BRDA:744,73,0,0
BRDA:744,73,1,0
BRDA:747,74,0,0
BRDA:747,74,1,0
BRDA:747,75,0,0
BRDA:747,75,1,0
BRDA:754,76,0,0
BRDA:761,77,0,0
BRDA:761,77,1,0
BRDA:761,77,2,0
BRDA:762,78,0,0
BRDA:762,78,1,0
BRDA:762,78,2,0
BRDA:764,79,0,0
BRDA:764,80,0,0
BRDA:764,80,1,0
BRDA:766,81,0,0
BRDA:767,82,0,0
BRDA:769,83,0,0
BRDA:769,84,0,0
BRDA:769,84,1,0
BRDA:770,85,0,0
BRDA:770,85,1,0
BRDA:776,86,0,0
BRDA:777,87,0,0
BRDA:777,88,0,0
BRDA:777,88,1,0
BRDA:778,89,0,0
BRDA:778,90,0,0
BRDA:778,90,1,0
BRDA:784,91,0,0
BRDA:784,91,1,0
BRDA:784,91,2,0
BRDA:784,91,3,0
BRDA:787,92,0,0
BRDA:787,92,1,0
BRDA:787,93,0,0
BRDA:787,93,1,0
BRDA:788,94,0,0
BRDA:788,94,1,0
BRDA:788,95,0,0
BRDA:788,95,1,0
BRDA:792,96,0,0
BRDA:792,96,1,0
BRDA:793,97,0,0
BRDA:793,97,1,0
BRDA:804,98,0,0
BRDA:804,99,0,0
BRDA:804,99,1,0
BRDA:807,100,0,0
BRDA:807,100,1,0
BRDA:809,101,0,0
BRDA:813,102,0,0
BRDA:813,102,1,0
BRDA:823,103,0,0
BRDA:823,103,1,0
BRDA:831,104,0,0
BRDA:831,104,1,0
BRDA:847,105,0,0
BRDA:847,105,1,0
BRDA:903,106,0,2
BRDA:903,106,1,2
BRDA:903,106,2,1
BRDA:958,107,0,2
BRDA:958,107,1,0
BRDA:970,108,0,0
BRDA:970,108,1,0
BRDA:980,109,0,2
BRDA:980,109,1,0
BRF:184
BRH:6
end_of_record
TN:
SF:client/src/components/filesystem/components/FileListDisplay.tsx
FN:40,(anonymous_1)
FN:73,(anonymous_2)
FN:79,(anonymous_3)
FN:80,(anonymous_4)
FN:83,(anonymous_5)
FN:84,(anonymous_6)
FN:93,(anonymous_7)
FN:98,(anonymous_8)
FN:119,(anonymous_9)
FN:123,(anonymous_10)
FN:127,(anonymous_11)
FN:130,(anonymous_12)
FN:146,(anonymous_13)
FN:164,(anonymous_14)
FN:165,(anonymous_15)
FN:167,(anonymous_16)
FN:170,(anonymous_17)
FN:171,(anonymous_18)
FN:172,(anonymous_19)
FN:173,(anonymous_20)
FN:183,(anonymous_21)
FN:194,(anonymous_22)
FN:195,(anonymous_23)
FN:196,(anonymous_24)
FN:218,(anonymous_25)
FN:221,(anonymous_26)
FNF:26
FNH:3
FNDA:1,(anonymous_1)
FNDA:3,(anonymous_2)
FNDA:0,(anonymous_3)
FNDA:0,(anonymous_4)
FNDA:1,(anonymous_5)
FNDA:0,(anonymous_6)
FNDA:0,(anonymous_7)
FNDA:0,(anonymous_8)
FNDA:0,(anonymous_9)
FNDA:0,(anonymous_10)
FNDA:0,(anonymous_11)
FNDA:0,(anonymous_12)
FNDA:0,(anonymous_13)
FNDA:0,(anonymous_14)
FNDA:0,(anonymous_15)
FNDA:0,(anonymous_16)
FNDA:0,(anonymous_17)
FNDA:0,(anonymous_18)
FNDA:0,(anonymous_19)
FNDA:0,(anonymous_20)
FNDA:0,(anonymous_21)
FNDA:0,(anonymous_22)
FNDA:0,(anonymous_23)
FNDA:0,(anonymous_24)
FNDA:0,(anonymous_25)
FNDA:0,(anonymous_26)
DA:1,1
DA:3,1
DA:4,1
DA:6,1
DA:8,1
DA:40,1
DA:73,1
DA:74,3
DA:75,1
DA:79,1
DA:80,1
DA:83,1
DA:84,1
DA:86,0
DA:87,0
DA:88,0
DA:89,0
DA:92,0
DA:93,0
DA:94,0
DA:98,0
DA:99,0
DA:101,0
DA:102,0
DA:105,0
DA:111,1
DA:119,0
DA:123,0
DA:127,0
DA:130,0
DA:147,0
DA:148,0
DA:149,0
DA:150,0
DA:151,0
DA:153,0
DA:164,0
DA:165,0
DA:167,0
DA:170,0
DA:171,0
DA:172,0
DA:173,0
DA:183,0
DA:194,0
DA:195,0
DA:197,0
DA:198,0
DA:218,0
DA:221,0
DA:236,1
LF:51
LH:15
BRDA:74,0,0,2
BRDA:75,1,0,1
BRDA:75,1,1,0
BRDA:80,2,0,1
BRDA:80,2,1,0
BRDA:84,3,0,0
BRDA:84,4,0,1
BRDA:84,4,1,0
BRDA:87,5,0,0
BRDA:87,5,1,0
BRDA:141,6,0,0
BRDA:141,6,1,1
BRDA:143,7,0,1
BRDA:143,7,1,0
BRDA:151,8,0,0
BRDA:151,8,1,0
BRDA:151,8,2,0
BRDA:159,9,0,0
BRDA:159,9,1,0
BRDA:160,10,0,0
BRDA:160,10,1,0
BRDA:161,11,0,0
BRDA:161,11,1,0
BRDA:162,12,0,0
BRDA:162,12,1,0
BRDA:164,13,0,0
BRDA:164,13,1,0
BRDA:165,14,0,0
BRDA:165,14,1,0
BRDA:167,15,0,0
BRDA:167,15,1,0
BRDA:170,16,0,0
BRDA:170,16,1,0
BRDA:171,17,0,0
BRDA:171,17,1,0
BRDA:172,18,0,0
BRDA:172,18,1,0
BRDA:173,19,0,0
BRDA:173,19,1,0
BRDA:187,20,0,0
BRDA:187,20,1,0
BRDA:190,21,0,0
BRDA:190,21,1,0
BRDA:197,22,0,0
BRDA:198,23,0,0
BRDA:209,24,0,0
BRDA:209,24,1,0
BRDA:215,25,0,0
BRDA:215,25,1,0
BRF:49
BRH:6
end_of_record
TN:
SF:client/src/components/filesystem/components/FilePreviewModal.tsx
FN:12,(anonymous_1)
FN:20,(anonymous_2)
FN:29,(anonymous_3)
FN:40,(anonymous_4)
FN:46,(anonymous_5)
FN:52,(anonymous_6)
FN:55,(anonymous_7)
FN:59,(anonymous_8)
FN:65,(anonymous_9)
FN:69,(anonymous_10)
FN:79,(anonymous_11)
FNF:11
FNH:2
FNDA:0,(anonymous_1)
FNDA:2,(anonymous_2)
FNDA:1,(anonymous_3)
FNDA:0,(anonymous_4)
FNDA:0,(anonymous_5)
FNDA:0,(anonymous_6)
FNDA:0,(anonymous_7)
FNDA:0,(anonymous_8)
FNDA:0,(anonymous_9)
FNDA:0,(anonymous_10)
FNDA:0,(anonymous_11)
DA:1,1
DA:3,1
DA:4,1
DA:12,1
DA:13,0
DA:14,0
DA:20,1
DA:21,2
DA:22,2
DA:23,2
DA:25,2
DA:26,2
DA:29,2
DA:31,1
DA:32,1
DA:33,1
DA:34,1
DA:35,1
DA:37,1
DA:38,0
DA:39,0
DA:41,0
DA:43,0
DA:44,0
DA:45,0
DA:47,0
DA:48,0
DA:50,0
DA:53,0
DA:56,0
DA:57,0
DA:60,0
DA:66,0
DA:67,0
DA:70,0
DA:75,2
DA:76,2
DA:79,0
DA:81,0
DA:82,0
DA:85,0
DA:87,0
DA:88,0
DA:91,0
DA:92,0
DA:102,0
DA:103,0
DA:104,0
DA:106,0
DA:109,0
DA:115,0
DA:124,0
DA:156,1
LF:53
LH:20
BRDA:13,0,0,0
BRDA:14,1,0,0
BRDA:14,1,1,0
BRDA:14,1,2,0
BRDA:14,1,3,0
BRDA:37,2,0,0
BRDA:37,3,0,1
BRDA:37,3,1,0
BRDA:43,4,0,0
BRDA:47,5,0,0
BRDA:75,6,0,2
BRDA:81,7,0,0
BRDA:82,8,0,0
BRDA:82,9,0,0
BRDA:82,9,1,0
BRDA:85,10,0,0
BRDA:87,11,0,0
BRDA:91,12,0,0
BRDA:102,13,0,0
BRDA:103,14,0,0
BRDA:104,15,0,0
BRDA:109,16,0,0
BRDA:117,17,0,0
BRDA:117,17,1,0
BRDA:119,18,0,0
BRDA:119,18,1,0
BRDA:134,19,0,0
BRDA:134,19,1,0
BRDA:134,19,2,0
BRDA:135,20,0,0
BRDA:135,20,1,0
BRDA:136,21,0,0
BRDA:136,21,1,0
BRDA:147,22,0,0
BRDA:147,22,1,0
BRDA:147,22,2,0
BRDA:147,22,3,0
BRF:37
BRH:2
end_of_record
TN:
SF:client/src/components/filesystem/components/Icons.tsx
FN:4,(anonymous_0)
FN:11,(anonymous_1)
FN:25,(anonymous_2)
FN:37,(anonymous_3)
FNF:4
FNH:0
FNDA:0,(anonymous_0)
FNDA:0,(anonymous_1)
FNDA:0,(anonymous_2)
FNDA:0,(anonymous_3)
DA:4,1
DA:5,0
DA:11,1
DA:12,0
DA:25,1
DA:26,0
DA:37,1
DA:38,0
DA:39,0
DA:46,0
LF:10
LH:4
BRDA:38,0,0,0
BRF:1
BRH:0
end_of_record
TN:
SF:client/src/components/filesystem/components/MetadataModal.tsx
FN:32,(anonymous_1)
FN:45,(anonymous_2)
FN:78,(anonymous_3)
FN:97,(anonymous_4)
FN:183,(anonymous_5)
FN:189,(anonymous_6)
FN:195,(anonymous_7)
FN:195,(anonymous_8)
FN:196,(anonymous_9)
FN:196,(anonymous_10)
FN:202,(anonymous_11)
FN:202,(anonymous_12)
FN:237,(anonymous_13)
FN:240,(anonymous_14)
FN:252,(anonymous_15)
FN:274,(anonymous_16)
FN:281,(anonymous_17)
FN:288,(anonymous_18)
FN:295,(anonymous_19)
FN:300,(anonymous_20)
FN:305,(anonymous_21)
FN:310,(anonymous_22)
FN:317,(anonymous_23)
FN:325,(anonymous_24)
FN:332,(anonymous_25)
FN:339,(anonymous_26)
FN:346,(anonymous_27)
FN:356,(anonymous_28)
FN:372,(anonymous_29)
FNF:29
FNH:0
FNDA:0,(anonymous_1)
FNDA:0,(anonymous_2)
FNDA:0,(anonymous_3)
FNDA:0,(anonymous_4)
FNDA:0,(anonymous_5)
FNDA:0,(anonymous_6)
FNDA:0,(anonymous_7)
FNDA:0,(anonymous_8)
FNDA:0,(anonymous_9)
FNDA:0,(anonymous_10)
FNDA:0,(anonymous_11)
FNDA:0,(anonymous_12)
FNDA:0,(anonymous_13)
FNDA:0,(anonymous_14)
FNDA:0,(anonymous_15)
FNDA:0,(anonymous_16)
FNDA:0,(anonymous_17)
FNDA:0,(anonymous_18)
FNDA:0,(anonymous_19)
FNDA:0,(anonymous_20)
FNDA:0,(anonymous_21)
FNDA:0,(anonymous_22)
FNDA:0,(anonymous_23)
FNDA:0,(anonymous_24)
FNDA:0,(anonymous_25)
FNDA:0,(anonymous_26)
FNDA:0,(anonymous_27)
FNDA:0,(anonymous_28)
FNDA:0,(anonymous_29)
DA:1,1
DA:3,1
DA:4,1
DA:17,1
DA:32,1
DA:33,0
DA:34,0
DA:37,0
DA:45,1
DA:55,0
DA:59,0
DA:60,0
DA:61,0
DA:62,0
DA:63,0
DA:64,0
DA:65,0
DA:66,0
DA:67,0
DA:68,0
DA:69,0
DA:70,0
DA:71,0
DA:72,0
DA:73,0
DA:74,0
DA:75,0
DA:78,0
DA:80,0
DA:82,0
DA:83,0
DA:84,0
DA:85,0
DA:86,0
DA:88,0
DA:97,0
DA:98,0
DA:99,0
DA:100,0
DA:102,0
DA:103,0
DA:105,0
DA:106,0
DA:107,0
DA:108,0
DA:109,0
DA:110,0
DA:111,0
DA:112,0
DA:113,0
DA:114,0
DA:115,0
DA:116,0
DA:117,0
DA:118,0
DA:120,0
DA:121,0
DA:122,0
DA:123,0
DA:124,0
DA:125,0
DA:126,0
DA:127,0
DA:128,0
DA:129,0
DA:130,0
DA:131,0
DA:132,0
DA:133,0
DA:137,0
DA:138,0
DA:139,0
DA:140,0
DA:141,0
DA:142,0
DA:143,0
DA:144,0
DA:145,0
DA:146,0
DA:147,0
DA:148,0
DA:149,0
DA:150,0
DA:152,0
DA:154,0
DA:155,0
DA:156,0
DA:157,0
DA:158,0
DA:159,0
DA:160,0
DA:161,0
DA:162,0
DA:163,0
DA:164,0
DA:165,0
DA:166,0
DA:167,0
DA:171,0
DA:172,0
DA:174,0
DA:177,0
DA:178,0
DA:179,0
DA:183,0
DA:184,0
DA:185,0
DA:189,0
DA:190,0
DA:195,0
DA:196,0
DA:202,0
DA:208,0
DA:209,0
DA:210,0
DA:213,0
DA:214,0
DA:215,0
DA:219,0
DA:220,0
DA:222,0
DA:223,0
DA:225,0
DA:227,0
DA:229,0
DA:230,0
DA:234,0
DA:237,0
DA:238,0
DA:240,0
DA:244,0
DA:246,0
DA:252,0
DA:274,0
DA:281,0
DA:288,0
DA:295,0
DA:300,0
DA:305,0
DA:310,0
DA:317,0
DA:325,0
DA:332,0
DA:339,0
DA:346,0
DA:356,0
DA:372,0
DA:399,1
LF:148
LH:7
BRDA:32,0,0,0
BRDA:33,1,0,0
BRDA:33,2,0,0
BRDA:33,2,1,0
BRDA:33,2,2,0
BRDA:55,3,0,0
BRDA:55,3,1,0
BRDA:55,4,0,0
BRDA:55,4,1,0
BRDA:80,5,0,0
BRDA:100,6,0,0
BRDA:100,6,1,0
BRDA:102,7,0,0
BRDA:102,7,1,0
BRDA:105,8,0,0
BRDA:105,8,1,0
BRDA:106,9,0,0
BRDA:106,9,1,0
BRDA:107,10,0,0
BRDA:107,10,1,0
BRDA:108,11,0,0
BRDA:108,11,1,0
BRDA:109,12,0,0
BRDA:109,12,1,0
BRDA:110,13,0,0
BRDA:110,13,1,0
BRDA:111,14,0,0
BRDA:111,14,1,0
BRDA:112,15,0,0
BRDA:112,15,1,0
BRDA:113,16,0,0
BRDA:113,16,1,0
BRDA:114,17,0,0
BRDA:114,17,1,0
BRDA:115,18,0,0
BRDA:115,18,1,0
BRDA:116,19,0,0
BRDA:116,19,1,0
BRDA:117,20,0,0
BRDA:117,20,1,0
BRDA:118,21,0,0
BRDA:118,21,1,0
BRDA:171,22,0,0
BRDA:171,22,1,0
BRDA:184,23,0,0
BRDA:192,24,0,0
BRDA:192,24,1,0
BRDA:193,25,0,0
BRDA:193,25,1,0
BRDA:194,26,0,0
BRDA:194,26,1,0
BRDA:197,27,0,0
BRDA:197,27,1,0
BRDA:198,28,0,0
BRDA:198,28,1,0
BRDA:199,29,0,0
BRDA:199,29,1,0
BRDA:200,30,0,0
BRDA:200,30,1,0
BRDA:201,31,0,0
BRDA:201,31,1,0
BRDA:203,32,0,0
BRDA:203,32,1,0
BRDA:204,33,0,0
BRDA:204,33,1,0
BRDA:208,34,0,0
BRDA:208,35,0,0
BRDA:208,35,1,0
BRDA:213,36,0,0
BRDA:213,37,0,0
BRDA:213,37,1,0
BRDA:213,37,2,0
BRDA:213,37,3,0
BRDA:230,38,0,0
BRDA:230,38,1,0
BRDA:234,39,0,0
BRDA:234,39,1,0
BRDA:244,40,0,0
BRDA:254,41,0,0
BRDA:254,41,1,0
BRDA:366,42,0,0
BRDA:366,42,1,0
BRDA:373,43,0,0
BRDA:373,43,1,0
BRDA:374,44,0,0
BRDA:374,44,1,0
BRDA:376,45,0,0
BRDA:376,45,1,0
BRDA:381,46,0,0
BRDA:381,46,1,0
BRDA:389,47,0,0
BRDA:389,47,1,0
BRDA:389,48,0,0
BRDA:389,48,1,0
BRF:94
BRH:0
end_of_record
TN:
SF:client/src/components/filesystem/components/PropertiesModal.tsx
FN:12,(anonymous_1)
FN:22,(anonymous_2)
FN:31,(anonymous_3)
FN:37,(anonymous_4)
FN:58,(anonymous_5)
FNF:5
FNH:1
FNDA:2,(anonymous_1)
FNDA:0,(anonymous_2)
FNDA:0,(anonymous_3)
FNDA:0,(anonymous_4)
FNDA:0,(anonymous_5)
DA:3,1
DA:12,1
DA:18,2
DA:19,2
DA:22,0
DA:23,0
DA:24,0
DA:25,0
DA:26,0
DA:27,0
DA:28,0
DA:31,0
DA:32,0
DA:35,0
DA:37,0
DA:60,0
DA:72,1
LF:17
LH:5
BRDA:18,0,0,2
BRDA:18,1,0,2
BRDA:18,1,1,2
BRDA:18,1,2,2
BRDA:22,2,0,0
BRDA:23,3,0,0
BRDA:23,4,0,0
BRDA:23,4,1,0
BRDA:25,5,0,0
BRDA:25,5,1,0
BRDA:32,6,0,0
BRDA:32,6,1,0
BRDA:41,7,0,0
BRDA:41,7,1,0
BRDA:42,8,0,0
BRDA:42,8,1,0
BRDA:44,9,0,0
BRDA:44,9,1,0
BRDA:44,9,2,0
BRDA:44,9,3,0
BRDA:48,10,0,0
BRDA:48,10,1,0
BRDA:48,11,0,0
BRDA:48,11,1,0
BRDA:49,12,0,0
BRDA:49,12,1,0
BRDA:52,13,0,0
BRDA:52,13,1,0
BRDA:54,14,0,0
BRDA:54,14,1,0
BRDA:54,14,2,0
BRDA:60,15,0,0
BRDA:60,15,1,0
BRF:33
BRH:4
end_of_record
TN:
SF:client/src/components/filesystem/components/StatusDisplay.tsx
FN:9,(anonymous_1)
FNF:1
FNH:1
FNDA:2,(anonymous_1)
DA:2,1
DA:9,1
DA:10,2
DA:11,0
DA:13,2
DA:14,1
DA:16,1
DA:19,1
LF:8
LH:7
BRDA:10,0,0,0
BRDA:13,1,0,1
BRF:2
BRH:1
end_of_record
TN:
SF:client/src/components/filesystem/components/Toolbar.tsx
FN:40,(anonymous_1)
FNF:1
FNH:1
FNDA:2,(anonymous_1)
DA:2,1
DA:4,1
DA:40,1
DA:62,2
DA:63,2
DA:64,2
DA:66,2
DA:193,1
LF:8
LH:8
BRDA:55,0,0,0
BRDA:56,1,0,0
BRDA:73,2,0,2
BRDA:73,2,1,2
BRDA:82,3,0,2
BRDA:82,3,1,2
BRDA:91,4,0,2
BRDA:91,4,1,2
BRDA:92,5,0,2
BRDA:92,5,1,2
BRDA:99,6,0,2
BRDA:99,6,1,0
BRDA:99,6,2,0
BRDA:112,7,0,0
BRDA:112,7,1,0
BRDA:133,8,0,0
BRDA:133,8,1,0
BRDA:147,9,0,2
BRDA:147,9,1,0
BRDA:147,9,2,0
BRDA:159,10,0,2
BRDA:159,10,1,0
BRDA:183,11,0,2
BRDA:183,11,1,2
BRDA:185,12,0,0
BRDA:185,12,1,2
BRF:26
BRH:14
end_of_record
TN:
SF:client/src/components/filesystem/components/UploadSection.tsx
FN:10,(anonymous_1)
FNF:1
FNH:1
FNDA:2,(anonymous_1)
DA:2,1
DA:10,1
DA:11,2
DA:25,1
LF:4
LH:4
BRDA:18,0,0,2
BRDA:18,0,1,2
BRDA:20,1,0,2
BRDA:20,1,1,0
BRF:4
BRH:3
end_of_record
TN:
SF:client/src/components/filesystem/utils/formatters.ts
FN:7,(anonymous_0)
FN:24,(anonymous_1)
FNF:2
FNH:0
FNDA:0,(anonymous_0)
FNDA:0,(anonymous_1)
DA:7,1
DA:8,0
DA:10,0
DA:11,0
DA:12,0
DA:14,0
DA:16,0
DA:24,1
DA:25,0
DA:27,0
DA:28,0
DA:30,0
DA:31,0
DA:34,0
DA:43,0
DA:44,0
LF:16
LH:2
BRDA:7,0,0,0
BRDA:8,1,0,0
BRDA:8,2,0,0
BRDA:8,2,1,0
BRDA:8,2,2,0
BRDA:11,3,0,0
BRDA:11,3,1,0
BRDA:25,4,0,0
BRDA:28,5,0,0
BRDA:28,5,1,0
BRDA:30,6,0,0
BRF:11
BRH:0
end_of_record
TN:
SF:client/src/components/filesystem/utils/metadataParser.ts
FN:7,(anonymous_0)
FN:8,(anonymous_1)
FN:9,(anonymous_2)
FN:9,(anonymous_3)
FNF:4
FNH:0
FNDA:0,(anonymous_0)
FNDA:0,(anonymous_1)
FNDA:0,(anonymous_2)
FNDA:0,(anonymous_3)
DA:7,1
DA:8,0
DA:9,0
DA:12,0
LF:4
LH:1
BRDA:9,0,0,0
BRDA:9,0,1,0
BRDA:13,1,0,0
BRDA:13,1,1,0
BRDA:14,2,0,0
BRDA:14,2,1,0
BRDA:15,3,0,0
BRDA:15,3,1,0
BRDA:18,4,0,0
BRDA:18,4,1,0
BRDA:19,5,0,0
BRDA:19,5,1,0
BRDA:20,6,0,0
BRDA:20,6,1,0
BRDA:21,7,0,0
BRDA:21,7,1,0
BRDA:22,8,0,0
BRDA:22,8,1,0
BRDA:24,9,0,0
BRDA:24,9,1,0
BRF:20
BRH:0
end_of_record
TN:
SF:client/src/pages/AdminPage.tsx
FN:26,(anonymous_1)
FN:39,(anonymous_2)
FN:45,(anonymous_3)
FN:59,(anonymous_4)
FN:79,(anonymous_5)
FN:105,(anonymous_6)
FN:111,(anonymous_7)
FN:158,(anonymous_8)
FN:166,(anonymous_9)
FN:230,(anonymous_10)
FN:246,(anonymous_11)
FN:435,(anonymous_12)
FN:469,(anonymous_13)
FNF:13
FNH:5
FNDA:5,(anonymous_1)
FNDA:3,(anonymous_2)
FNDA:0,(anonymous_3)
FNDA:0,(anonymous_4)
FNDA:0,(anonymous_5)
FNDA:3,(anonymous_6)
FNDA:0,(anonymous_7)
FNDA:0,(anonymous_8)
FNDA:0,(anonymous_9)
FNDA:2,(anonymous_10)
FNDA:2,(anonymous_11)
FNDA:0,(anonymous_12)
FNDA:0,(anonymous_13)
DA:1,1
DA:2,1
DA:10,1
DA:11,1
DA:14,1
DA:15,1
DA:26,1
DA:27,5
DA:28,5
DA:29,5
DA:31,5
DA:32,5
DA:33,5
DA:34,5
DA:35,5
DA:36,5
DA:37,5
DA:39,5
DA:40,3
DA:41,0
DA:45,5
DA:46,0
DA:47,0
DA:48,0
DA:50,0
DA:54,5
DA:59,5
DA:60,0
DA:61,0
DA:63,0
DA:64,0
DA:65,0
DA:66,0
DA:69,0
DA:70,0
DA:72,0
DA:73,0
DA:75,0
DA:79,5
DA:80,0
DA:81,0
DA:84,0
DA:85,0
DA:86,0
DA:90,0
DA:91,0
DA:95,0
DA:97,0
DA:98,0
DA:100,0
DA:105,5
DA:106,3
DA:107,0
DA:111,5
DA:112,0
DA:113,0
DA:114,0
DA:116,0
DA:117,0
DA:118,0
DA:120,0
DA:122,0
DA:126,0
DA:127,0
DA:129,0
DA:131,0
DA:132,0
DA:134,0
DA:136,0
DA:137,0
DA:139,0
DA:142,0
DA:143,0
DA:146,0
DA:147,0
DA:148,0
DA:152,0
DA:153,0
DA:158,5
DA:159,0
DA:160,0
DA:161,0
DA:162,0
DA:166,5
DA:167,0
DA:170,5
DA:230,2
DA:246,2
DA:436,0
DA:469,0
DA:522,1
LF:91
LH:32
BRDA:40,0,0,0
BRDA:40,1,0,3
BRDA:40,1,1,3
BRDA:46,2,0,0
BRDA:46,2,1,0
BRDA:46,3,0,0
BRDA:46,3,1,0
BRDA:65,4,0,0
BRDA:73,5,0,0
BRDA:73,5,1,0
BRDA:80,6,0,0
BRDA:90,7,0,0
BRDA:98,8,0,0
BRDA:98,8,1,0
BRDA:106,9,0,0
BRDA:106,10,0,3
BRDA:106,10,1,0
BRDA:112,11,0,0
BRDA:126,12,0,0
BRDA:126,12,1,0
BRDA:142,13,0,0
BRDA:147,14,0,0
BRDA:147,14,1,0
BRDA:153,15,0,0
BRDA:153,15,1,0
BRDA:159,16,0,0
BRDA:160,17,0,0
BRDA:161,18,0,0
BRDA:233,19,0,4
BRDA:233,19,1,1
BRDA:234,20,0,4
BRDA:234,20,1,1
BRDA:250,21,0,1
BRDA:250,21,1,4
BRDA:251,22,0,1
BRDA:251,22,1,4
BRDA:264,23,0,5
BRDA:264,23,1,4
BRDA:282,24,0,0
BRDA:282,24,1,4
BRDA:287,25,0,0
BRDA:287,25,1,4
BRDA:302,26,0,0
BRDA:302,26,1,4
BRDA:345,27,0,0
BRDA:345,27,1,4
BRDA:350,28,0,0
BRDA:350,28,1,4
BRDA:357,29,0,4
BRDA:357,29,1,0
BRDA:364,30,0,0
BRDA:364,30,1,0
BRDA:365,31,0,0
BRDA:365,31,1,0
BRDA:376,32,0,5
BRDA:376,32,1,0
BRDA:388,33,0,0
BRDA:388,33,1,0
BRDA:392,34,0,0
BRDA:392,34,1,0
BRDA:416,35,0,0
BRDA:416,35,1,0
BRDA:441,36,0,0
BRDA:441,36,1,0
BRDA:453,37,0,0
BRDA:453,37,1,0
BRDA:504,38,0,5
BRDA:504,38,1,1
BRF:68
BRH:22
end_of_record
TN:
SF:client/src/pages/HomePage.tsx
FN:4,(anonymous_0)
FN:7,(anonymous_1)
FNF:2
FNH:2
FNDA:3,(anonymous_0)
FNDA:2,(anonymous_1)
DA:4,1
DA:7,3
DA:8,2
DA:9,2
DA:10,2
DA:11,2
DA:12,1
DA:13,1
DA:15,1
DA:19,3
DA:80,1
LF:11
LH:11
BRDA:11,0,0,1
BRF:1
BRH:1
end_of_record
